13 [140568169599936] INFO perfrun.launcher <> - Launcher main begin
20 [140568169599936] INFO perfrun.launcher <> - MessageCatalogInit finished
20 [140568169599936] INFO perfrun.launcher <> - Launcher instance created
20 [140568169599936] INFO perfrun.launcher <> - argc = 7; cmdline = /glob/development-tools/versions/oneapi/2023.0.1/oneapi/advisor/2023.0.0/bin64/advixe-runss --ui-output-format xml --ui-output-fd 6 --option-file /home/u187015/about_ACIEPE/pp/code/SYCL/DiscreteCosineTransform/build/src/adv/e000/hs010/config/runss.options 
117 [140568169599936] INFO perfrun.launcher <> - create msngr2::ICliToolContext
117 [140568169599936] INFO perfrun.launcher <> - create file finder object
117 [140568169599936] INFO perfrun.launcher <> - create a result directory: pattern = /home/u187015/about_ACIEPE/pp/code/SYCL/DiscreteCosineTransform/build/src/adv/e000/hs010 pid = 4294967295
123 [140568169599936] INFO perfrun.sdk <> - checked that the directory /home/u187015/about_ACIEPE/pp/code/SYCL/DiscreteCosineTransform/build/src/adv/e000/hs010 is a local directory
123 [140568169599936] INFO perfrun.sdk <> - the directory /home/u187015/about_ACIEPE/pp/code/SYCL/DiscreteCosineTransform/build/src/adv/e000/hs010 is located on a share or its FS ID is unknown 26985
123 [140568169599936] INFO perfrun.sdk <> - checked that the directory /home/u187015/tmp/advixe-tmp-u187015 is a local directory
123 [140568169599936] INFO perfrun.sdk <> - the directory /home/u187015/tmp/advixe-tmp-u187015 is located on a share or its FS ID is unknown 26985
126 [140568169599936] INFO perfrun.launcher <> - create data directory = /home/u187015/about_ACIEPE/pp/code/SYCL/DiscreteCosineTransform/build/src/adv/e000/hs010/data.0
129 [140568169599936] INFO perfrun.launcher <> - Creating the master collection flag
133 [140568169599936] INFO perfrun.launcher <> - Done creating the master collection flag
140 [140568152307456] INFO perfrun.launcher <> - plugin [remoteplug] was disabled because it doesn't support the given collection type.
140 [140568152307456] INFO perfrun.sdk <> - Allocating TMU :/home/u187015/about_ACIEPE/pp/code/SYCL/DiscreteCosineTransform/build/src/adv/e000/hs010/data.0/systemcollector-2110128-s001-n060.sc
143 [140568152307456] INFO perfrun.launcher <> - plugin [] was disabled because it doesn't support the given collection type.
143 [140568152307456] INFO perfrun.launcher <> - plugin [gpu] was disabled because it doesn't support the given collection type.
143 [140568152307456] INFO perfrun.launcher <> - plugin [] was disabled because it doesn't support the given collection type.
143 [140568152307456] INFO perfrun.launcher <> - plugin [] was disabled because it doesn't support the given collection type.
143 [140568152307456] INFO perfrun.launcher <> - plugin [] was disabled because it doesn't support the given collection type.
143 [140568152307456] INFO perfrun.mrte <> - system-wide mode is 0
144 [140568152307456] INFO perfrun.mrte <> - Getting  mrte profiling environment ...
198 [140568152307456] INFO perfrun.mrte <> - INTEL_MRTE_DATA_DIR=/home/u187015/about_ACIEPE/pp/code/SYCL/DiscreteCosineTransform/build/src/adv/e000/hs010/data.0
198 [140568152307456] INFO perfrun.mrte <> - INTEL_MRTE_HOST_NAME=s001-n060
198 [140568152307456] INFO perfrun.mrte <> - JAVA_TOOL_OPTIONS=-agentlib:advixe_tpssmrte_javaprof_1.0 -Dsun.boot.library.path=/glob/development-tools/versions/oneapi/2023.0.1/oneapi/advisor/2023.0.0/lib32/runtime:/glob/development-tools/versions/oneapi/2023.0.1/oneapi/advisor/2023.0.0/lib64/runtime
198 [140568152307456] INFO perfrun.mrte <> - LD_LIBRARY_PATH=/glob/development-tools/versions/oneapi/2023.0.1/oneapi/advisor/2023.0.0/lib32/runtime:/glob/development-tools/versions/oneapi/2023.0.1/oneapi/advisor/2023.0.0/lib64/runtime:/glob/development-tools/versions/oneapi/2023.0.1/oneapi/vpl/2023.0.0/lib:/glob/development-tools/versions/oneapi/2023.0.1/oneapi/tbb/2021.8.0/env/../lib/intel64/gcc4.8:/glob/development-tools/versions/oneapi/2023.0.1/oneapi/rkcommon/1.10.0/lib:/glob/development-tools/versions/oneapi/2023.0.1/oneapi/ospray_studio/0.11.1/lib:/glob/development-tools/versions/oneapi/2023.0.1/oneapi/ospray/2.10.0/lib:/glob/development-tools/versions/oneapi/2023.0.1/oneapi/openvkl/1.3.1/lib:/glob/development-tools/versions/oneapi/2023.0.1/oneapi/oidn/1.4.3/lib:/glob/development-tools/versions/oneapi/2023.0.1/oneapi/mpi/2021.8.0//libfabric/lib:/glob/development-tools/versions/oneapi/2023.0.1/oneapi/mpi/2021.8.0//lib/release:/glob/development-tools/versions/oneapi/2023.0.1/oneapi/mpi/2021.8.0//lib:/glob/development-tools/versions/oneapi/2023.0.1/oneapi/mkl/2023.0.0/lib/intel64:/glob/development-tools/versions/oneapi/2023.0.1/oneapi/itac/2021.8.0/slib:/glob/development-tools/versions/oneapi/2023.0.1/oneapi/ispc/1.18.1/lib/lib64:/glob/development-tools/versions/oneapi/2023.0.1/oneapi/ipp/2021.7.0/lib/intel64:/glob/development-tools/versions/oneapi/2023.0.1/oneapi/ippcp/2021.6.3/lib/intel64:/glob/development-tools/versions/oneapi/2023.0.1/oneapi/ipp/2021.7.0/lib/intel64:/glob/development-tools/versions/oneapi/2023.0.1/oneapi/embree/3.13.5/lib:/glob/development-tools/versions/oneapi/2023.0.1/oneapi/dnnl/2023.0.0/cpu_dpcpp_gpu_dpcpp/lib:/glob/development-tools/versions/oneapi/2023.0.1/oneapi/debugger/2023.0.0/gdb/intel64/lib:/glob/development-tools/versions/oneapi/2023.0.1/oneapi/debugger/2023.0.0/libipt/intel64/lib:/glob/development-tools/versions/oneapi/2023.0.1/oneapi/debugger/2023.0.0/dep/lib:/glob/development-tools/versions/oneapi/2023.0.1/oneapi/dal/2023.0.0/lib/intel64:/glob/development-tools/versions/oneapi/2023.0.1/oneapi/compiler/2023.0.0/linux/lib:/glob/development-tools/versions/oneapi/2023.0.1/oneapi/compiler/2023.0.0/linux/lib/x64:/glob/development-tools/versions/oneapi/2023.0.1/oneapi/compiler/2023.0.0/linux/lib/oclfpga/host/linux64/lib:/glob/development-tools/versions/oneapi/2023.0.1/oneapi/compiler/2023.0.0/linux/compiler/lib/intel64_lin:/glob/development-tools/versions/oneapi/2023.0.1/oneapi/ccl/2021.8.0/lib/cpu_gpu_dpcpp
199 [140568152307456] INFO perfrun.mrte <> - Data directory: /home/u187015/about_ACIEPE/pp/code/SYCL/DiscreteCosineTransform/build/src/adv/e000/hs010/data.0
199 [140568152307456] INFO perfrun.mrte <> - Mrte plugin is initialized
199 [140568152307456] INFO perfrun.launcher <> - plugin [] was disabled because it doesn't support the given collection type.
199 [140568152307456] INFO perfrun.launcher <> - plugin [] was disabled because it doesn't support the given collection type.
199 [140568152307456] INFO perfrun.launcher <> - plugin [] was disabled because it doesn't support the given collection type.
199 [140568152307456] INFO perfrun.launcher <> - plugin [] was disabled because it doesn't support the given collection type.
199 [140568152307456] INFO perfrun.launcher <> - plugin [] was disabled because it doesn't support the given collection type.
199 [140568152307456] INFO perfrun.launcher <> - plugin [] was disabled because it doesn't support the given collection type.
199 [140568152307456] INFO perfrun.launcher <> - plugin [] was disabled because it doesn't support the given collection type.
199 [140568152307456] INFO perfrun.tpss <> - initialize tpss controller
199 [140568152307456] INFO perfrun.tpss <> - configure collection mode: value = cpu:stack
199 [140568152307456] INFO perfrun.tpss <> - default obj-size-min=1024
199 [140568152307456] INFO perfrun.tpss <> - default hash-table-size=0
199 [140568152307456] INFO perfrun.launcher <> - plugin [] was disabled because it doesn't support the given collection type.
199 [140568152307456] INFO perfrun.launcher <> - plugin [] was disabled because it doesn't support the given collection type.
199 [140568152307456] INFO perfrun.launcher <> - plugin [] was disabled because it doesn't support the given collection type.
199 [140568152307456] INFO perfrun.launcher <> - plugin [] was disabled because it doesn't support the given collection type.
199 [140568152307456] INFO perfrun.launcher <> - plugin [] was disabled because it doesn't support the given collection type.
199 [140568152307456] INFO perfrun.launcher <> - plugin [] was disabled because it doesn't support the given collection type.
199 [140568152307456] INFO perfrun.launcher <> - plugin [] was disabled because it doesn't support the given collection type.
199 [140568152307456] INFO perfrun.launcher <> - plugin [] was disabled because it doesn't support the given collection type.
199 [140568152307456] INFO perfrun.launcher <> - plugin [] was disabled because it doesn't support the given collection type.
199 [140568169599936] INFO perfrun.launcher <> - set environment variable: LD_LIBRARY_PATH = /glob/development-tools/versions/oneapi/2023.0.1/oneapi/advisor/2023.0.0/lib32/runtime:/glob/development-tools/versions/oneapi/2023.0.1/oneapi/advisor/2023.0.0/lib64/runtime:/glob/development-tools/versions/oneapi/2023.0.1/oneapi/vpl/2023.0.0/lib:/glob/development-tools/versions/oneapi/2023.0.1/oneapi/tbb/2021.8.0/env/../lib/intel64/gcc4.8:/glob/development-tools/versions/oneapi/2023.0.1/oneapi/rkcommon/1.10.0/lib:/glob/development-tools/versions/oneapi/2023.0.1/oneapi/ospray_studio/0.11.1/lib:/glob/development-tools/versions/oneapi/2023.0.1/oneapi/ospray/2.10.0/lib:/glob/development-tools/versions/oneapi/2023.0.1/oneapi/openvkl/1.3.1/lib:/glob/development-tools/versions/oneapi/2023.0.1/oneapi/oidn/1.4.3/lib:/glob/development-tools/versions/oneapi/2023.0.1/oneapi/mpi/2021.8.0//libfabric/lib:/glob/development-tools/versions/oneapi/2023.0.1/oneapi/mpi/2021.8.0//lib/release:/glob/development-tools/versions/oneapi/2023.0.1/oneapi/mpi/2021.8.0//lib:/glob/development-tools/versions/oneapi/2023.0.1/oneapi/mkl/2023.0.0/lib/intel64:/glob/development-tools/versions/oneapi/2023.0.1/oneapi/itac/2021.8.0/slib:/glob/development-tools/versions/oneapi/2023.0.1/oneapi/ispc/1.18.1/lib/lib64:/glob/development-tools/versions/oneapi/2023.0.1/oneapi/ipp/2021.7.0/lib/intel64:/glob/development-tools/versions/oneapi/2023.0.1/oneapi/ippcp/2021.6.3/lib/intel64:/glob/development-tools/versions/oneapi/2023.0.1/oneapi/ipp/2021.7.0/lib/intel64:/glob/development-tools/versions/oneapi/2023.0.1/oneapi/embree/3.13.5/lib:/glob/development-tools/versions/oneapi/2023.0.1/oneapi/dnnl/2023.0.0/cpu_dpcpp_gpu_dpcpp/lib:/glob/development-tools/versions/oneapi/2023.0.1/oneapi/debugger/2023.0.0/gdb/intel64/lib:/glob/development-tools/versions/oneapi/2023.0.1/oneapi/debugger/2023.0.0/libipt/intel64/lib:/glob/development-tools/versions/oneapi/2023.0.1/oneapi/debugger/2023.0.0/dep/lib:/glob/development-tools/versions/oneapi/2023.0.1/oneapi/dal/2023.0.0/lib/intel64:/glob/development-tools/versions/oneapi/2023.0.1/oneapi/compiler/2023.0.0/linux/lib:/glob/development-tools/versions/oneapi/2023.0.1/oneapi/compiler/2023.0.0/linux/lib/x64:/glob/development-tools/versions/oneapi/2023.0.1/oneapi/compiler/2023.0.0/linux/lib/oclfpga/host/linux64/lib:/glob/development-tools/versions/oneapi/2023.0.1/oneapi/compiler/2023.0.0/linux/compiler/lib/intel64_lin:/glob/development-tools/versions/oneapi/2023.0.1/oneapi/ccl/2021.8.0/lib/cpu_gpu_dpcpp
199 [140568169599936] INFO perfrun.launcher <> - set environment variable: INTEL_LIBITTNOTIFY32 = /glob/development-tools/versions/oneapi/2023.0.1/oneapi/advisor/2023.0.0/lib32/runtime/libittnotify_collector.so
199 [140568169599936] INFO perfrun.launcher <> - set environment variable: INTEL_LIBITTNOTIFY64 = /glob/development-tools/versions/oneapi/2023.0.1/oneapi/advisor/2023.0.0/lib64/runtime/libittnotify_collector.so
199 [140568169599936] INFO perfrun.launcher <> - set environment variable: INTEL_ITTNOTIFY_GROUPS = 
199 [140568169599936] INFO perfrun.launcher <> - set environment variable: INTEL_JIT_PROFILER32 = /glob/development-tools/versions/oneapi/2023.0.1/oneapi/advisor/2023.0.0/lib32/runtime/libittnotify_collector.so
200 [140568169599936] INFO perfrun.launcher <> - set environment variable: INTEL_JIT_PROFILER64 = /glob/development-tools/versions/oneapi/2023.0.1/oneapi/advisor/2023.0.0/lib64/runtime/libittnotify_collector.so
200 [140568169599936] INFO perfrun.launcher <> - set environment variable: OMP_TOOL_LIBRARIES = /glob/development-tools/versions/oneapi/2023.0.1/oneapi/advisor/2023.0.0/lib32/runtime/libittnotify_collector.so:/glob/development-tools/versions/oneapi/2023.0.1/oneapi/advisor/2023.0.0/lib64/runtime/libittnotify_collector.so
200 [140568169599936] INFO perfrun.launcher <> - set environment variable: ENABLE_JITPROFILING = 1
200 [140568169599936] INFO perfrun.launcher <> - set environment variable: CL_CONFIG_USE_VTUNE = True
200 [140568169599936] INFO perfrun.launcher <> - set environment variable: KMP_FORKJOIN_FRAMES = 0
200 [140568169599936] INFO perfrun.launcher <> - set environment variable: KMP_FORKJOIN_FRAMES_MODE = 0
200 [140568169599936] INFO perfrun.launcher <> - set environment variable: OMP_TOOL = disabled
200 [140568169599936] INFO perfrun.launcher <> - set environment variable: INTEL_MRTE_DATA_DIR = /home/u187015/about_ACIEPE/pp/code/SYCL/DiscreteCosineTransform/build/src/adv/e000/hs010/data.0
200 [140568169599936] INFO perfrun.launcher <> - set environment variable: INTEL_MRTE_HOST_NAME = s001-n060
200 [140568169599936] INFO perfrun.launcher <> - set environment variable: JAVA_TOOL_OPTIONS = -agentlib:advixe_tpssmrte_javaprof_1.0 -Dsun.boot.library.path=/glob/development-tools/versions/oneapi/2023.0.1/oneapi/advisor/2023.0.0/lib32/runtime:/glob/development-tools/versions/oneapi/2023.0.1/oneapi/advisor/2023.0.0/lib64/runtime
200 [140568169599936] INFO perfrun.launcher <> - set environment variable: LD_LIBRARY_PATH = /glob/development-tools/versions/oneapi/2023.0.1/oneapi/advisor/2023.0.0/lib32/runtime:/glob/development-tools/versions/oneapi/2023.0.1/oneapi/advisor/2023.0.0/lib64/runtime:/glob/development-tools/versions/oneapi/2023.0.1/oneapi/vpl/2023.0.0/lib:/glob/development-tools/versions/oneapi/2023.0.1/oneapi/tbb/2021.8.0/env/../lib/intel64/gcc4.8:/glob/development-tools/versions/oneapi/2023.0.1/oneapi/rkcommon/1.10.0/lib:/glob/development-tools/versions/oneapi/2023.0.1/oneapi/ospray_studio/0.11.1/lib:/glob/development-tools/versions/oneapi/2023.0.1/oneapi/ospray/2.10.0/lib:/glob/development-tools/versions/oneapi/2023.0.1/oneapi/openvkl/1.3.1/lib:/glob/development-tools/versions/oneapi/2023.0.1/oneapi/oidn/1.4.3/lib:/glob/development-tools/versions/oneapi/2023.0.1/oneapi/mpi/2021.8.0//libfabric/lib:/glob/development-tools/versions/oneapi/2023.0.1/oneapi/mpi/2021.8.0//lib/release:/glob/development-tools/versions/oneapi/2023.0.1/oneapi/mpi/2021.8.0//lib:/glob/development-tools/versions/oneapi/2023.0.1/oneapi/mkl/2023.0.0/lib/intel64:/glob/development-tools/versions/oneapi/2023.0.1/oneapi/itac/2021.8.0/slib:/glob/development-tools/versions/oneapi/2023.0.1/oneapi/ispc/1.18.1/lib/lib64:/glob/development-tools/versions/oneapi/2023.0.1/oneapi/ipp/2021.7.0/lib/intel64:/glob/development-tools/versions/oneapi/2023.0.1/oneapi/ippcp/2021.6.3/lib/intel64:/glob/development-tools/versions/oneapi/2023.0.1/oneapi/ipp/2021.7.0/lib/intel64:/glob/development-tools/versions/oneapi/2023.0.1/oneapi/embree/3.13.5/lib:/glob/development-tools/versions/oneapi/2023.0.1/oneapi/dnnl/2023.0.0/cpu_dpcpp_gpu_dpcpp/lib:/glob/development-tools/versions/oneapi/2023.0.1/oneapi/debugger/2023.0.0/gdb/intel64/lib:/glob/development-tools/versions/oneapi/2023.0.1/oneapi/debugger/2023.0.0/libipt/intel64/lib:/glob/development-tools/versions/oneapi/2023.0.1/oneapi/debugger/2023.0.0/dep/lib:/glob/development-tools/versions/oneapi/2023.0.1/oneapi/dal/2023.0.0/lib/intel64:/glob/development-tools/versions/oneapi/2023.0.1/oneapi/compiler/2023.0.0/linux/lib:/glob/development-tools/versions/oneapi/2023.0.1/oneapi/compiler/2023.0.0/linux/lib/x64:/glob/development-tools/versions/oneapi/2023.0.1/oneapi/compiler/2023.0.0/linux/lib/oclfpga/host/linux64/lib:/glob/development-tools/versions/oneapi/2023.0.1/oneapi/compiler/2023.0.0/linux/compiler/lib/intel64_lin:/glob/development-tools/versions/oneapi/2023.0.1/oneapi/ccl/2021.8.0/lib/cpu_gpu_dpcpp
200 [140568169599936] INFO perfrun.launcher <> - RpcServer: run RPC server to handle requests
203 [140568169599936] INFO perfrun.launcher <> - Launcher: command line to start before modification = ./dct willyriver.bmp willyriver_processed.bmp
204 [140568169599936] INFO perfrun.launcher <> - Launcher: command line to start after modification = /glob/development-tools/versions/oneapi/2023.0.1/oneapi/advisor/2023.0.0/bin64/pin -error_file /home/u187015/about_ACIEPE/pp/code/SYCL/DiscreteCosineTransform/build/src/adv/e000/hs010/data.0/pinerr.tpsslog -detach_reattach -follow_execv -tool_load_option deepbind -t64 /glob/development-tools/versions/oneapi/2023.0.1/oneapi/advisor/2023.0.0/lib64/libtpsstool.so -t /glob/development-tools/versions/oneapi/2023.0.1/oneapi/advisor/2023.0.0/lib32/libtpsstool.so -server_name tpss_ipc.2110128 -prd_dir /glob/development-tools/versions/oneapi/2023.0.1/oneapi/advisor/2023.0.0 -- ./dct willyriver.bmp willyriver_processed.bmp
204 [140568169599936] INFO perfrun.launcher <> - ProcessCreator object was created
205 [140568169599936] INFO perfrun.launcher <> - Launcher: the process was started in suspend mode
213 [140568152307456] WARN perfrun.system <> - Could not do anything with /sys/kernel/debug/kvm: boost::filesystem::status: Permission denied: "/sys/kernel/debug/kvm", at file: vcs/perfrun1/plugins/system/src/trace_writer.cpp:787
213 [140568152307456] WARN perfrun.system <> - Folder "/var/run/libvirt/qemu/"doesn't exist, at file: vcs/perfrun1/plugins/system/src/trace_writer.cpp:800
219 [140568152307456] WARN perfrun.sdk <> - SEP tool is not available, at file: vcs/perfrun1/plugins/pluginsdk/src/device_mapper.cpp:590
219 [140568152307456] WARN perfrun.sdk <> - SEP driver is not available, at file: vcs/perfrun1/plugins/pluginsdk/src/device_mapper.cpp:745
219 [140568152307456] WARN perfrun.sdk <> - amplxe-perf tool is not available, at file: vcs/perfrun1/plugins/pluginsdk/src/device_mapper.cpp:606
219 [140568152307456] WARN perfrun.sdk <> - Device mapping through perf is not available on current kernel, at file: vcs/perfrun1/plugins/pluginsdk/src/device_mapper.cpp:943
225 [140568152307456] WARN perfrun.sdk <> - SEP tool is not available, at file: vcs/perfrun1/plugins/pluginsdk/src/device_mapper.cpp:590
225 [140568152307456] WARN perfrun.sdk <> - SEP driver is not available, at file: vcs/perfrun1/plugins/pluginsdk/src/device_mapper.cpp:745
225 [140568152307456] WARN perfrun.sdk <> - Failed to find xl binary on any of the system paths: /bin, /sbin, /usr/bin, /usr/sbin., at file: vcs/perfrun1/sdk/src/utils.cpp:204
237 [140568152307456] INFO perfrun.vdso <> - Helper runtool '/glob/development-tools/versions/oneapi/2023.0.1/oneapi/advisor/2023.0.0/bin32/advixe-runss -dump-vdso -r /home/u187015/about_ACIEPE/pp/code/SYCL/DiscreteCosineTransform/build/src/adv/e000/hs010 --tmp-dir /home/u187015/tmp/advixe-tmp-u187015' returned 1
403 [140568152307456] INFO perfrun.vdso <> - Helper runtool '/glob/development-tools/versions/oneapi/2023.0.1/oneapi/advisor/2023.0.0/bin64/advixe-runss -dump-vdso -r /home/u187015/about_ACIEPE/pp/code/SYCL/DiscreteCosineTransform/build/src/adv/e000/hs010 --tmp-dir /home/u187015/tmp/advixe-tmp-u187015' returned 0
403 [140568152307456] INFO perfrun.itt <> - start itt controller for pid #2110133
403 [140568152307456] INFO perfrun.tpss <> - start tpss controller for pid #2110133
455 [140568169599936] INFO perfrun.launcher <> - Launcher: all plugins were started
455 [140568169599936] INFO perfrun.launcher <> - DirectoryMonitor object was created
455 [140568169599936] INFO perfrun.launcher <> - DirectoryMonitor: a callback was added
455 [140568169599936] INFO perfrun.launcher <> - DirectoryMonitor was started with pingTime = 1000
455 [140568169599936] INFO perfrun.launcher <> - DeadlineTimer is going to be constructed
455 [140568169599936] INFO perfrun.launcher <> - DeadlineTimer: a callback was added
465 [140568169599936] INFO perfrun.launcher <> - Launcher: resume the profiled application and  wait its termination or stop command
9996 [140568169599936] INFO perfrun.launcher <> - Launcher: the profiled application was terminated  with exit code = 0
10047 [140568152307456] INFO perfrun.itt <> - detach itt controller
10047 [140568152307456] INFO perfrun.itt <> - detach itt controller done
10047 [140568152307456] INFO perfrun.tpss <> - stop tpss controller
10054 [140568152307456] INFO perfrun.sdk <> - De-allocating TMU: /home/u187015/about_ACIEPE/pp/code/SYCL/DiscreteCosineTransform/build/src/adv/e000/hs010/data.0/systemcollector-2110128-s001-n060.sc
10054 [140568152307456] INFO perfrun.system <> - closed the system trace file: /home/u187015/about_ACIEPE/pp/code/SYCL/DiscreteCosineTransform/build/src/adv/e000/hs010/data.0/systemcollector-2110128-s001-n060.sc
10054 [140568169599936] INFO perfrun.launcher <> - Launcher: all plugins were stopped.
10054 [140568169599936] INFO perfrun.launcher <> - DeadlineTimer is going to be destroyed
10054 [140568169599936] INFO perfrun.launcher <> - DeadlineTimer was destroyed
10054 [140568169599936] INFO perfrun.launcher <> - DirectoryMonitor object was destroyed
10054 [140568169599936] WARN perfrun.launcher <> - Stop command is ignored because it is received when collection is already stopped, at file: vcs/perfrun1/launcher/src/command_handler.cpp:226
10063 [140568169599936] INFO perfrun.launcher <> - Application exit code: 0
10063 [140568169599936] INFO perfrun.launcher <> - Exit code: 0
