12 [140172781523904] INFO perfrun.launcher <> - Launcher main begin
19 [140172781523904] INFO perfrun.launcher <> - MessageCatalogInit finished
19 [140172781523904] INFO perfrun.launcher <> - Launcher instance created
19 [140172781523904] INFO perfrun.launcher <> - argc = 6; cmdline = /glob/development-tools/versions/oneapi/2023.0.1/oneapi/advisor/2023.0.0/bin64/advixe-runss -dump-vdso -r /home/u187015/about_ACIEPE/pp/code/SYCL/DiscreteCosineTransform/build/src/adv/e000/hs010 --tmp-dir /home/u187015/tmp/advixe-tmp-u187015 
110 [140172781523904] INFO perfrun.launcher <> - create msngr2::ICliToolContext
110 [140172781523904] INFO perfrun.launcher <> - create file finder object
117 [140172764231424] INFO perfrun.launcher <> - plugin [remoteplug] was disabled because it doesn't support the given collection type.
117 [140172764231424] INFO perfrun.launcher <> - plugin [system] was disabled because it doesn't support the given collection type.
117 [140172764231424] INFO perfrun.vdso <> - dumping [vdso] pseudomodule
129 [140172764231424] INFO perfrun.launcher <> - plugin [itt] was disabled because it doesn't support the given collection type.
129 [140172764231424] INFO perfrun.launcher <> - plugin [] was disabled because it doesn't support the given collection type.
129 [140172764231424] INFO perfrun.launcher <> - plugin [gpu] was disabled because it doesn't support the given collection type.
129 [140172764231424] INFO perfrun.launcher <> - plugin [] was disabled because it doesn't support the given collection type.
129 [140172764231424] INFO perfrun.launcher <> - plugin [] was disabled because it doesn't support the given collection type.
129 [140172764231424] INFO perfrun.launcher <> - plugin [] was disabled because it doesn't support the given collection type.
129 [140172764231424] INFO perfrun.launcher <> - plugin [mrte] was disabled because it doesn't support the given collection type.
129 [140172764231424] INFO perfrun.launcher <> - plugin [] was disabled because it doesn't support the given collection type.
129 [140172764231424] INFO perfrun.launcher <> - plugin [] was disabled because it doesn't support the given collection type.
129 [140172764231424] INFO perfrun.launcher <> - plugin [] was disabled because it doesn't support the given collection type.
129 [140172764231424] INFO perfrun.launcher <> - plugin [] was disabled because it doesn't support the given collection type.
129 [140172764231424] INFO perfrun.launcher <> - plugin [] was disabled because it doesn't support the given collection type.
129 [140172764231424] INFO perfrun.launcher <> - plugin [] was disabled because it doesn't support the given collection type.
129 [140172764231424] INFO perfrun.launcher <> - plugin [] was disabled because it doesn't support the given collection type.
129 [140172764231424] INFO perfrun.launcher <> - plugin [tpss] was disabled because it doesn't support the given collection type.
129 [140172764231424] INFO perfrun.launcher <> - plugin [] was disabled because it doesn't support the given collection type.
129 [140172764231424] INFO perfrun.launcher <> - plugin [] was disabled because it doesn't support the given collection type.
129 [140172764231424] INFO perfrun.launcher <> - plugin [] was disabled because it doesn't support the given collection type.
129 [140172764231424] INFO perfrun.launcher <> - plugin [] was disabled because it doesn't support the given collection type.
129 [140172764231424] INFO perfrun.launcher <> - plugin [] was disabled because it doesn't support the given collection type.
129 [140172764231424] INFO perfrun.launcher <> - plugin [] was disabled because it doesn't support the given collection type.
129 [140172764231424] INFO perfrun.launcher <> - plugin [] was disabled because it doesn't support the given collection type.
129 [140172764231424] INFO perfrun.launcher <> - plugin [] was disabled because it doesn't support the given collection type.
129 [140172764231424] INFO perfrun.launcher <> - plugin [] was disabled because it doesn't support the given collection type.
129 [140172781523904] INFO perfrun.launcher <> - Application exit code: 0
129 [140172781523904] INFO perfrun.launcher <> - Exit code: 0
