The system is: Linux - 5.15.0-52-generic - x86_64
Compiling the C compiler identification source file "CMakeCCompilerId.c" succeeded.
Compiler: /usr/bin/cc 
Build flags: 
Id flags:  

The output was:
0


Compilation of the C compiler identification source "CMakeCCompilerId.c" produced "a.out"

The C compiler identification is GNU, found in "/home/u187015/about_ACIEPE/pp/code/SYCL/mandelbrot/build/CMakeFiles/3.16.3/CompilerIdC/a.out"

Compiling the CXX compiler identification source file "CMakeCXXCompilerId.cpp" succeeded.
Compiler: /glob/development-tools/versions/oneapi/2023.0.1/oneapi/compiler/2023.0.0/linux/bin/icpx 
Build flags: 
Id flags:  

The output was:
0


Compilation of the CXX compiler identification source "CMakeCXXCompilerId.cpp" produced "a.out"

The CXX compiler identification is Clang, found in "/home/u187015/about_ACIEPE/pp/code/SYCL/mandelbrot/build/CMakeFiles/3.16.3/CompilerIdCXX/a.out"

Determining if the C compiler works passed with the following output:
Change Dir: /home/u187015/about_ACIEPE/pp/code/SYCL/mandelbrot/build/CMakeFiles/CMakeTmp

Run Build Command(s):/usr/bin/make cmTC_c08f1/fast && /usr/bin/make -f CMakeFiles/cmTC_c08f1.dir/build.make CMakeFiles/cmTC_c08f1.dir/build
make[1]: Entering directory '/home/u187015/about_ACIEPE/pp/code/SYCL/mandelbrot/build/CMakeFiles/CMakeTmp'
Building C object CMakeFiles/cmTC_c08f1.dir/testCCompiler.c.o
/usr/bin/cc    -o CMakeFiles/cmTC_c08f1.dir/testCCompiler.c.o   -c /home/u187015/about_ACIEPE/pp/code/SYCL/mandelbrot/build/CMakeFiles/CMakeTmp/testCCompiler.c
Linking C executable cmTC_c08f1
/usr/bin/cmake -E cmake_link_script CMakeFiles/cmTC_c08f1.dir/link.txt --verbose=1
/usr/bin/cc      CMakeFiles/cmTC_c08f1.dir/testCCompiler.c.o  -o cmTC_c08f1 
make[1]: Leaving directory '/home/u187015/about_ACIEPE/pp/code/SYCL/mandelbrot/build/CMakeFiles/CMakeTmp'



Detecting C compiler ABI info compiled with the following output:
Change Dir: /home/u187015/about_ACIEPE/pp/code/SYCL/mandelbrot/build/CMakeFiles/CMakeTmp

Run Build Command(s):/usr/bin/make cmTC_917bc/fast && /usr/bin/make -f CMakeFiles/cmTC_917bc.dir/build.make CMakeFiles/cmTC_917bc.dir/build
make[1]: Entering directory '/home/u187015/about_ACIEPE/pp/code/SYCL/mandelbrot/build/CMakeFiles/CMakeTmp'
Building C object CMakeFiles/cmTC_917bc.dir/CMakeCCompilerABI.c.o
/usr/bin/cc   -v -o CMakeFiles/cmTC_917bc.dir/CMakeCCompilerABI.c.o   -c /usr/share/cmake-3.16/Modules/CMakeCCompilerABI.c
Using built-in specs.
COLLECT_GCC=/usr/bin/cc
OFFLOAD_TARGET_NAMES=nvptx-none:hsa
OFFLOAD_TARGET_DEFAULT=1
Target: x86_64-linux-gnu
Configured with: ../src/configure -v --with-pkgversion='Ubuntu 9.4.0-1ubuntu1~20.04.1' --with-bugurl=file:///usr/share/doc/gcc-9/README.Bugs --enable-languages=c,ada,c++,go,brig,d,fortran,objc,obj-c++,gm2 --prefix=/usr --with-gcc-major-version-only --program-suffix=-9 --program-prefix=x86_64-linux-gnu- --enable-shared --enable-linker-build-id --libexecdir=/usr/lib --without-included-gettext --enable-threads=posix --libdir=/usr/lib --enable-nls --enable-clocale=gnu --enable-libstdcxx-debug --enable-libstdcxx-time=yes --with-default-libstdcxx-abi=new --enable-gnu-unique-object --disable-vtable-verify --enable-plugin --enable-default-pie --with-system-zlib --with-target-system-zlib=auto --enable-objc-gc=auto --enable-multiarch --disable-werror --with-arch-32=i686 --with-abi=m64 --with-multilib-list=m32,m64,mx32 --enable-multilib --with-tune=generic --enable-offload-targets=nvptx-none=/build/gcc-9-Av3uEd/gcc-9-9.4.0/debian/tmp-nvptx/usr,hsa --without-cuda-driver --enable-checking=release --build=x86_64-linux-gnu --host=x86_64-linux-gnu --target=x86_64-linux-gnu
Thread model: posix
gcc version 9.4.0 (Ubuntu 9.4.0-1ubuntu1~20.04.1) 
COLLECT_GCC_OPTIONS='-v' '-o' 'CMakeFiles/cmTC_917bc.dir/CMakeCCompilerABI.c.o' '-c' '-mtune=generic' '-march=x86-64'
 /usr/lib/gcc/x86_64-linux-gnu/9/cc1 -quiet -v -imultiarch x86_64-linux-gnu /usr/share/cmake-3.16/Modules/CMakeCCompilerABI.c -quiet -dumpbase CMakeCCompilerABI.c -mtune=generic -march=x86-64 -auxbase-strip CMakeFiles/cmTC_917bc.dir/CMakeCCompilerABI.c.o -version -fasynchronous-unwind-tables -fstack-protector-strong -Wformat -Wformat-security -fstack-clash-protection -fcf-protection -o /home/u187015/tmp/cc78AmHP.s
GNU C17 (Ubuntu 9.4.0-1ubuntu1~20.04.1) version 9.4.0 (x86_64-linux-gnu)
	compiled by GNU C version 9.4.0, GMP version 6.2.0, MPFR version 4.0.2, MPC version 1.1.0, isl version isl-0.22.1-GMP

GGC heuristics: --param ggc-min-expand=100 --param ggc-min-heapsize=131072
ignoring nonexistent directory "/usr/local/include/x86_64-linux-gnu"
ignoring nonexistent directory "/usr/lib/gcc/x86_64-linux-gnu/9/include-fixed"
ignoring nonexistent directory "/usr/lib/gcc/x86_64-linux-gnu/9/../../../../x86_64-linux-gnu/include"
ignoring duplicate directory "/glob/development-tools/versions/oneapi/2023.0.1/oneapi/ipp/2021.7.0/include"
#include "..." search starts here:
#include <...> search starts here:
 /glob/development-tools/versions/oneapi/2023.0.1/oneapi/vpl/2023.0.0/include
 /glob/development-tools/versions/oneapi/2023.0.1/oneapi/tbb/2021.8.0/env/../include
 /glob/development-tools/versions/oneapi/2023.0.1/oneapi/mpi/2021.8.0//include
 /glob/development-tools/versions/oneapi/2023.0.1/oneapi/mkl/2023.0.0/include
 /glob/development-tools/versions/oneapi/2023.0.1/oneapi/ipp/2021.7.0/include
 /glob/development-tools/versions/oneapi/2023.0.1/oneapi/ippcp/2021.6.3/include
 /glob/development-tools/versions/oneapi/2023.0.1/oneapi/dpl/2022.0.0/linux/include
 /glob/development-tools/versions/oneapi/2023.0.1/oneapi/dpcpp-ct/2023.0.0/include
 /glob/development-tools/versions/oneapi/2023.0.1/oneapi/dnnl/2023.0.0/cpu_dpcpp_gpu_dpcpp/include
 /glob/development-tools/versions/oneapi/2023.0.1/oneapi/dev-utilities/2021.8.0/include
 /glob/development-tools/versions/oneapi/2023.0.1/oneapi/dal/2023.0.0/include
 /glob/development-tools/versions/oneapi/2023.0.1/oneapi/ccl/2021.8.0/include/cpu_gpu_dpcpp
 /usr/lib/gcc/x86_64-linux-gnu/9/include
 /usr/local/include
 /usr/include/x86_64-linux-gnu
 /usr/include
End of search list.
GNU C17 (Ubuntu 9.4.0-1ubuntu1~20.04.1) version 9.4.0 (x86_64-linux-gnu)
	compiled by GNU C version 9.4.0, GMP version 6.2.0, MPFR version 4.0.2, MPC version 1.1.0, isl version isl-0.22.1-GMP

GGC heuristics: --param ggc-min-expand=100 --param ggc-min-heapsize=131072
Compiler executable checksum: c0c95c0b4209efec1c1892d5ff24030b
COLLECT_GCC_OPTIONS='-v' '-o' 'CMakeFiles/cmTC_917bc.dir/CMakeCCompilerABI.c.o' '-c' '-mtune=generic' '-march=x86-64'
 as -v --64 -o CMakeFiles/cmTC_917bc.dir/CMakeCCompilerABI.c.o /home/u187015/tmp/cc78AmHP.s
GNU assembler version 2.34 (x86_64-linux-gnu) using BFD version (GNU Binutils for Ubuntu) 2.34
COMPILER_PATH=/usr/lib/gcc/x86_64-linux-gnu/9/:/usr/lib/gcc/x86_64-linux-gnu/9/:/usr/lib/gcc/x86_64-linux-gnu/:/usr/lib/gcc/x86_64-linux-gnu/9/:/usr/lib/gcc/x86_64-linux-gnu/
LIBRARY_PATH=/glob/development-tools/versions/oneapi/2023.0.1/oneapi/vpl/2023.0.0/lib/../lib/:/glob/development-tools/versions/oneapi/2023.0.1/oneapi/mpi/2021.8.0//libfabric/lib/../lib/:/glob/development-tools/versions/oneapi/2023.0.1/oneapi/mpi/2021.8.0//lib/../lib/:/glob/development-tools/versions/oneapi/2023.0.1/oneapi/dnnl/2023.0.0/cpu_dpcpp_gpu_dpcpp/lib/../lib/:/glob/development-tools/versions/oneapi/2023.0.1/oneapi/compiler/2023.0.0/linux/lib/../lib/:/usr/lib/gcc/x86_64-linux-gnu/9/:/usr/lib/gcc/x86_64-linux-gnu/9/../../../x86_64-linux-gnu/:/usr/lib/gcc/x86_64-linux-gnu/9/../../../../lib/:/lib/x86_64-linux-gnu/:/lib/../lib/:/usr/lib/x86_64-linux-gnu/:/usr/lib/../lib/:/glob/development-tools/versions/oneapi/2023.0.1/oneapi/vpl/2023.0.0/lib/:/glob/development-tools/versions/oneapi/2023.0.1/oneapi/tbb/2021.8.0/env/../lib/intel64/gcc4.8/:/glob/development-tools/versions/oneapi/2023.0.1/oneapi/mpi/2021.8.0//libfabric/lib/:/glob/development-tools/versions/oneapi/2023.0.1/oneapi/mpi/2021.8.0//lib/release/:/glob/development-tools/versions/oneapi/2023.0.1/oneapi/mpi/2021.8.0//lib/:/glob/development-tools/versions/oneapi/2023.0.1/oneapi/mkl/2023.0.0/lib/intel64/:/glob/development-tools/versions/oneapi/2023.0.1/oneapi/ipp/2021.7.0/lib/intel64/:/glob/development-tools/versions/oneapi/2023.0.1/oneapi/ippcp/2021.6.3/lib/intel64/:/glob/development-tools/versions/oneapi/2023.0.1/oneapi/ipp/2021.7.0/lib/intel64/:/glob/development-tools/versions/oneapi/2023.0.1/oneapi/dnnl/2023.0.0/cpu_dpcpp_gpu_dpcpp/lib/:/glob/development-tools/versions/oneapi/2023.0.1/oneapi/dal/2023.0.0/lib/intel64/:/glob/development-tools/versions/oneapi/2023.0.1/oneapi/compiler/2023.0.0/linux/compiler/lib/intel64_lin/:/glob/development-tools/versions/oneapi/2023.0.1/oneapi/compiler/2023.0.0/linux/lib/:/glob/development-tools/versions/oneapi/2023.0.1/oneapi/clck/2021.7.2/lib/intel64/:/glob/development-tools/versions/oneapi/2023.0.1/oneapi/ccl/2021.8.0/lib/cpu_gpu_dpcpp/:/usr/lib/gcc/x86_64-linux-gnu/9/../../../:/lib/:/usr/lib/
COLLECT_GCC_OPTIONS='-v' '-o' 'CMakeFiles/cmTC_917bc.dir/CMakeCCompilerABI.c.o' '-c' '-mtune=generic' '-march=x86-64'
Linking C executable cmTC_917bc
/usr/bin/cmake -E cmake_link_script CMakeFiles/cmTC_917bc.dir/link.txt --verbose=1
/usr/bin/cc     -v CMakeFiles/cmTC_917bc.dir/CMakeCCompilerABI.c.o  -o cmTC_917bc 
Using built-in specs.
COLLECT_GCC=/usr/bin/cc
COLLECT_LTO_WRAPPER=/usr/lib/gcc/x86_64-linux-gnu/9/lto-wrapper
OFFLOAD_TARGET_NAMES=nvptx-none:hsa
OFFLOAD_TARGET_DEFAULT=1
Target: x86_64-linux-gnu
Configured with: ../src/configure -v --with-pkgversion='Ubuntu 9.4.0-1ubuntu1~20.04.1' --with-bugurl=file:///usr/share/doc/gcc-9/README.Bugs --enable-languages=c,ada,c++,go,brig,d,fortran,objc,obj-c++,gm2 --prefix=/usr --with-gcc-major-version-only --program-suffix=-9 --program-prefix=x86_64-linux-gnu- --enable-shared --enable-linker-build-id --libexecdir=/usr/lib --without-included-gettext --enable-threads=posix --libdir=/usr/lib --enable-nls --enable-clocale=gnu --enable-libstdcxx-debug --enable-libstdcxx-time=yes --with-default-libstdcxx-abi=new --enable-gnu-unique-object --disable-vtable-verify --enable-plugin --enable-default-pie --with-system-zlib --with-target-system-zlib=auto --enable-objc-gc=auto --enable-multiarch --disable-werror --with-arch-32=i686 --with-abi=m64 --with-multilib-list=m32,m64,mx32 --enable-multilib --with-tune=generic --enable-offload-targets=nvptx-none=/build/gcc-9-Av3uEd/gcc-9-9.4.0/debian/tmp-nvptx/usr,hsa --without-cuda-driver --enable-checking=release --build=x86_64-linux-gnu --host=x86_64-linux-gnu --target=x86_64-linux-gnu
Thread model: posix
gcc version 9.4.0 (Ubuntu 9.4.0-1ubuntu1~20.04.1) 
COMPILER_PATH=/usr/lib/gcc/x86_64-linux-gnu/9/:/usr/lib/gcc/x86_64-linux-gnu/9/:/usr/lib/gcc/x86_64-linux-gnu/:/usr/lib/gcc/x86_64-linux-gnu/9/:/usr/lib/gcc/x86_64-linux-gnu/
LIBRARY_PATH=/glob/development-tools/versions/oneapi/2023.0.1/oneapi/vpl/2023.0.0/lib/../lib/:/glob/development-tools/versions/oneapi/2023.0.1/oneapi/mpi/2021.8.0//libfabric/lib/../lib/:/glob/development-tools/versions/oneapi/2023.0.1/oneapi/mpi/2021.8.0//lib/../lib/:/glob/development-tools/versions/oneapi/2023.0.1/oneapi/dnnl/2023.0.0/cpu_dpcpp_gpu_dpcpp/lib/../lib/:/glob/development-tools/versions/oneapi/2023.0.1/oneapi/compiler/2023.0.0/linux/lib/../lib/:/usr/lib/gcc/x86_64-linux-gnu/9/:/usr/lib/gcc/x86_64-linux-gnu/9/../../../x86_64-linux-gnu/:/usr/lib/gcc/x86_64-linux-gnu/9/../../../../lib/:/lib/x86_64-linux-gnu/:/lib/../lib/:/usr/lib/x86_64-linux-gnu/:/usr/lib/../lib/:/glob/development-tools/versions/oneapi/2023.0.1/oneapi/vpl/2023.0.0/lib/:/glob/development-tools/versions/oneapi/2023.0.1/oneapi/tbb/2021.8.0/env/../lib/intel64/gcc4.8/:/glob/development-tools/versions/oneapi/2023.0.1/oneapi/mpi/2021.8.0//libfabric/lib/:/glob/development-tools/versions/oneapi/2023.0.1/oneapi/mpi/2021.8.0//lib/release/:/glob/development-tools/versions/oneapi/2023.0.1/oneapi/mpi/2021.8.0//lib/:/glob/development-tools/versions/oneapi/2023.0.1/oneapi/mkl/2023.0.0/lib/intel64/:/glob/development-tools/versions/oneapi/2023.0.1/oneapi/ipp/2021.7.0/lib/intel64/:/glob/development-tools/versions/oneapi/2023.0.1/oneapi/ippcp/2021.6.3/lib/intel64/:/glob/development-tools/versions/oneapi/2023.0.1/oneapi/ipp/2021.7.0/lib/intel64/:/glob/development-tools/versions/oneapi/2023.0.1/oneapi/dnnl/2023.0.0/cpu_dpcpp_gpu_dpcpp/lib/:/glob/development-tools/versions/oneapi/2023.0.1/oneapi/dal/2023.0.0/lib/intel64/:/glob/development-tools/versions/oneapi/2023.0.1/oneapi/compiler/2023.0.0/linux/compiler/lib/intel64_lin/:/glob/development-tools/versions/oneapi/2023.0.1/oneapi/compiler/2023.0.0/linux/lib/:/glob/development-tools/versions/oneapi/2023.0.1/oneapi/clck/2021.7.2/lib/intel64/:/glob/development-tools/versions/oneapi/2023.0.1/oneapi/ccl/2021.8.0/lib/cpu_gpu_dpcpp/:/usr/lib/gcc/x86_64-linux-gnu/9/../../../:/lib/:/usr/lib/
COLLECT_GCC_OPTIONS='-v' '-o' 'cmTC_917bc' '-mtune=generic' '-march=x86-64'
 /usr/lib/gcc/x86_64-linux-gnu/9/collect2 -plugin /usr/lib/gcc/x86_64-linux-gnu/9/liblto_plugin.so -plugin-opt=/usr/lib/gcc/x86_64-linux-gnu/9/lto-wrapper -plugin-opt=-fresolution=/home/u187015/tmp/ccan7EOf.res -plugin-opt=-pass-through=-lgcc -plugin-opt=-pass-through=-lgcc_s -plugin-opt=-pass-through=-lc -plugin-opt=-pass-through=-lgcc -plugin-opt=-pass-through=-lgcc_s --build-id --eh-frame-hdr -m elf_x86_64 --hash-style=gnu --as-needed -dynamic-linker /lib64/ld-linux-x86-64.so.2 -pie -z now -z relro -o cmTC_917bc /usr/lib/gcc/x86_64-linux-gnu/9/../../../x86_64-linux-gnu/Scrt1.o /usr/lib/gcc/x86_64-linux-gnu/9/../../../x86_64-linux-gnu/crti.o /usr/lib/gcc/x86_64-linux-gnu/9/crtbeginS.o -L/glob/development-tools/versions/oneapi/2023.0.1/oneapi/vpl/2023.0.0/lib/../lib -L/glob/development-tools/versions/oneapi/2023.0.1/oneapi/mpi/2021.8.0//libfabric/lib/../lib -L/glob/development-tools/versions/oneapi/2023.0.1/oneapi/mpi/2021.8.0//lib/../lib -L/glob/development-tools/versions/oneapi/2023.0.1/oneapi/dnnl/2023.0.0/cpu_dpcpp_gpu_dpcpp/lib/../lib -L/glob/development-tools/versions/oneapi/2023.0.1/oneapi/compiler/2023.0.0/linux/lib/../lib -L/usr/lib/gcc/x86_64-linux-gnu/9 -L/usr/lib/gcc/x86_64-linux-gnu/9/../../../x86_64-linux-gnu -L/usr/lib/gcc/x86_64-linux-gnu/9/../../../../lib -L/lib/x86_64-linux-gnu -L/lib/../lib -L/usr/lib/x86_64-linux-gnu -L/usr/lib/../lib -L/glob/development-tools/versions/oneapi/2023.0.1/oneapi/vpl/2023.0.0/lib -L/glob/development-tools/versions/oneapi/2023.0.1/oneapi/tbb/2021.8.0/env/../lib/intel64/gcc4.8 -L/glob/development-tools/versions/oneapi/2023.0.1/oneapi/mpi/2021.8.0//libfabric/lib -L/glob/development-tools/versions/oneapi/2023.0.1/oneapi/mpi/2021.8.0//lib/release -L/glob/development-tools/versions/oneapi/2023.0.1/oneapi/mpi/2021.8.0//lib -L/glob/development-tools/versions/oneapi/2023.0.1/oneapi/mkl/2023.0.0/lib/intel64 -L/glob/development-tools/versions/oneapi/2023.0.1/oneapi/ipp/2021.7.0/lib/intel64 -L/glob/development-tools/versions/oneapi/2023.0.1/oneapi/ippcp/2021.6.3/lib/intel64 -L/glob/development-tools/versions/oneapi/2023.0.1/oneapi/ipp/2021.7.0/lib/intel64 -L/glob/development-tools/versions/oneapi/2023.0.1/oneapi/dnnl/2023.0.0/cpu_dpcpp_gpu_dpcpp/lib -L/glob/development-tools/versions/oneapi/2023.0.1/oneapi/dal/2023.0.0/lib/intel64 -L/glob/development-tools/versions/oneapi/2023.0.1/oneapi/compiler/2023.0.0/linux/compiler/lib/intel64_lin -L/glob/development-tools/versions/oneapi/2023.0.1/oneapi/compiler/2023.0.0/linux/lib -L/glob/development-tools/versions/oneapi/2023.0.1/oneapi/clck/2021.7.2/lib/intel64 -L/glob/development-tools/versions/oneapi/2023.0.1/oneapi/ccl/2021.8.0/lib/cpu_gpu_dpcpp -L/usr/lib/gcc/x86_64-linux-gnu/9/../../.. CMakeFiles/cmTC_917bc.dir/CMakeCCompilerABI.c.o -lgcc --push-state --as-needed -lgcc_s --pop-state -lc -lgcc --push-state --as-needed -lgcc_s --pop-state /usr/lib/gcc/x86_64-linux-gnu/9/crtendS.o /usr/lib/gcc/x86_64-linux-gnu/9/../../../x86_64-linux-gnu/crtn.o
COLLECT_GCC_OPTIONS='-v' '-o' 'cmTC_917bc' '-mtune=generic' '-march=x86-64'
make[1]: Leaving directory '/home/u187015/about_ACIEPE/pp/code/SYCL/mandelbrot/build/CMakeFiles/CMakeTmp'



Parsed C implicit include dir info from above output: rv=done
  found start of include info
  found start of implicit include info
    add: [/glob/development-tools/versions/oneapi/2023.0.1/oneapi/vpl/2023.0.0/include]
    add: [/glob/development-tools/versions/oneapi/2023.0.1/oneapi/tbb/2021.8.0/env/../include]
    add: [/glob/development-tools/versions/oneapi/2023.0.1/oneapi/mpi/2021.8.0//include]
    add: [/glob/development-tools/versions/oneapi/2023.0.1/oneapi/mkl/2023.0.0/include]
    add: [/glob/development-tools/versions/oneapi/2023.0.1/oneapi/ipp/2021.7.0/include]
    add: [/glob/development-tools/versions/oneapi/2023.0.1/oneapi/ippcp/2021.6.3/include]
    add: [/glob/development-tools/versions/oneapi/2023.0.1/oneapi/dpl/2022.0.0/linux/include]
    add: [/glob/development-tools/versions/oneapi/2023.0.1/oneapi/dpcpp-ct/2023.0.0/include]
    add: [/glob/development-tools/versions/oneapi/2023.0.1/oneapi/dnnl/2023.0.0/cpu_dpcpp_gpu_dpcpp/include]
    add: [/glob/development-tools/versions/oneapi/2023.0.1/oneapi/dev-utilities/2021.8.0/include]
    add: [/glob/development-tools/versions/oneapi/2023.0.1/oneapi/dal/2023.0.0/include]
    add: [/glob/development-tools/versions/oneapi/2023.0.1/oneapi/ccl/2021.8.0/include/cpu_gpu_dpcpp]
    add: [/usr/lib/gcc/x86_64-linux-gnu/9/include]
    add: [/usr/local/include]
    add: [/usr/include/x86_64-linux-gnu]
    add: [/usr/include]
  end of search list found
  collapse include dir [/glob/development-tools/versions/oneapi/2023.0.1/oneapi/vpl/2023.0.0/include] ==> [/glob/development-tools/versions/oneapi/2023.0.1/oneapi/vpl/2023.0.0/include]
  collapse include dir [/glob/development-tools/versions/oneapi/2023.0.1/oneapi/tbb/2021.8.0/env/../include] ==> [/glob/development-tools/versions/oneapi/2023.0.1/oneapi/tbb/2021.8.0/include]
  collapse include dir [/glob/development-tools/versions/oneapi/2023.0.1/oneapi/mpi/2021.8.0//include] ==> [/glob/development-tools/versions/oneapi/2023.0.1/oneapi/mpi/2021.8.0/include]
  collapse include dir [/glob/development-tools/versions/oneapi/2023.0.1/oneapi/mkl/2023.0.0/include] ==> [/glob/development-tools/versions/oneapi/2023.0.1/oneapi/mkl/2023.0.0/include]
  collapse include dir [/glob/development-tools/versions/oneapi/2023.0.1/oneapi/ipp/2021.7.0/include] ==> [/glob/development-tools/versions/oneapi/2023.0.1/oneapi/ipp/2021.7.0/include]
  collapse include dir [/glob/development-tools/versions/oneapi/2023.0.1/oneapi/ippcp/2021.6.3/include] ==> [/glob/development-tools/versions/oneapi/2023.0.1/oneapi/ippcp/2021.6.3/include]
  collapse include dir [/glob/development-tools/versions/oneapi/2023.0.1/oneapi/dpl/2022.0.0/linux/include] ==> [/glob/development-tools/versions/oneapi/2023.0.1/oneapi/dpl/2022.0.0/linux/include]
  collapse include dir [/glob/development-tools/versions/oneapi/2023.0.1/oneapi/dpcpp-ct/2023.0.0/include] ==> [/glob/development-tools/versions/oneapi/2023.0.1/oneapi/dpcpp-ct/2023.0.0/include]
  collapse include dir [/glob/development-tools/versions/oneapi/2023.0.1/oneapi/dnnl/2023.0.0/cpu_dpcpp_gpu_dpcpp/include] ==> [/glob/development-tools/versions/oneapi/2023.0.1/oneapi/dnnl/2023.0.0/cpu_dpcpp_gpu_dpcpp/include]
  collapse include dir [/glob/development-tools/versions/oneapi/2023.0.1/oneapi/dev-utilities/2021.8.0/include] ==> [/glob/development-tools/versions/oneapi/2023.0.1/oneapi/dev-utilities/2021.8.0/include]
  collapse include dir [/glob/development-tools/versions/oneapi/2023.0.1/oneapi/dal/2023.0.0/include] ==> [/glob/development-tools/versions/oneapi/2023.0.1/oneapi/dal/2023.0.0/include]
  collapse include dir [/glob/development-tools/versions/oneapi/2023.0.1/oneapi/ccl/2021.8.0/include/cpu_gpu_dpcpp] ==> [/glob/development-tools/versions/oneapi/2023.0.1/oneapi/ccl/2021.8.0/include/cpu_gpu_dpcpp]
  collapse include dir [/usr/lib/gcc/x86_64-linux-gnu/9/include] ==> [/usr/lib/gcc/x86_64-linux-gnu/9/include]
  collapse include dir [/usr/local/include] ==> [/usr/local/include]
  collapse include dir [/usr/include/x86_64-linux-gnu] ==> [/usr/include/x86_64-linux-gnu]
  collapse include dir [/usr/include] ==> [/usr/include]
  implicit include dirs: [/glob/development-tools/versions/oneapi/2023.0.1/oneapi/vpl/2023.0.0/include;/glob/development-tools/versions/oneapi/2023.0.1/oneapi/tbb/2021.8.0/include;/glob/development-tools/versions/oneapi/2023.0.1/oneapi/mpi/2021.8.0/include;/glob/development-tools/versions/oneapi/2023.0.1/oneapi/mkl/2023.0.0/include;/glob/development-tools/versions/oneapi/2023.0.1/oneapi/ipp/2021.7.0/include;/glob/development-tools/versions/oneapi/2023.0.1/oneapi/ippcp/2021.6.3/include;/glob/development-tools/versions/oneapi/2023.0.1/oneapi/dpl/2022.0.0/linux/include;/glob/development-tools/versions/oneapi/2023.0.1/oneapi/dpcpp-ct/2023.0.0/include;/glob/development-tools/versions/oneapi/2023.0.1/oneapi/dnnl/2023.0.0/cpu_dpcpp_gpu_dpcpp/include;/glob/development-tools/versions/oneapi/2023.0.1/oneapi/dev-utilities/2021.8.0/include;/glob/development-tools/versions/oneapi/2023.0.1/oneapi/dal/2023.0.0/include;/glob/development-tools/versions/oneapi/2023.0.1/oneapi/ccl/2021.8.0/include/cpu_gpu_dpcpp;/usr/lib/gcc/x86_64-linux-gnu/9/include;/usr/local/include;/usr/include/x86_64-linux-gnu;/usr/include]


Parsed C implicit link information from above output:
  link line regex: [^( *|.*[/\])(ld|CMAKE_LINK_STARTFILE-NOTFOUND|([^/\]+-)?ld|collect2)[^/\]*( |$)]
  ignore line: [Change Dir: /home/u187015/about_ACIEPE/pp/code/SYCL/mandelbrot/build/CMakeFiles/CMakeTmp]
  ignore line: []
  ignore line: [Run Build Command(s):/usr/bin/make cmTC_917bc/fast && /usr/bin/make -f CMakeFiles/cmTC_917bc.dir/build.make CMakeFiles/cmTC_917bc.dir/build]
  ignore line: [make[1]: Entering directory '/home/u187015/about_ACIEPE/pp/code/SYCL/mandelbrot/build/CMakeFiles/CMakeTmp']
  ignore line: [Building C object CMakeFiles/cmTC_917bc.dir/CMakeCCompilerABI.c.o]
  ignore line: [/usr/bin/cc   -v -o CMakeFiles/cmTC_917bc.dir/CMakeCCompilerABI.c.o   -c /usr/share/cmake-3.16/Modules/CMakeCCompilerABI.c]
  ignore line: [Using built-in specs.]
  ignore line: [COLLECT_GCC=/usr/bin/cc]
  ignore line: [OFFLOAD_TARGET_NAMES=nvptx-none:hsa]
  ignore line: [OFFLOAD_TARGET_DEFAULT=1]
  ignore line: [Target: x86_64-linux-gnu]
  ignore line: [Configured with: ../src/configure -v --with-pkgversion='Ubuntu 9.4.0-1ubuntu1~20.04.1' --with-bugurl=file:///usr/share/doc/gcc-9/README.Bugs --enable-languages=c ada c++ go brig d fortran objc obj-c++ gm2 --prefix=/usr --with-gcc-major-version-only --program-suffix=-9 --program-prefix=x86_64-linux-gnu- --enable-shared --enable-linker-build-id --libexecdir=/usr/lib --without-included-gettext --enable-threads=posix --libdir=/usr/lib --enable-nls --enable-clocale=gnu --enable-libstdcxx-debug --enable-libstdcxx-time=yes --with-default-libstdcxx-abi=new --enable-gnu-unique-object --disable-vtable-verify --enable-plugin --enable-default-pie --with-system-zlib --with-target-system-zlib=auto --enable-objc-gc=auto --enable-multiarch --disable-werror --with-arch-32=i686 --with-abi=m64 --with-multilib-list=m32 m64 mx32 --enable-multilib --with-tune=generic --enable-offload-targets=nvptx-none=/build/gcc-9-Av3uEd/gcc-9-9.4.0/debian/tmp-nvptx/usr hsa --without-cuda-driver --enable-checking=release --build=x86_64-linux-gnu --host=x86_64-linux-gnu --target=x86_64-linux-gnu]
  ignore line: [Thread model: posix]
  ignore line: [gcc version 9.4.0 (Ubuntu 9.4.0-1ubuntu1~20.04.1) ]
  ignore line: [COLLECT_GCC_OPTIONS='-v' '-o' 'CMakeFiles/cmTC_917bc.dir/CMakeCCompilerABI.c.o' '-c' '-mtune=generic' '-march=x86-64']
  ignore line: [ /usr/lib/gcc/x86_64-linux-gnu/9/cc1 -quiet -v -imultiarch x86_64-linux-gnu /usr/share/cmake-3.16/Modules/CMakeCCompilerABI.c -quiet -dumpbase CMakeCCompilerABI.c -mtune=generic -march=x86-64 -auxbase-strip CMakeFiles/cmTC_917bc.dir/CMakeCCompilerABI.c.o -version -fasynchronous-unwind-tables -fstack-protector-strong -Wformat -Wformat-security -fstack-clash-protection -fcf-protection -o /home/u187015/tmp/cc78AmHP.s]
  ignore line: [GNU C17 (Ubuntu 9.4.0-1ubuntu1~20.04.1) version 9.4.0 (x86_64-linux-gnu)]
  ignore line: [	compiled by GNU C version 9.4.0  GMP version 6.2.0  MPFR version 4.0.2  MPC version 1.1.0  isl version isl-0.22.1-GMP]
  ignore line: []
  ignore line: [GGC heuristics: --param ggc-min-expand=100 --param ggc-min-heapsize=131072]
  ignore line: [ignoring nonexistent directory "/usr/local/include/x86_64-linux-gnu"]
  ignore line: [ignoring nonexistent directory "/usr/lib/gcc/x86_64-linux-gnu/9/include-fixed"]
  ignore line: [ignoring nonexistent directory "/usr/lib/gcc/x86_64-linux-gnu/9/../../../../x86_64-linux-gnu/include"]
  ignore line: [ignoring duplicate directory "/glob/development-tools/versions/oneapi/2023.0.1/oneapi/ipp/2021.7.0/include"]
  ignore line: [#include "..." search starts here:]
  ignore line: [#include <...> search starts here:]
  ignore line: [ /glob/development-tools/versions/oneapi/2023.0.1/oneapi/vpl/2023.0.0/include]
  ignore line: [ /glob/development-tools/versions/oneapi/2023.0.1/oneapi/tbb/2021.8.0/env/../include]
  ignore line: [ /glob/development-tools/versions/oneapi/2023.0.1/oneapi/mpi/2021.8.0//include]
  ignore line: [ /glob/development-tools/versions/oneapi/2023.0.1/oneapi/mkl/2023.0.0/include]
  ignore line: [ /glob/development-tools/versions/oneapi/2023.0.1/oneapi/ipp/2021.7.0/include]
  ignore line: [ /glob/development-tools/versions/oneapi/2023.0.1/oneapi/ippcp/2021.6.3/include]
  ignore line: [ /glob/development-tools/versions/oneapi/2023.0.1/oneapi/dpl/2022.0.0/linux/include]
  ignore line: [ /glob/development-tools/versions/oneapi/2023.0.1/oneapi/dpcpp-ct/2023.0.0/include]
  ignore line: [ /glob/development-tools/versions/oneapi/2023.0.1/oneapi/dnnl/2023.0.0/cpu_dpcpp_gpu_dpcpp/include]
  ignore line: [ /glob/development-tools/versions/oneapi/2023.0.1/oneapi/dev-utilities/2021.8.0/include]
  ignore line: [ /glob/development-tools/versions/oneapi/2023.0.1/oneapi/dal/2023.0.0/include]
  ignore line: [ /glob/development-tools/versions/oneapi/2023.0.1/oneapi/ccl/2021.8.0/include/cpu_gpu_dpcpp]
  ignore line: [ /usr/lib/gcc/x86_64-linux-gnu/9/include]
  ignore line: [ /usr/local/include]
  ignore line: [ /usr/include/x86_64-linux-gnu]
  ignore line: [ /usr/include]
  ignore line: [End of search list.]
  ignore line: [GNU C17 (Ubuntu 9.4.0-1ubuntu1~20.04.1) version 9.4.0 (x86_64-linux-gnu)]
  ignore line: [	compiled by GNU C version 9.4.0  GMP version 6.2.0  MPFR version 4.0.2  MPC version 1.1.0  isl version isl-0.22.1-GMP]
  ignore line: []
  ignore line: [GGC heuristics: --param ggc-min-expand=100 --param ggc-min-heapsize=131072]
  ignore line: [Compiler executable checksum: c0c95c0b4209efec1c1892d5ff24030b]
  ignore line: [COLLECT_GCC_OPTIONS='-v' '-o' 'CMakeFiles/cmTC_917bc.dir/CMakeCCompilerABI.c.o' '-c' '-mtune=generic' '-march=x86-64']
  ignore line: [ as -v --64 -o CMakeFiles/cmTC_917bc.dir/CMakeCCompilerABI.c.o /home/u187015/tmp/cc78AmHP.s]
  ignore line: [GNU assembler version 2.34 (x86_64-linux-gnu) using BFD version (GNU Binutils for Ubuntu) 2.34]
  ignore line: [COMPILER_PATH=/usr/lib/gcc/x86_64-linux-gnu/9/:/usr/lib/gcc/x86_64-linux-gnu/9/:/usr/lib/gcc/x86_64-linux-gnu/:/usr/lib/gcc/x86_64-linux-gnu/9/:/usr/lib/gcc/x86_64-linux-gnu/]
  ignore line: [LIBRARY_PATH=/glob/development-tools/versions/oneapi/2023.0.1/oneapi/vpl/2023.0.0/lib/../lib/:/glob/development-tools/versions/oneapi/2023.0.1/oneapi/mpi/2021.8.0//libfabric/lib/../lib/:/glob/development-tools/versions/oneapi/2023.0.1/oneapi/mpi/2021.8.0//lib/../lib/:/glob/development-tools/versions/oneapi/2023.0.1/oneapi/dnnl/2023.0.0/cpu_dpcpp_gpu_dpcpp/lib/../lib/:/glob/development-tools/versions/oneapi/2023.0.1/oneapi/compiler/2023.0.0/linux/lib/../lib/:/usr/lib/gcc/x86_64-linux-gnu/9/:/usr/lib/gcc/x86_64-linux-gnu/9/../../../x86_64-linux-gnu/:/usr/lib/gcc/x86_64-linux-gnu/9/../../../../lib/:/lib/x86_64-linux-gnu/:/lib/../lib/:/usr/lib/x86_64-linux-gnu/:/usr/lib/../lib/:/glob/development-tools/versions/oneapi/2023.0.1/oneapi/vpl/2023.0.0/lib/:/glob/development-tools/versions/oneapi/2023.0.1/oneapi/tbb/2021.8.0/env/../lib/intel64/gcc4.8/:/glob/development-tools/versions/oneapi/2023.0.1/oneapi/mpi/2021.8.0//libfabric/lib/:/glob/development-tools/versions/oneapi/2023.0.1/oneapi/mpi/2021.8.0//lib/release/:/glob/development-tools/versions/oneapi/2023.0.1/oneapi/mpi/2021.8.0//lib/:/glob/development-tools/versions/oneapi/2023.0.1/oneapi/mkl/2023.0.0/lib/intel64/:/glob/development-tools/versions/oneapi/2023.0.1/oneapi/ipp/2021.7.0/lib/intel64/:/glob/development-tools/versions/oneapi/2023.0.1/oneapi/ippcp/2021.6.3/lib/intel64/:/glob/development-tools/versions/oneapi/2023.0.1/oneapi/ipp/2021.7.0/lib/intel64/:/glob/development-tools/versions/oneapi/2023.0.1/oneapi/dnnl/2023.0.0/cpu_dpcpp_gpu_dpcpp/lib/:/glob/development-tools/versions/oneapi/2023.0.1/oneapi/dal/2023.0.0/lib/intel64/:/glob/development-tools/versions/oneapi/2023.0.1/oneapi/compiler/2023.0.0/linux/compiler/lib/intel64_lin/:/glob/development-tools/versions/oneapi/2023.0.1/oneapi/compiler/2023.0.0/linux/lib/:/glob/development-tools/versions/oneapi/2023.0.1/oneapi/clck/2021.7.2/lib/intel64/:/glob/development-tools/versions/oneapi/2023.0.1/oneapi/ccl/2021.8.0/lib/cpu_gpu_dpcpp/:/usr/lib/gcc/x86_64-linux-gnu/9/../../../:/lib/:/usr/lib/]
  ignore line: [COLLECT_GCC_OPTIONS='-v' '-o' 'CMakeFiles/cmTC_917bc.dir/CMakeCCompilerABI.c.o' '-c' '-mtune=generic' '-march=x86-64']
  ignore line: [Linking C executable cmTC_917bc]
  ignore line: [/usr/bin/cmake -E cmake_link_script CMakeFiles/cmTC_917bc.dir/link.txt --verbose=1]
  ignore line: [/usr/bin/cc     -v CMakeFiles/cmTC_917bc.dir/CMakeCCompilerABI.c.o  -o cmTC_917bc ]
  ignore line: [Using built-in specs.]
  ignore line: [COLLECT_GCC=/usr/bin/cc]
  ignore line: [COLLECT_LTO_WRAPPER=/usr/lib/gcc/x86_64-linux-gnu/9/lto-wrapper]
  ignore line: [OFFLOAD_TARGET_NAMES=nvptx-none:hsa]
  ignore line: [OFFLOAD_TARGET_DEFAULT=1]
  ignore line: [Target: x86_64-linux-gnu]
  ignore line: [Configured with: ../src/configure -v --with-pkgversion='Ubuntu 9.4.0-1ubuntu1~20.04.1' --with-bugurl=file:///usr/share/doc/gcc-9/README.Bugs --enable-languages=c ada c++ go brig d fortran objc obj-c++ gm2 --prefix=/usr --with-gcc-major-version-only --program-suffix=-9 --program-prefix=x86_64-linux-gnu- --enable-shared --enable-linker-build-id --libexecdir=/usr/lib --without-included-gettext --enable-threads=posix --libdir=/usr/lib --enable-nls --enable-clocale=gnu --enable-libstdcxx-debug --enable-libstdcxx-time=yes --with-default-libstdcxx-abi=new --enable-gnu-unique-object --disable-vtable-verify --enable-plugin --enable-default-pie --with-system-zlib --with-target-system-zlib=auto --enable-objc-gc=auto --enable-multiarch --disable-werror --with-arch-32=i686 --with-abi=m64 --with-multilib-list=m32 m64 mx32 --enable-multilib --with-tune=generic --enable-offload-targets=nvptx-none=/build/gcc-9-Av3uEd/gcc-9-9.4.0/debian/tmp-nvptx/usr hsa --without-cuda-driver --enable-checking=release --build=x86_64-linux-gnu --host=x86_64-linux-gnu --target=x86_64-linux-gnu]
  ignore line: [Thread model: posix]
  ignore line: [gcc version 9.4.0 (Ubuntu 9.4.0-1ubuntu1~20.04.1) ]
  ignore line: [COMPILER_PATH=/usr/lib/gcc/x86_64-linux-gnu/9/:/usr/lib/gcc/x86_64-linux-gnu/9/:/usr/lib/gcc/x86_64-linux-gnu/:/usr/lib/gcc/x86_64-linux-gnu/9/:/usr/lib/gcc/x86_64-linux-gnu/]
  ignore line: [LIBRARY_PATH=/glob/development-tools/versions/oneapi/2023.0.1/oneapi/vpl/2023.0.0/lib/../lib/:/glob/development-tools/versions/oneapi/2023.0.1/oneapi/mpi/2021.8.0//libfabric/lib/../lib/:/glob/development-tools/versions/oneapi/2023.0.1/oneapi/mpi/2021.8.0//lib/../lib/:/glob/development-tools/versions/oneapi/2023.0.1/oneapi/dnnl/2023.0.0/cpu_dpcpp_gpu_dpcpp/lib/../lib/:/glob/development-tools/versions/oneapi/2023.0.1/oneapi/compiler/2023.0.0/linux/lib/../lib/:/usr/lib/gcc/x86_64-linux-gnu/9/:/usr/lib/gcc/x86_64-linux-gnu/9/../../../x86_64-linux-gnu/:/usr/lib/gcc/x86_64-linux-gnu/9/../../../../lib/:/lib/x86_64-linux-gnu/:/lib/../lib/:/usr/lib/x86_64-linux-gnu/:/usr/lib/../lib/:/glob/development-tools/versions/oneapi/2023.0.1/oneapi/vpl/2023.0.0/lib/:/glob/development-tools/versions/oneapi/2023.0.1/oneapi/tbb/2021.8.0/env/../lib/intel64/gcc4.8/:/glob/development-tools/versions/oneapi/2023.0.1/oneapi/mpi/2021.8.0//libfabric/lib/:/glob/development-tools/versions/oneapi/2023.0.1/oneapi/mpi/2021.8.0//lib/release/:/glob/development-tools/versions/oneapi/2023.0.1/oneapi/mpi/2021.8.0//lib/:/glob/development-tools/versions/oneapi/2023.0.1/oneapi/mkl/2023.0.0/lib/intel64/:/glob/development-tools/versions/oneapi/2023.0.1/oneapi/ipp/2021.7.0/lib/intel64/:/glob/development-tools/versions/oneapi/2023.0.1/oneapi/ippcp/2021.6.3/lib/intel64/:/glob/development-tools/versions/oneapi/2023.0.1/oneapi/ipp/2021.7.0/lib/intel64/:/glob/development-tools/versions/oneapi/2023.0.1/oneapi/dnnl/2023.0.0/cpu_dpcpp_gpu_dpcpp/lib/:/glob/development-tools/versions/oneapi/2023.0.1/oneapi/dal/2023.0.0/lib/intel64/:/glob/development-tools/versions/oneapi/2023.0.1/oneapi/compiler/2023.0.0/linux/compiler/lib/intel64_lin/:/glob/development-tools/versions/oneapi/2023.0.1/oneapi/compiler/2023.0.0/linux/lib/:/glob/development-tools/versions/oneapi/2023.0.1/oneapi/clck/2021.7.2/lib/intel64/:/glob/development-tools/versions/oneapi/2023.0.1/oneapi/ccl/2021.8.0/lib/cpu_gpu_dpcpp/:/usr/lib/gcc/x86_64-linux-gnu/9/../../../:/lib/:/usr/lib/]
  ignore line: [COLLECT_GCC_OPTIONS='-v' '-o' 'cmTC_917bc' '-mtune=generic' '-march=x86-64']
  link line: [ /usr/lib/gcc/x86_64-linux-gnu/9/collect2 -plugin /usr/lib/gcc/x86_64-linux-gnu/9/liblto_plugin.so -plugin-opt=/usr/lib/gcc/x86_64-linux-gnu/9/lto-wrapper -plugin-opt=-fresolution=/home/u187015/tmp/ccan7EOf.res -plugin-opt=-pass-through=-lgcc -plugin-opt=-pass-through=-lgcc_s -plugin-opt=-pass-through=-lc -plugin-opt=-pass-through=-lgcc -plugin-opt=-pass-through=-lgcc_s --build-id --eh-frame-hdr -m elf_x86_64 --hash-style=gnu --as-needed -dynamic-linker /lib64/ld-linux-x86-64.so.2 -pie -z now -z relro -o cmTC_917bc /usr/lib/gcc/x86_64-linux-gnu/9/../../../x86_64-linux-gnu/Scrt1.o /usr/lib/gcc/x86_64-linux-gnu/9/../../../x86_64-linux-gnu/crti.o /usr/lib/gcc/x86_64-linux-gnu/9/crtbeginS.o -L/glob/development-tools/versions/oneapi/2023.0.1/oneapi/vpl/2023.0.0/lib/../lib -L/glob/development-tools/versions/oneapi/2023.0.1/oneapi/mpi/2021.8.0//libfabric/lib/../lib -L/glob/development-tools/versions/oneapi/2023.0.1/oneapi/mpi/2021.8.0//lib/../lib -L/glob/development-tools/versions/oneapi/2023.0.1/oneapi/dnnl/2023.0.0/cpu_dpcpp_gpu_dpcpp/lib/../lib -L/glob/development-tools/versions/oneapi/2023.0.1/oneapi/compiler/2023.0.0/linux/lib/../lib -L/usr/lib/gcc/x86_64-linux-gnu/9 -L/usr/lib/gcc/x86_64-linux-gnu/9/../../../x86_64-linux-gnu -L/usr/lib/gcc/x86_64-linux-gnu/9/../../../../lib -L/lib/x86_64-linux-gnu -L/lib/../lib -L/usr/lib/x86_64-linux-gnu -L/usr/lib/../lib -L/glob/development-tools/versions/oneapi/2023.0.1/oneapi/vpl/2023.0.0/lib -L/glob/development-tools/versions/oneapi/2023.0.1/oneapi/tbb/2021.8.0/env/../lib/intel64/gcc4.8 -L/glob/development-tools/versions/oneapi/2023.0.1/oneapi/mpi/2021.8.0//libfabric/lib -L/glob/development-tools/versions/oneapi/2023.0.1/oneapi/mpi/2021.8.0//lib/release -L/glob/development-tools/versions/oneapi/2023.0.1/oneapi/mpi/2021.8.0//lib -L/glob/development-tools/versions/oneapi/2023.0.1/oneapi/mkl/2023.0.0/lib/intel64 -L/glob/development-tools/versions/oneapi/2023.0.1/oneapi/ipp/2021.7.0/lib/intel64 -L/glob/development-tools/versions/oneapi/2023.0.1/oneapi/ippcp/2021.6.3/lib/intel64 -L/glob/development-tools/versions/oneapi/2023.0.1/oneapi/ipp/2021.7.0/lib/intel64 -L/glob/development-tools/versions/oneapi/2023.0.1/oneapi/dnnl/2023.0.0/cpu_dpcpp_gpu_dpcpp/lib -L/glob/development-tools/versions/oneapi/2023.0.1/oneapi/dal/2023.0.0/lib/intel64 -L/glob/development-tools/versions/oneapi/2023.0.1/oneapi/compiler/2023.0.0/linux/compiler/lib/intel64_lin -L/glob/development-tools/versions/oneapi/2023.0.1/oneapi/compiler/2023.0.0/linux/lib -L/glob/development-tools/versions/oneapi/2023.0.1/oneapi/clck/2021.7.2/lib/intel64 -L/glob/development-tools/versions/oneapi/2023.0.1/oneapi/ccl/2021.8.0/lib/cpu_gpu_dpcpp -L/usr/lib/gcc/x86_64-linux-gnu/9/../../.. CMakeFiles/cmTC_917bc.dir/CMakeCCompilerABI.c.o -lgcc --push-state --as-needed -lgcc_s --pop-state -lc -lgcc --push-state --as-needed -lgcc_s --pop-state /usr/lib/gcc/x86_64-linux-gnu/9/crtendS.o /usr/lib/gcc/x86_64-linux-gnu/9/../../../x86_64-linux-gnu/crtn.o]
    arg [/usr/lib/gcc/x86_64-linux-gnu/9/collect2] ==> ignore
    arg [-plugin] ==> ignore
    arg [/usr/lib/gcc/x86_64-linux-gnu/9/liblto_plugin.so] ==> ignore
    arg [-plugin-opt=/usr/lib/gcc/x86_64-linux-gnu/9/lto-wrapper] ==> ignore
    arg [-plugin-opt=-fresolution=/home/u187015/tmp/ccan7EOf.res] ==> ignore
    arg [-plugin-opt=-pass-through=-lgcc] ==> ignore
    arg [-plugin-opt=-pass-through=-lgcc_s] ==> ignore
    arg [-plugin-opt=-pass-through=-lc] ==> ignore
    arg [-plugin-opt=-pass-through=-lgcc] ==> ignore
    arg [-plugin-opt=-pass-through=-lgcc_s] ==> ignore
    arg [--build-id] ==> ignore
    arg [--eh-frame-hdr] ==> ignore
    arg [-m] ==> ignore
    arg [elf_x86_64] ==> ignore
    arg [--hash-style=gnu] ==> ignore
    arg [--as-needed] ==> ignore
    arg [-dynamic-linker] ==> ignore
    arg [/lib64/ld-linux-x86-64.so.2] ==> ignore
    arg [-pie] ==> ignore
    arg [-znow] ==> ignore
    arg [-zrelro] ==> ignore
    arg [-o] ==> ignore
    arg [cmTC_917bc] ==> ignore
    arg [/usr/lib/gcc/x86_64-linux-gnu/9/../../../x86_64-linux-gnu/Scrt1.o] ==> ignore
    arg [/usr/lib/gcc/x86_64-linux-gnu/9/../../../x86_64-linux-gnu/crti.o] ==> ignore
    arg [/usr/lib/gcc/x86_64-linux-gnu/9/crtbeginS.o] ==> ignore
    arg [-L/glob/development-tools/versions/oneapi/2023.0.1/oneapi/vpl/2023.0.0/lib/../lib] ==> dir [/glob/development-tools/versions/oneapi/2023.0.1/oneapi/vpl/2023.0.0/lib/../lib]
    arg [-L/glob/development-tools/versions/oneapi/2023.0.1/oneapi/mpi/2021.8.0//libfabric/lib/../lib] ==> dir [/glob/development-tools/versions/oneapi/2023.0.1/oneapi/mpi/2021.8.0//libfabric/lib/../lib]
    arg [-L/glob/development-tools/versions/oneapi/2023.0.1/oneapi/mpi/2021.8.0//lib/../lib] ==> dir [/glob/development-tools/versions/oneapi/2023.0.1/oneapi/mpi/2021.8.0//lib/../lib]
    arg [-L/glob/development-tools/versions/oneapi/2023.0.1/oneapi/dnnl/2023.0.0/cpu_dpcpp_gpu_dpcpp/lib/../lib] ==> dir [/glob/development-tools/versions/oneapi/2023.0.1/oneapi/dnnl/2023.0.0/cpu_dpcpp_gpu_dpcpp/lib/../lib]
    arg [-L/glob/development-tools/versions/oneapi/2023.0.1/oneapi/compiler/2023.0.0/linux/lib/../lib] ==> dir [/glob/development-tools/versions/oneapi/2023.0.1/oneapi/compiler/2023.0.0/linux/lib/../lib]
    arg [-L/usr/lib/gcc/x86_64-linux-gnu/9] ==> dir [/usr/lib/gcc/x86_64-linux-gnu/9]
    arg [-L/usr/lib/gcc/x86_64-linux-gnu/9/../../../x86_64-linux-gnu] ==> dir [/usr/lib/gcc/x86_64-linux-gnu/9/../../../x86_64-linux-gnu]
    arg [-L/usr/lib/gcc/x86_64-linux-gnu/9/../../../../lib] ==> dir [/usr/lib/gcc/x86_64-linux-gnu/9/../../../../lib]
    arg [-L/lib/x86_64-linux-gnu] ==> dir [/lib/x86_64-linux-gnu]
    arg [-L/lib/../lib] ==> dir [/lib/../lib]
    arg [-L/usr/lib/x86_64-linux-gnu] ==> dir [/usr/lib/x86_64-linux-gnu]
    arg [-L/usr/lib/../lib] ==> dir [/usr/lib/../lib]
    arg [-L/glob/development-tools/versions/oneapi/2023.0.1/oneapi/vpl/2023.0.0/lib] ==> dir [/glob/development-tools/versions/oneapi/2023.0.1/oneapi/vpl/2023.0.0/lib]
    arg [-L/glob/development-tools/versions/oneapi/2023.0.1/oneapi/tbb/2021.8.0/env/../lib/intel64/gcc4.8] ==> dir [/glob/development-tools/versions/oneapi/2023.0.1/oneapi/tbb/2021.8.0/env/../lib/intel64/gcc4.8]
    arg [-L/glob/development-tools/versions/oneapi/2023.0.1/oneapi/mpi/2021.8.0//libfabric/lib] ==> dir [/glob/development-tools/versions/oneapi/2023.0.1/oneapi/mpi/2021.8.0//libfabric/lib]
    arg [-L/glob/development-tools/versions/oneapi/2023.0.1/oneapi/mpi/2021.8.0//lib/release] ==> dir [/glob/development-tools/versions/oneapi/2023.0.1/oneapi/mpi/2021.8.0//lib/release]
    arg [-L/glob/development-tools/versions/oneapi/2023.0.1/oneapi/mpi/2021.8.0//lib] ==> dir [/glob/development-tools/versions/oneapi/2023.0.1/oneapi/mpi/2021.8.0//lib]
    arg [-L/glob/development-tools/versions/oneapi/2023.0.1/oneapi/mkl/2023.0.0/lib/intel64] ==> dir [/glob/development-tools/versions/oneapi/2023.0.1/oneapi/mkl/2023.0.0/lib/intel64]
    arg [-L/glob/development-tools/versions/oneapi/2023.0.1/oneapi/ipp/2021.7.0/lib/intel64] ==> dir [/glob/development-tools/versions/oneapi/2023.0.1/oneapi/ipp/2021.7.0/lib/intel64]
    arg [-L/glob/development-tools/versions/oneapi/2023.0.1/oneapi/ippcp/2021.6.3/lib/intel64] ==> dir [/glob/development-tools/versions/oneapi/2023.0.1/oneapi/ippcp/2021.6.3/lib/intel64]
    arg [-L/glob/development-tools/versions/oneapi/2023.0.1/oneapi/ipp/2021.7.0/lib/intel64] ==> dir [/glob/development-tools/versions/oneapi/2023.0.1/oneapi/ipp/2021.7.0/lib/intel64]
    arg [-L/glob/development-tools/versions/oneapi/2023.0.1/oneapi/dnnl/2023.0.0/cpu_dpcpp_gpu_dpcpp/lib] ==> dir [/glob/development-tools/versions/oneapi/2023.0.1/oneapi/dnnl/2023.0.0/cpu_dpcpp_gpu_dpcpp/lib]
    arg [-L/glob/development-tools/versions/oneapi/2023.0.1/oneapi/dal/2023.0.0/lib/intel64] ==> dir [/glob/development-tools/versions/oneapi/2023.0.1/oneapi/dal/2023.0.0/lib/intel64]
    arg [-L/glob/development-tools/versions/oneapi/2023.0.1/oneapi/compiler/2023.0.0/linux/compiler/lib/intel64_lin] ==> dir [/glob/development-tools/versions/oneapi/2023.0.1/oneapi/compiler/2023.0.0/linux/compiler/lib/intel64_lin]
    arg [-L/glob/development-tools/versions/oneapi/2023.0.1/oneapi/compiler/2023.0.0/linux/lib] ==> dir [/glob/development-tools/versions/oneapi/2023.0.1/oneapi/compiler/2023.0.0/linux/lib]
    arg [-L/glob/development-tools/versions/oneapi/2023.0.1/oneapi/clck/2021.7.2/lib/intel64] ==> dir [/glob/development-tools/versions/oneapi/2023.0.1/oneapi/clck/2021.7.2/lib/intel64]
    arg [-L/glob/development-tools/versions/oneapi/2023.0.1/oneapi/ccl/2021.8.0/lib/cpu_gpu_dpcpp] ==> dir [/glob/development-tools/versions/oneapi/2023.0.1/oneapi/ccl/2021.8.0/lib/cpu_gpu_dpcpp]
    arg [-L/usr/lib/gcc/x86_64-linux-gnu/9/../../..] ==> dir [/usr/lib/gcc/x86_64-linux-gnu/9/../../..]
    arg [CMakeFiles/cmTC_917bc.dir/CMakeCCompilerABI.c.o] ==> ignore
    arg [-lgcc] ==> lib [gcc]
    arg [--push-state] ==> ignore
    arg [--as-needed] ==> ignore
    arg [-lgcc_s] ==> lib [gcc_s]
    arg [--pop-state] ==> ignore
    arg [-lc] ==> lib [c]
    arg [-lgcc] ==> lib [gcc]
    arg [--push-state] ==> ignore
    arg [--as-needed] ==> ignore
    arg [-lgcc_s] ==> lib [gcc_s]
    arg [--pop-state] ==> ignore
    arg [/usr/lib/gcc/x86_64-linux-gnu/9/crtendS.o] ==> ignore
    arg [/usr/lib/gcc/x86_64-linux-gnu/9/../../../x86_64-linux-gnu/crtn.o] ==> ignore
  collapse library dir [/glob/development-tools/versions/oneapi/2023.0.1/oneapi/vpl/2023.0.0/lib/../lib] ==> [/glob/development-tools/versions/oneapi/2023.0.1/oneapi/vpl/2023.0.0/lib]
  collapse library dir [/glob/development-tools/versions/oneapi/2023.0.1/oneapi/mpi/2021.8.0//libfabric/lib/../lib] ==> [/glob/development-tools/versions/oneapi/2023.0.1/oneapi/mpi/2021.8.0/libfabric/lib]
  collapse library dir [/glob/development-tools/versions/oneapi/2023.0.1/oneapi/mpi/2021.8.0//lib/../lib] ==> [/glob/development-tools/versions/oneapi/2023.0.1/oneapi/mpi/2021.8.0/lib]
  collapse library dir [/glob/development-tools/versions/oneapi/2023.0.1/oneapi/dnnl/2023.0.0/cpu_dpcpp_gpu_dpcpp/lib/../lib] ==> [/glob/development-tools/versions/oneapi/2023.0.1/oneapi/dnnl/2023.0.0/cpu_dpcpp_gpu_dpcpp/lib]
  collapse library dir [/glob/development-tools/versions/oneapi/2023.0.1/oneapi/compiler/2023.0.0/linux/lib/../lib] ==> [/glob/development-tools/versions/oneapi/2023.0.1/oneapi/compiler/2023.0.0/linux/lib]
  collapse library dir [/usr/lib/gcc/x86_64-linux-gnu/9] ==> [/usr/lib/gcc/x86_64-linux-gnu/9]
  collapse library dir [/usr/lib/gcc/x86_64-linux-gnu/9/../../../x86_64-linux-gnu] ==> [/usr/lib/x86_64-linux-gnu]
  collapse library dir [/usr/lib/gcc/x86_64-linux-gnu/9/../../../../lib] ==> [/usr/lib]
  collapse library dir [/lib/x86_64-linux-gnu] ==> [/lib/x86_64-linux-gnu]
  collapse library dir [/lib/../lib] ==> [/lib]
  collapse library dir [/usr/lib/x86_64-linux-gnu] ==> [/usr/lib/x86_64-linux-gnu]
  collapse library dir [/usr/lib/../lib] ==> [/usr/lib]
  collapse library dir [/glob/development-tools/versions/oneapi/2023.0.1/oneapi/vpl/2023.0.0/lib] ==> [/glob/development-tools/versions/oneapi/2023.0.1/oneapi/vpl/2023.0.0/lib]
  collapse library dir [/glob/development-tools/versions/oneapi/2023.0.1/oneapi/tbb/2021.8.0/env/../lib/intel64/gcc4.8] ==> [/glob/development-tools/versions/oneapi/2023.0.1/oneapi/tbb/2021.8.0/lib/intel64/gcc4.8]
  collapse library dir [/glob/development-tools/versions/oneapi/2023.0.1/oneapi/mpi/2021.8.0//libfabric/lib] ==> [/glob/development-tools/versions/oneapi/2023.0.1/oneapi/mpi/2021.8.0/libfabric/lib]
  collapse library dir [/glob/development-tools/versions/oneapi/2023.0.1/oneapi/mpi/2021.8.0//lib/release] ==> [/glob/development-tools/versions/oneapi/2023.0.1/oneapi/mpi/2021.8.0/lib/release]
  collapse library dir [/glob/development-tools/versions/oneapi/2023.0.1/oneapi/mpi/2021.8.0//lib] ==> [/glob/development-tools/versions/oneapi/2023.0.1/oneapi/mpi/2021.8.0/lib]
  collapse library dir [/glob/development-tools/versions/oneapi/2023.0.1/oneapi/mkl/2023.0.0/lib/intel64] ==> [/glob/development-tools/versions/oneapi/2023.0.1/oneapi/mkl/2023.0.0/lib/intel64]
  collapse library dir [/glob/development-tools/versions/oneapi/2023.0.1/oneapi/ipp/2021.7.0/lib/intel64] ==> [/glob/development-tools/versions/oneapi/2023.0.1/oneapi/ipp/2021.7.0/lib/intel64]
  collapse library dir [/glob/development-tools/versions/oneapi/2023.0.1/oneapi/ippcp/2021.6.3/lib/intel64] ==> [/glob/development-tools/versions/oneapi/2023.0.1/oneapi/ippcp/2021.6.3/lib/intel64]
  collapse library dir [/glob/development-tools/versions/oneapi/2023.0.1/oneapi/ipp/2021.7.0/lib/intel64] ==> [/glob/development-tools/versions/oneapi/2023.0.1/oneapi/ipp/2021.7.0/lib/intel64]
  collapse library dir [/glob/development-tools/versions/oneapi/2023.0.1/oneapi/dnnl/2023.0.0/cpu_dpcpp_gpu_dpcpp/lib] ==> [/glob/development-tools/versions/oneapi/2023.0.1/oneapi/dnnl/2023.0.0/cpu_dpcpp_gpu_dpcpp/lib]
  collapse library dir [/glob/development-tools/versions/oneapi/2023.0.1/oneapi/dal/2023.0.0/lib/intel64] ==> [/glob/development-tools/versions/oneapi/2023.0.1/oneapi/dal/2023.0.0/lib/intel64]
  collapse library dir [/glob/development-tools/versions/oneapi/2023.0.1/oneapi/compiler/2023.0.0/linux/compiler/lib/intel64_lin] ==> [/glob/development-tools/versions/oneapi/2023.0.1/oneapi/compiler/2023.0.0/linux/compiler/lib/intel64_lin]
  collapse library dir [/glob/development-tools/versions/oneapi/2023.0.1/oneapi/compiler/2023.0.0/linux/lib] ==> [/glob/development-tools/versions/oneapi/2023.0.1/oneapi/compiler/2023.0.0/linux/lib]
  collapse library dir [/glob/development-tools/versions/oneapi/2023.0.1/oneapi/clck/2021.7.2/lib/intel64] ==> [/glob/development-tools/versions/oneapi/2023.0.1/oneapi/clck/2021.7.2/lib/intel64]
  collapse library dir [/glob/development-tools/versions/oneapi/2023.0.1/oneapi/ccl/2021.8.0/lib/cpu_gpu_dpcpp] ==> [/glob/development-tools/versions/oneapi/2023.0.1/oneapi/ccl/2021.8.0/lib/cpu_gpu_dpcpp]
  collapse library dir [/usr/lib/gcc/x86_64-linux-gnu/9/../../..] ==> [/usr/lib]
  implicit libs: [gcc;gcc_s;c;gcc;gcc_s]
  implicit dirs: [/glob/development-tools/versions/oneapi/2023.0.1/oneapi/vpl/2023.0.0/lib;/glob/development-tools/versions/oneapi/2023.0.1/oneapi/mpi/2021.8.0/libfabric/lib;/glob/development-tools/versions/oneapi/2023.0.1/oneapi/mpi/2021.8.0/lib;/glob/development-tools/versions/oneapi/2023.0.1/oneapi/dnnl/2023.0.0/cpu_dpcpp_gpu_dpcpp/lib;/glob/development-tools/versions/oneapi/2023.0.1/oneapi/compiler/2023.0.0/linux/lib;/usr/lib/gcc/x86_64-linux-gnu/9;/usr/lib/x86_64-linux-gnu;/usr/lib;/lib/x86_64-linux-gnu;/lib;/glob/development-tools/versions/oneapi/2023.0.1/oneapi/tbb/2021.8.0/lib/intel64/gcc4.8;/glob/development-tools/versions/oneapi/2023.0.1/oneapi/mpi/2021.8.0/lib/release;/glob/development-tools/versions/oneapi/2023.0.1/oneapi/mkl/2023.0.0/lib/intel64;/glob/development-tools/versions/oneapi/2023.0.1/oneapi/ipp/2021.7.0/lib/intel64;/glob/development-tools/versions/oneapi/2023.0.1/oneapi/ippcp/2021.6.3/lib/intel64;/glob/development-tools/versions/oneapi/2023.0.1/oneapi/dal/2023.0.0/lib/intel64;/glob/development-tools/versions/oneapi/2023.0.1/oneapi/compiler/2023.0.0/linux/compiler/lib/intel64_lin;/glob/development-tools/versions/oneapi/2023.0.1/oneapi/clck/2021.7.2/lib/intel64;/glob/development-tools/versions/oneapi/2023.0.1/oneapi/ccl/2021.8.0/lib/cpu_gpu_dpcpp]
  implicit fwks: []


Determining if the CXX compiler works passed with the following output:
Change Dir: /home/u187015/about_ACIEPE/pp/code/SYCL/mandelbrot/build/CMakeFiles/CMakeTmp

Run Build Command(s):/usr/bin/make cmTC_9079e/fast && /usr/bin/make -f CMakeFiles/cmTC_9079e.dir/build.make CMakeFiles/cmTC_9079e.dir/build
make[1]: Entering directory '/home/u187015/about_ACIEPE/pp/code/SYCL/mandelbrot/build/CMakeFiles/CMakeTmp'
Building CXX object CMakeFiles/cmTC_9079e.dir/testCXXCompiler.cxx.o
/glob/development-tools/versions/oneapi/2023.0.1/oneapi/compiler/2023.0.0/linux/bin/icpx     -o CMakeFiles/cmTC_9079e.dir/testCXXCompiler.cxx.o -c /home/u187015/about_ACIEPE/pp/code/SYCL/mandelbrot/build/CMakeFiles/CMakeTmp/testCXXCompiler.cxx
Linking CXX executable cmTC_9079e
/usr/bin/cmake -E cmake_link_script CMakeFiles/cmTC_9079e.dir/link.txt --verbose=1
/glob/development-tools/versions/oneapi/2023.0.1/oneapi/compiler/2023.0.0/linux/bin/icpx       CMakeFiles/cmTC_9079e.dir/testCXXCompiler.cxx.o  -o cmTC_9079e 
make[1]: Leaving directory '/home/u187015/about_ACIEPE/pp/code/SYCL/mandelbrot/build/CMakeFiles/CMakeTmp'



Detecting CXX compiler ABI info compiled with the following output:
Change Dir: /home/u187015/about_ACIEPE/pp/code/SYCL/mandelbrot/build/CMakeFiles/CMakeTmp

Run Build Command(s):/usr/bin/make cmTC_e2e41/fast && /usr/bin/make -f CMakeFiles/cmTC_e2e41.dir/build.make CMakeFiles/cmTC_e2e41.dir/build
make[1]: Entering directory '/home/u187015/about_ACIEPE/pp/code/SYCL/mandelbrot/build/CMakeFiles/CMakeTmp'
Building CXX object CMakeFiles/cmTC_e2e41.dir/CMakeCXXCompilerABI.cpp.o
/glob/development-tools/versions/oneapi/2023.0.1/oneapi/compiler/2023.0.0/linux/bin/icpx    -v -o CMakeFiles/cmTC_e2e41.dir/CMakeCXXCompilerABI.cpp.o -c /usr/share/cmake-3.16/Modules/CMakeCXXCompilerABI.cpp
Intel(R) oneAPI DPC++/C++ Compiler 2023.0.0 (2023.0.0.20221201)
Target: x86_64-unknown-linux-gnu
Thread model: posix
InstalledDir: /glob/development-tools/versions/oneapi/2023.0.1/oneapi/compiler/2023.0.0/linux/bin-llvm
Configuration file: /glob/development-tools/versions/oneapi/2023.0.1/oneapi/compiler/2023.0.0/linux/bin-llvm/../bin/icpx.cfg
Found candidate GCC installation: /usr/lib/gcc/x86_64-linux-gnu/9
Selected GCC installation: /usr/lib/gcc/x86_64-linux-gnu/9
Candidate multilib: .;@m64
Selected multilib: .;@m64
 (in-process)
 "/glob/development-tools/versions/oneapi/2023.0.1/oneapi/compiler/2023.0.0/linux/bin-llvm/clang++" -cc1 -triple x86_64-unknown-linux-gnu -emit-obj --mrelax-relocations -disable-free -clear-ast-before-backend -disable-llvm-verifier -discard-value-names -main-file-name CMakeCXXCompilerABI.cpp -mrelocation-model static -fveclib=SVML -mframe-pointer=none -menable-no-infs -menable-no-nans -fapprox-func -menable-unsafe-fp-math -fno-signed-zeros -mreassociate -freciprocal-math -fdenormal-fp-math=preserve-sign,preserve-sign -ffp-contract=fast -fno-rounding-math -ffast-math -ffinite-math-only -mconstructor-aliases -funwind-tables=2 -target-cpu x86-64 -mllvm -x86-enable-unaligned-vector-move=true -tune-cpu generic -mllvm -treat-scalable-fixed-error-as-warning -debugger-tuning=gdb -v -fcoverage-compilation-dir=/home/u187015/about_ACIEPE/pp/code/SYCL/mandelbrot/build/CMakeFiles/CMakeTmp -resource-dir /glob/development-tools/versions/oneapi/2023.0.1/oneapi/compiler/2023.0.0/linux/lib/clang/16.0.0 -I/glob/development-tools/versions/oneapi/2023.0.1/oneapi/vpl/2023.0.0/include -I/glob/development-tools/versions/oneapi/2023.0.1/oneapi/tbb/2021.8.0/env/../include -I/glob/development-tools/versions/oneapi/2023.0.1/oneapi/mpi/2021.8.0//include -I/glob/development-tools/versions/oneapi/2023.0.1/oneapi/mkl/2023.0.0/include -I/glob/development-tools/versions/oneapi/2023.0.1/oneapi/ipp/2021.7.0/include -I/glob/development-tools/versions/oneapi/2023.0.1/oneapi/ippcp/2021.6.3/include -I/glob/development-tools/versions/oneapi/2023.0.1/oneapi/ipp/2021.7.0/include -I/glob/development-tools/versions/oneapi/2023.0.1/oneapi/dpl/2022.0.0/linux/include -I/glob/development-tools/versions/oneapi/2023.0.1/oneapi/dpcpp-ct/2023.0.0/include -I/glob/development-tools/versions/oneapi/2023.0.1/oneapi/dnnl/2023.0.0/cpu_dpcpp_gpu_dpcpp/include -I/glob/development-tools/versions/oneapi/2023.0.1/oneapi/dev-utilities/2021.8.0/include -I/glob/development-tools/versions/oneapi/2023.0.1/oneapi/dal/2023.0.0/include -I/glob/development-tools/versions/oneapi/2023.0.1/oneapi/ccl/2021.8.0/include/cpu_gpu_dpcpp -cxx-isystem /glob/development-tools/versions/oneapi/2023.0.1/oneapi/clck/2021.7.2/include -internal-isystem /glob/development-tools/versions/oneapi/2023.0.1/oneapi/compiler/2023.0.0/linux/bin-llvm/../compiler/include -internal-isystem /usr/lib/gcc/x86_64-linux-gnu/9/../../../../include/c++/9 -internal-isystem /usr/lib/gcc/x86_64-linux-gnu/9/../../../../include/x86_64-linux-gnu/c++/9 -internal-isystem /usr/lib/gcc/x86_64-linux-gnu/9/../../../../include/c++/9/backward -internal-isystem /glob/development-tools/versions/oneapi/2023.0.1/oneapi/compiler/2023.0.0/linux/lib/clang/16.0.0/include -internal-isystem /usr/local/include -internal-isystem /usr/lib/gcc/x86_64-linux-gnu/9/../../../../x86_64-linux-gnu/include -internal-externc-isystem /usr/include/x86_64-linux-gnu -internal-externc-isystem /include -internal-externc-isystem /usr/include -O2 -fdeprecated-macro -fdebug-compilation-dir=/home/u187015/about_ACIEPE/pp/code/SYCL/mandelbrot/build/CMakeFiles/CMakeTmp -ferror-limit 19 -fheinous-gnu-extensions -fgnuc-version=4.2.1 -no-opaque-pointers -fcxx-exceptions -fexceptions -vectorize-loops -vectorize-slp -D__GCC_HAVE_DWARF2_CFI_ASM=1 -fintel-compatibility -fintel-libirc-allowed -mllvm -disable-hir-generate-mkl-call -mllvm -loopopt=1 -floopopt-pipeline=light -mllvm -intel-abi-compatible=true -o CMakeFiles/cmTC_e2e41.dir/CMakeCXXCompilerABI.cpp.o -x c++ /usr/share/cmake-3.16/Modules/CMakeCXXCompilerABI.cpp
clang -cc1 version 16.0.0 based upon LLVM 16.0.0git default target x86_64-unknown-linux-gnu
ignoring nonexistent directory "/usr/lib/gcc/x86_64-linux-gnu/9/../../../../x86_64-linux-gnu/include"
ignoring nonexistent directory "/include"
ignoring duplicate directory "/glob/development-tools/versions/oneapi/2023.0.1/oneapi/ipp/2021.7.0/include"
#include "..." search starts here:
#include <...> search starts here:
 /glob/development-tools/versions/oneapi/2023.0.1/oneapi/vpl/2023.0.0/include
 /glob/development-tools/versions/oneapi/2023.0.1/oneapi/tbb/2021.8.0/env/../include
 /glob/development-tools/versions/oneapi/2023.0.1/oneapi/mpi/2021.8.0//include
 /glob/development-tools/versions/oneapi/2023.0.1/oneapi/mkl/2023.0.0/include
 /glob/development-tools/versions/oneapi/2023.0.1/oneapi/ipp/2021.7.0/include
 /glob/development-tools/versions/oneapi/2023.0.1/oneapi/ippcp/2021.6.3/include
 /glob/development-tools/versions/oneapi/2023.0.1/oneapi/dpl/2022.0.0/linux/include
 /glob/development-tools/versions/oneapi/2023.0.1/oneapi/dpcpp-ct/2023.0.0/include
 /glob/development-tools/versions/oneapi/2023.0.1/oneapi/dnnl/2023.0.0/cpu_dpcpp_gpu_dpcpp/include
 /glob/development-tools/versions/oneapi/2023.0.1/oneapi/dev-utilities/2021.8.0/include
 /glob/development-tools/versions/oneapi/2023.0.1/oneapi/dal/2023.0.0/include
 /glob/development-tools/versions/oneapi/2023.0.1/oneapi/ccl/2021.8.0/include/cpu_gpu_dpcpp
 /glob/development-tools/versions/oneapi/2023.0.1/oneapi/clck/2021.7.2/include
 /glob/development-tools/versions/oneapi/2023.0.1/oneapi/compiler/2023.0.0/linux/bin-llvm/../compiler/include
 /usr/lib/gcc/x86_64-linux-gnu/9/../../../../include/c++/9
 /usr/lib/gcc/x86_64-linux-gnu/9/../../../../include/x86_64-linux-gnu/c++/9
 /usr/lib/gcc/x86_64-linux-gnu/9/../../../../include/c++/9/backward
 /glob/development-tools/versions/oneapi/2023.0.1/oneapi/compiler/2023.0.0/linux/lib/clang/16.0.0/include
 /usr/local/include
 /usr/include/x86_64-linux-gnu
 /usr/include
End of search list.
Linking CXX executable cmTC_e2e41
/usr/bin/cmake -E cmake_link_script CMakeFiles/cmTC_e2e41.dir/link.txt --verbose=1
/glob/development-tools/versions/oneapi/2023.0.1/oneapi/compiler/2023.0.0/linux/bin/icpx      -v CMakeFiles/cmTC_e2e41.dir/CMakeCXXCompilerABI.cpp.o  -o cmTC_e2e41 
Intel(R) oneAPI DPC++/C++ Compiler 2023.0.0 (2023.0.0.20221201)
Target: x86_64-unknown-linux-gnu
Thread model: posix
InstalledDir: /glob/development-tools/versions/oneapi/2023.0.1/oneapi/compiler/2023.0.0/linux/bin-llvm
Configuration file: /glob/development-tools/versions/oneapi/2023.0.1/oneapi/compiler/2023.0.0/linux/bin-llvm/../bin/icpx.cfg
Found candidate GCC installation: /usr/lib/gcc/x86_64-linux-gnu/9
Selected GCC installation: /usr/lib/gcc/x86_64-linux-gnu/9
Candidate multilib: .;@m64
Selected multilib: .;@m64
 "/usr/bin/ld" -z relro --hash-style=gnu --eh-frame-hdr -m elf_x86_64 -dynamic-linker /lib64/ld-linux-x86-64.so.2 -o cmTC_e2e41 /lib/x86_64-linux-gnu/Scrt1.o /lib/x86_64-linux-gnu/crti.o /usr/lib/gcc/x86_64-linux-gnu/9/crtbeginS.o -L/glob/development-tools/versions/oneapi/2023.0.1/oneapi/compiler/2023.0.0/linux/bin-llvm/../compiler/lib/intel64_lin -L/glob/development-tools/versions/oneapi/2023.0.1/oneapi/compiler/2023.0.0/linux/bin-llvm/../lib -L/glob/development-tools/versions/oneapi/2023.0.1/oneapi/compiler/2023.0.0/linux/bin-llvm/../compiler/lib/intel64_lin -L/usr/lib/gcc/x86_64-linux-gnu/9 -L/usr/lib/gcc/x86_64-linux-gnu/9/../../../../lib64 -L/lib/x86_64-linux-gnu -L/lib/../lib64 -L/usr/lib/x86_64-linux-gnu -L/usr/lib/../lib64 -L/usr/lib/gcc/x86_64-linux-gnu/9/../../.. -L/glob/development-tools/versions/oneapi/2023.0.1/oneapi/compiler/2023.0.0/linux/bin-llvm/../lib -L/lib -L/usr/lib -L/glob/development-tools/versions/oneapi/2023.0.1/oneapi/vpl/2023.0.0/lib -L/glob/development-tools/versions/oneapi/2023.0.1/oneapi/tbb/2021.8.0/env/../lib/intel64/gcc4.8 -L/glob/development-tools/versions/oneapi/2023.0.1/oneapi/mpi/2021.8.0//libfabric/lib -L/glob/development-tools/versions/oneapi/2023.0.1/oneapi/mpi/2021.8.0//lib/release -L/glob/development-tools/versions/oneapi/2023.0.1/oneapi/mpi/2021.8.0//lib -L/glob/development-tools/versions/oneapi/2023.0.1/oneapi/mkl/2023.0.0/lib/intel64 -L/glob/development-tools/versions/oneapi/2023.0.1/oneapi/ipp/2021.7.0/lib/intel64 -L/glob/development-tools/versions/oneapi/2023.0.1/oneapi/ippcp/2021.6.3/lib/intel64 -L/glob/development-tools/versions/oneapi/2023.0.1/oneapi/ipp/2021.7.0/lib/intel64 -L/glob/development-tools/versions/oneapi/2023.0.1/oneapi/dnnl/2023.0.0/cpu_dpcpp_gpu_dpcpp/lib -L/glob/development-tools/versions/oneapi/2023.0.1/oneapi/dal/2023.0.0/lib/intel64 -L/glob/development-tools/versions/oneapi/2023.0.1/oneapi/compiler/2023.0.0/linux/compiler/lib/intel64_lin -L/glob/development-tools/versions/oneapi/2023.0.1/oneapi/compiler/2023.0.0/linux/lib -L/glob/development-tools/versions/oneapi/2023.0.1/oneapi/clck/2021.7.2/lib/intel64 -L/glob/development-tools/versions/oneapi/2023.0.1/oneapi/ccl/2021.8.0/lib/cpu_gpu_dpcpp CMakeFiles/cmTC_e2e41.dir/CMakeCXXCompilerABI.cpp.o -Bstatic -lsvml -Bdynamic -Bstatic -lirng -Bdynamic -lstdc++ -Bstatic -limf -Bdynamic -lm -lgcc_s -lgcc -Bstatic -lirc -Bdynamic -ldl -lgcc_s -lgcc -lc -lgcc_s -lgcc -Bstatic -lirc_s -Bdynamic /usr/lib/gcc/x86_64-linux-gnu/9/crtendS.o /lib/x86_64-linux-gnu/crtn.o
make[1]: Leaving directory '/home/u187015/about_ACIEPE/pp/code/SYCL/mandelbrot/build/CMakeFiles/CMakeTmp'



Parsed CXX implicit include dir info from above output: rv=done
  found start of include info
  found start of implicit include info
    add: [/glob/development-tools/versions/oneapi/2023.0.1/oneapi/vpl/2023.0.0/include]
    add: [/glob/development-tools/versions/oneapi/2023.0.1/oneapi/tbb/2021.8.0/env/../include]
    add: [/glob/development-tools/versions/oneapi/2023.0.1/oneapi/mpi/2021.8.0//include]
    add: [/glob/development-tools/versions/oneapi/2023.0.1/oneapi/mkl/2023.0.0/include]
    add: [/glob/development-tools/versions/oneapi/2023.0.1/oneapi/ipp/2021.7.0/include]
    add: [/glob/development-tools/versions/oneapi/2023.0.1/oneapi/ippcp/2021.6.3/include]
    add: [/glob/development-tools/versions/oneapi/2023.0.1/oneapi/dpl/2022.0.0/linux/include]
    add: [/glob/development-tools/versions/oneapi/2023.0.1/oneapi/dpcpp-ct/2023.0.0/include]
    add: [/glob/development-tools/versions/oneapi/2023.0.1/oneapi/dnnl/2023.0.0/cpu_dpcpp_gpu_dpcpp/include]
    add: [/glob/development-tools/versions/oneapi/2023.0.1/oneapi/dev-utilities/2021.8.0/include]
    add: [/glob/development-tools/versions/oneapi/2023.0.1/oneapi/dal/2023.0.0/include]
    add: [/glob/development-tools/versions/oneapi/2023.0.1/oneapi/ccl/2021.8.0/include/cpu_gpu_dpcpp]
    add: [/glob/development-tools/versions/oneapi/2023.0.1/oneapi/clck/2021.7.2/include]
    add: [/glob/development-tools/versions/oneapi/2023.0.1/oneapi/compiler/2023.0.0/linux/bin-llvm/../compiler/include]
    add: [/usr/lib/gcc/x86_64-linux-gnu/9/../../../../include/c++/9]
    add: [/usr/lib/gcc/x86_64-linux-gnu/9/../../../../include/x86_64-linux-gnu/c++/9]
    add: [/usr/lib/gcc/x86_64-linux-gnu/9/../../../../include/c++/9/backward]
    add: [/glob/development-tools/versions/oneapi/2023.0.1/oneapi/compiler/2023.0.0/linux/lib/clang/16.0.0/include]
    add: [/usr/local/include]
    add: [/usr/include/x86_64-linux-gnu]
    add: [/usr/include]
  end of search list found
  collapse include dir [/glob/development-tools/versions/oneapi/2023.0.1/oneapi/vpl/2023.0.0/include] ==> [/glob/development-tools/versions/oneapi/2023.0.1/oneapi/vpl/2023.0.0/include]
  collapse include dir [/glob/development-tools/versions/oneapi/2023.0.1/oneapi/tbb/2021.8.0/env/../include] ==> [/glob/development-tools/versions/oneapi/2023.0.1/oneapi/tbb/2021.8.0/include]
  collapse include dir [/glob/development-tools/versions/oneapi/2023.0.1/oneapi/mpi/2021.8.0//include] ==> [/glob/development-tools/versions/oneapi/2023.0.1/oneapi/mpi/2021.8.0/include]
  collapse include dir [/glob/development-tools/versions/oneapi/2023.0.1/oneapi/mkl/2023.0.0/include] ==> [/glob/development-tools/versions/oneapi/2023.0.1/oneapi/mkl/2023.0.0/include]
  collapse include dir [/glob/development-tools/versions/oneapi/2023.0.1/oneapi/ipp/2021.7.0/include] ==> [/glob/development-tools/versions/oneapi/2023.0.1/oneapi/ipp/2021.7.0/include]
  collapse include dir [/glob/development-tools/versions/oneapi/2023.0.1/oneapi/ippcp/2021.6.3/include] ==> [/glob/development-tools/versions/oneapi/2023.0.1/oneapi/ippcp/2021.6.3/include]
  collapse include dir [/glob/development-tools/versions/oneapi/2023.0.1/oneapi/dpl/2022.0.0/linux/include] ==> [/glob/development-tools/versions/oneapi/2023.0.1/oneapi/dpl/2022.0.0/linux/include]
  collapse include dir [/glob/development-tools/versions/oneapi/2023.0.1/oneapi/dpcpp-ct/2023.0.0/include] ==> [/glob/development-tools/versions/oneapi/2023.0.1/oneapi/dpcpp-ct/2023.0.0/include]
  collapse include dir [/glob/development-tools/versions/oneapi/2023.0.1/oneapi/dnnl/2023.0.0/cpu_dpcpp_gpu_dpcpp/include] ==> [/glob/development-tools/versions/oneapi/2023.0.1/oneapi/dnnl/2023.0.0/cpu_dpcpp_gpu_dpcpp/include]
  collapse include dir [/glob/development-tools/versions/oneapi/2023.0.1/oneapi/dev-utilities/2021.8.0/include] ==> [/glob/development-tools/versions/oneapi/2023.0.1/oneapi/dev-utilities/2021.8.0/include]
  collapse include dir [/glob/development-tools/versions/oneapi/2023.0.1/oneapi/dal/2023.0.0/include] ==> [/glob/development-tools/versions/oneapi/2023.0.1/oneapi/dal/2023.0.0/include]
  collapse include dir [/glob/development-tools/versions/oneapi/2023.0.1/oneapi/ccl/2021.8.0/include/cpu_gpu_dpcpp] ==> [/glob/development-tools/versions/oneapi/2023.0.1/oneapi/ccl/2021.8.0/include/cpu_gpu_dpcpp]
  collapse include dir [/glob/development-tools/versions/oneapi/2023.0.1/oneapi/clck/2021.7.2/include] ==> [/glob/development-tools/versions/oneapi/2023.0.1/oneapi/clck/2021.7.2/include]
  collapse include dir [/glob/development-tools/versions/oneapi/2023.0.1/oneapi/compiler/2023.0.0/linux/bin-llvm/../compiler/include] ==> [/glob/development-tools/versions/oneapi/2023.0.1/oneapi/compiler/2023.0.0/linux/compiler/include]
  collapse include dir [/usr/lib/gcc/x86_64-linux-gnu/9/../../../../include/c++/9] ==> [/usr/include/c++/9]
  collapse include dir [/usr/lib/gcc/x86_64-linux-gnu/9/../../../../include/x86_64-linux-gnu/c++/9] ==> [/usr/include/x86_64-linux-gnu/c++/9]
  collapse include dir [/usr/lib/gcc/x86_64-linux-gnu/9/../../../../include/c++/9/backward] ==> [/usr/include/c++/9/backward]
  collapse include dir [/glob/development-tools/versions/oneapi/2023.0.1/oneapi/compiler/2023.0.0/linux/lib/clang/16.0.0/include] ==> [/glob/development-tools/versions/oneapi/2023.0.1/oneapi/compiler/2023.0.0/linux/lib/clang/16.0.0/include]
  collapse include dir [/usr/local/include] ==> [/usr/local/include]
  collapse include dir [/usr/include/x86_64-linux-gnu] ==> [/usr/include/x86_64-linux-gnu]
  collapse include dir [/usr/include] ==> [/usr/include]
  implicit include dirs: [/glob/development-tools/versions/oneapi/2023.0.1/oneapi/vpl/2023.0.0/include;/glob/development-tools/versions/oneapi/2023.0.1/oneapi/tbb/2021.8.0/include;/glob/development-tools/versions/oneapi/2023.0.1/oneapi/mpi/2021.8.0/include;/glob/development-tools/versions/oneapi/2023.0.1/oneapi/mkl/2023.0.0/include;/glob/development-tools/versions/oneapi/2023.0.1/oneapi/ipp/2021.7.0/include;/glob/development-tools/versions/oneapi/2023.0.1/oneapi/ippcp/2021.6.3/include;/glob/development-tools/versions/oneapi/2023.0.1/oneapi/dpl/2022.0.0/linux/include;/glob/development-tools/versions/oneapi/2023.0.1/oneapi/dpcpp-ct/2023.0.0/include;/glob/development-tools/versions/oneapi/2023.0.1/oneapi/dnnl/2023.0.0/cpu_dpcpp_gpu_dpcpp/include;/glob/development-tools/versions/oneapi/2023.0.1/oneapi/dev-utilities/2021.8.0/include;/glob/development-tools/versions/oneapi/2023.0.1/oneapi/dal/2023.0.0/include;/glob/development-tools/versions/oneapi/2023.0.1/oneapi/ccl/2021.8.0/include/cpu_gpu_dpcpp;/glob/development-tools/versions/oneapi/2023.0.1/oneapi/clck/2021.7.2/include;/glob/development-tools/versions/oneapi/2023.0.1/oneapi/compiler/2023.0.0/linux/compiler/include;/usr/include/c++/9;/usr/include/x86_64-linux-gnu/c++/9;/usr/include/c++/9/backward;/glob/development-tools/versions/oneapi/2023.0.1/oneapi/compiler/2023.0.0/linux/lib/clang/16.0.0/include;/usr/local/include;/usr/include/x86_64-linux-gnu;/usr/include]


Parsed CXX implicit link information from above output:
  link line regex: [^( *|.*[/\])(ld|CMAKE_LINK_STARTFILE-NOTFOUND|([^/\]+-)?ld|collect2)[^/\]*( |$)]
  ignore line: [Change Dir: /home/u187015/about_ACIEPE/pp/code/SYCL/mandelbrot/build/CMakeFiles/CMakeTmp]
  ignore line: []
  ignore line: [Run Build Command(s):/usr/bin/make cmTC_e2e41/fast && /usr/bin/make -f CMakeFiles/cmTC_e2e41.dir/build.make CMakeFiles/cmTC_e2e41.dir/build]
  ignore line: [make[1]: Entering directory '/home/u187015/about_ACIEPE/pp/code/SYCL/mandelbrot/build/CMakeFiles/CMakeTmp']
  ignore line: [Building CXX object CMakeFiles/cmTC_e2e41.dir/CMakeCXXCompilerABI.cpp.o]
  ignore line: [/glob/development-tools/versions/oneapi/2023.0.1/oneapi/compiler/2023.0.0/linux/bin/icpx    -v -o CMakeFiles/cmTC_e2e41.dir/CMakeCXXCompilerABI.cpp.o -c /usr/share/cmake-3.16/Modules/CMakeCXXCompilerABI.cpp]
  ignore line: [Intel(R) oneAPI DPC++/C++ Compiler 2023.0.0 (2023.0.0.20221201)]
  ignore line: [Target: x86_64-unknown-linux-gnu]
  ignore line: [Thread model: posix]
  ignore line: [InstalledDir: /glob/development-tools/versions/oneapi/2023.0.1/oneapi/compiler/2023.0.0/linux/bin-llvm]
  ignore line: [Configuration file: /glob/development-tools/versions/oneapi/2023.0.1/oneapi/compiler/2023.0.0/linux/bin-llvm/../bin/icpx.cfg]
  ignore line: [Found candidate GCC installation: /usr/lib/gcc/x86_64-linux-gnu/9]
  ignore line: [Selected GCC installation: /usr/lib/gcc/x86_64-linux-gnu/9]
  ignore line: [Candidate multilib: .]
  ignore line: [@m64]
  ignore line: [Selected multilib: .]
  ignore line: [@m64]
  ignore line: [ (in-process)]
  ignore line: [ "/glob/development-tools/versions/oneapi/2023.0.1/oneapi/compiler/2023.0.0/linux/bin-llvm/clang++" -cc1 -triple x86_64-unknown-linux-gnu -emit-obj --mrelax-relocations -disable-free -clear-ast-before-backend -disable-llvm-verifier -discard-value-names -main-file-name CMakeCXXCompilerABI.cpp -mrelocation-model static -fveclib=SVML -mframe-pointer=none -menable-no-infs -menable-no-nans -fapprox-func -menable-unsafe-fp-math -fno-signed-zeros -mreassociate -freciprocal-math -fdenormal-fp-math=preserve-sign preserve-sign -ffp-contract=fast -fno-rounding-math -ffast-math -ffinite-math-only -mconstructor-aliases -funwind-tables=2 -target-cpu x86-64 -mllvm -x86-enable-unaligned-vector-move=true -tune-cpu generic -mllvm -treat-scalable-fixed-error-as-warning -debugger-tuning=gdb -v -fcoverage-compilation-dir=/home/u187015/about_ACIEPE/pp/code/SYCL/mandelbrot/build/CMakeFiles/CMakeTmp -resource-dir /glob/development-tools/versions/oneapi/2023.0.1/oneapi/compiler/2023.0.0/linux/lib/clang/16.0.0 -I/glob/development-tools/versions/oneapi/2023.0.1/oneapi/vpl/2023.0.0/include -I/glob/development-tools/versions/oneapi/2023.0.1/oneapi/tbb/2021.8.0/env/../include -I/glob/development-tools/versions/oneapi/2023.0.1/oneapi/mpi/2021.8.0//include -I/glob/development-tools/versions/oneapi/2023.0.1/oneapi/mkl/2023.0.0/include -I/glob/development-tools/versions/oneapi/2023.0.1/oneapi/ipp/2021.7.0/include -I/glob/development-tools/versions/oneapi/2023.0.1/oneapi/ippcp/2021.6.3/include -I/glob/development-tools/versions/oneapi/2023.0.1/oneapi/ipp/2021.7.0/include -I/glob/development-tools/versions/oneapi/2023.0.1/oneapi/dpl/2022.0.0/linux/include -I/glob/development-tools/versions/oneapi/2023.0.1/oneapi/dpcpp-ct/2023.0.0/include -I/glob/development-tools/versions/oneapi/2023.0.1/oneapi/dnnl/2023.0.0/cpu_dpcpp_gpu_dpcpp/include -I/glob/development-tools/versions/oneapi/2023.0.1/oneapi/dev-utilities/2021.8.0/include -I/glob/development-tools/versions/oneapi/2023.0.1/oneapi/dal/2023.0.0/include -I/glob/development-tools/versions/oneapi/2023.0.1/oneapi/ccl/2021.8.0/include/cpu_gpu_dpcpp -cxx-isystem /glob/development-tools/versions/oneapi/2023.0.1/oneapi/clck/2021.7.2/include -internal-isystem /glob/development-tools/versions/oneapi/2023.0.1/oneapi/compiler/2023.0.0/linux/bin-llvm/../compiler/include -internal-isystem /usr/lib/gcc/x86_64-linux-gnu/9/../../../../include/c++/9 -internal-isystem /usr/lib/gcc/x86_64-linux-gnu/9/../../../../include/x86_64-linux-gnu/c++/9 -internal-isystem /usr/lib/gcc/x86_64-linux-gnu/9/../../../../include/c++/9/backward -internal-isystem /glob/development-tools/versions/oneapi/2023.0.1/oneapi/compiler/2023.0.0/linux/lib/clang/16.0.0/include -internal-isystem /usr/local/include -internal-isystem /usr/lib/gcc/x86_64-linux-gnu/9/../../../../x86_64-linux-gnu/include -internal-externc-isystem /usr/include/x86_64-linux-gnu -internal-externc-isystem /include -internal-externc-isystem /usr/include -O2 -fdeprecated-macro -fdebug-compilation-dir=/home/u187015/about_ACIEPE/pp/code/SYCL/mandelbrot/build/CMakeFiles/CMakeTmp -ferror-limit 19 -fheinous-gnu-extensions -fgnuc-version=4.2.1 -no-opaque-pointers -fcxx-exceptions -fexceptions -vectorize-loops -vectorize-slp -D__GCC_HAVE_DWARF2_CFI_ASM=1 -fintel-compatibility -fintel-libirc-allowed -mllvm -disable-hir-generate-mkl-call -mllvm -loopopt=1 -floopopt-pipeline=light -mllvm -intel-abi-compatible=true -o CMakeFiles/cmTC_e2e41.dir/CMakeCXXCompilerABI.cpp.o -x c++ /usr/share/cmake-3.16/Modules/CMakeCXXCompilerABI.cpp]
  ignore line: [clang -cc1 version 16.0.0 based upon LLVM 16.0.0git default target x86_64-unknown-linux-gnu]
  ignore line: [ignoring nonexistent directory "/usr/lib/gcc/x86_64-linux-gnu/9/../../../../x86_64-linux-gnu/include"]
  ignore line: [ignoring nonexistent directory "/include"]
  ignore line: [ignoring duplicate directory "/glob/development-tools/versions/oneapi/2023.0.1/oneapi/ipp/2021.7.0/include"]
  ignore line: [#include "..." search starts here:]
  ignore line: [#include <...> search starts here:]
  ignore line: [ /glob/development-tools/versions/oneapi/2023.0.1/oneapi/vpl/2023.0.0/include]
  ignore line: [ /glob/development-tools/versions/oneapi/2023.0.1/oneapi/tbb/2021.8.0/env/../include]
  ignore line: [ /glob/development-tools/versions/oneapi/2023.0.1/oneapi/mpi/2021.8.0//include]
  ignore line: [ /glob/development-tools/versions/oneapi/2023.0.1/oneapi/mkl/2023.0.0/include]
  ignore line: [ /glob/development-tools/versions/oneapi/2023.0.1/oneapi/ipp/2021.7.0/include]
  ignore line: [ /glob/development-tools/versions/oneapi/2023.0.1/oneapi/ippcp/2021.6.3/include]
  ignore line: [ /glob/development-tools/versions/oneapi/2023.0.1/oneapi/dpl/2022.0.0/linux/include]
  ignore line: [ /glob/development-tools/versions/oneapi/2023.0.1/oneapi/dpcpp-ct/2023.0.0/include]
  ignore line: [ /glob/development-tools/versions/oneapi/2023.0.1/oneapi/dnnl/2023.0.0/cpu_dpcpp_gpu_dpcpp/include]
  ignore line: [ /glob/development-tools/versions/oneapi/2023.0.1/oneapi/dev-utilities/2021.8.0/include]
  ignore line: [ /glob/development-tools/versions/oneapi/2023.0.1/oneapi/dal/2023.0.0/include]
  ignore line: [ /glob/development-tools/versions/oneapi/2023.0.1/oneapi/ccl/2021.8.0/include/cpu_gpu_dpcpp]
  ignore line: [ /glob/development-tools/versions/oneapi/2023.0.1/oneapi/clck/2021.7.2/include]
  ignore line: [ /glob/development-tools/versions/oneapi/2023.0.1/oneapi/compiler/2023.0.0/linux/bin-llvm/../compiler/include]
  ignore line: [ /usr/lib/gcc/x86_64-linux-gnu/9/../../../../include/c++/9]
  ignore line: [ /usr/lib/gcc/x86_64-linux-gnu/9/../../../../include/x86_64-linux-gnu/c++/9]
  ignore line: [ /usr/lib/gcc/x86_64-linux-gnu/9/../../../../include/c++/9/backward]
  ignore line: [ /glob/development-tools/versions/oneapi/2023.0.1/oneapi/compiler/2023.0.0/linux/lib/clang/16.0.0/include]
  ignore line: [ /usr/local/include]
  ignore line: [ /usr/include/x86_64-linux-gnu]
  ignore line: [ /usr/include]
  ignore line: [End of search list.]
  ignore line: [Linking CXX executable cmTC_e2e41]
  ignore line: [/usr/bin/cmake -E cmake_link_script CMakeFiles/cmTC_e2e41.dir/link.txt --verbose=1]
  ignore line: [/glob/development-tools/versions/oneapi/2023.0.1/oneapi/compiler/2023.0.0/linux/bin/icpx      -v CMakeFiles/cmTC_e2e41.dir/CMakeCXXCompilerABI.cpp.o  -o cmTC_e2e41 ]
  ignore line: [Intel(R) oneAPI DPC++/C++ Compiler 2023.0.0 (2023.0.0.20221201)]
  ignore line: [Target: x86_64-unknown-linux-gnu]
  ignore line: [Thread model: posix]
  ignore line: [InstalledDir: /glob/development-tools/versions/oneapi/2023.0.1/oneapi/compiler/2023.0.0/linux/bin-llvm]
  ignore line: [Configuration file: /glob/development-tools/versions/oneapi/2023.0.1/oneapi/compiler/2023.0.0/linux/bin-llvm/../bin/icpx.cfg]
  ignore line: [Found candidate GCC installation: /usr/lib/gcc/x86_64-linux-gnu/9]
  ignore line: [Selected GCC installation: /usr/lib/gcc/x86_64-linux-gnu/9]
  ignore line: [Candidate multilib: .]
  ignore line: [@m64]
  ignore line: [Selected multilib: .]
  ignore line: [@m64]
  link line: [ "/usr/bin/ld" -z relro --hash-style=gnu --eh-frame-hdr -m elf_x86_64 -dynamic-linker /lib64/ld-linux-x86-64.so.2 -o cmTC_e2e41 /lib/x86_64-linux-gnu/Scrt1.o /lib/x86_64-linux-gnu/crti.o /usr/lib/gcc/x86_64-linux-gnu/9/crtbeginS.o -L/glob/development-tools/versions/oneapi/2023.0.1/oneapi/compiler/2023.0.0/linux/bin-llvm/../compiler/lib/intel64_lin -L/glob/development-tools/versions/oneapi/2023.0.1/oneapi/compiler/2023.0.0/linux/bin-llvm/../lib -L/glob/development-tools/versions/oneapi/2023.0.1/oneapi/compiler/2023.0.0/linux/bin-llvm/../compiler/lib/intel64_lin -L/usr/lib/gcc/x86_64-linux-gnu/9 -L/usr/lib/gcc/x86_64-linux-gnu/9/../../../../lib64 -L/lib/x86_64-linux-gnu -L/lib/../lib64 -L/usr/lib/x86_64-linux-gnu -L/usr/lib/../lib64 -L/usr/lib/gcc/x86_64-linux-gnu/9/../../.. -L/glob/development-tools/versions/oneapi/2023.0.1/oneapi/compiler/2023.0.0/linux/bin-llvm/../lib -L/lib -L/usr/lib -L/glob/development-tools/versions/oneapi/2023.0.1/oneapi/vpl/2023.0.0/lib -L/glob/development-tools/versions/oneapi/2023.0.1/oneapi/tbb/2021.8.0/env/../lib/intel64/gcc4.8 -L/glob/development-tools/versions/oneapi/2023.0.1/oneapi/mpi/2021.8.0//libfabric/lib -L/glob/development-tools/versions/oneapi/2023.0.1/oneapi/mpi/2021.8.0//lib/release -L/glob/development-tools/versions/oneapi/2023.0.1/oneapi/mpi/2021.8.0//lib -L/glob/development-tools/versions/oneapi/2023.0.1/oneapi/mkl/2023.0.0/lib/intel64 -L/glob/development-tools/versions/oneapi/2023.0.1/oneapi/ipp/2021.7.0/lib/intel64 -L/glob/development-tools/versions/oneapi/2023.0.1/oneapi/ippcp/2021.6.3/lib/intel64 -L/glob/development-tools/versions/oneapi/2023.0.1/oneapi/ipp/2021.7.0/lib/intel64 -L/glob/development-tools/versions/oneapi/2023.0.1/oneapi/dnnl/2023.0.0/cpu_dpcpp_gpu_dpcpp/lib -L/glob/development-tools/versions/oneapi/2023.0.1/oneapi/dal/2023.0.0/lib/intel64 -L/glob/development-tools/versions/oneapi/2023.0.1/oneapi/compiler/2023.0.0/linux/compiler/lib/intel64_lin -L/glob/development-tools/versions/oneapi/2023.0.1/oneapi/compiler/2023.0.0/linux/lib -L/glob/development-tools/versions/oneapi/2023.0.1/oneapi/clck/2021.7.2/lib/intel64 -L/glob/development-tools/versions/oneapi/2023.0.1/oneapi/ccl/2021.8.0/lib/cpu_gpu_dpcpp CMakeFiles/cmTC_e2e41.dir/CMakeCXXCompilerABI.cpp.o -Bstatic -lsvml -Bdynamic -Bstatic -lirng -Bdynamic -lstdc++ -Bstatic -limf -Bdynamic -lm -lgcc_s -lgcc -Bstatic -lirc -Bdynamic -ldl -lgcc_s -lgcc -lc -lgcc_s -lgcc -Bstatic -lirc_s -Bdynamic /usr/lib/gcc/x86_64-linux-gnu/9/crtendS.o /lib/x86_64-linux-gnu/crtn.o]
    arg [/usr/bin/ld] ==> ignore
    arg [-zrelro] ==> ignore
    arg [--hash-style=gnu] ==> ignore
    arg [--eh-frame-hdr] ==> ignore
    arg [-m] ==> ignore
    arg [elf_x86_64] ==> ignore
    arg [-dynamic-linker] ==> ignore
    arg [/lib64/ld-linux-x86-64.so.2] ==> ignore
    arg [-o] ==> ignore
    arg [cmTC_e2e41] ==> ignore
    arg [/lib/x86_64-linux-gnu/Scrt1.o] ==> ignore
    arg [/lib/x86_64-linux-gnu/crti.o] ==> ignore
    arg [/usr/lib/gcc/x86_64-linux-gnu/9/crtbeginS.o] ==> ignore
    arg [-L/glob/development-tools/versions/oneapi/2023.0.1/oneapi/compiler/2023.0.0/linux/bin-llvm/../compiler/lib/intel64_lin] ==> dir [/glob/development-tools/versions/oneapi/2023.0.1/oneapi/compiler/2023.0.0/linux/bin-llvm/../compiler/lib/intel64_lin]
    arg [-L/glob/development-tools/versions/oneapi/2023.0.1/oneapi/compiler/2023.0.0/linux/bin-llvm/../lib] ==> dir [/glob/development-tools/versions/oneapi/2023.0.1/oneapi/compiler/2023.0.0/linux/bin-llvm/../lib]
    arg [-L/glob/development-tools/versions/oneapi/2023.0.1/oneapi/compiler/2023.0.0/linux/bin-llvm/../compiler/lib/intel64_lin] ==> dir [/glob/development-tools/versions/oneapi/2023.0.1/oneapi/compiler/2023.0.0/linux/bin-llvm/../compiler/lib/intel64_lin]
    arg [-L/usr/lib/gcc/x86_64-linux-gnu/9] ==> dir [/usr/lib/gcc/x86_64-linux-gnu/9]
    arg [-L/usr/lib/gcc/x86_64-linux-gnu/9/../../../../lib64] ==> dir [/usr/lib/gcc/x86_64-linux-gnu/9/../../../../lib64]
    arg [-L/lib/x86_64-linux-gnu] ==> dir [/lib/x86_64-linux-gnu]
    arg [-L/lib/../lib64] ==> dir [/lib/../lib64]
    arg [-L/usr/lib/x86_64-linux-gnu] ==> dir [/usr/lib/x86_64-linux-gnu]
    arg [-L/usr/lib/../lib64] ==> dir [/usr/lib/../lib64]
    arg [-L/usr/lib/gcc/x86_64-linux-gnu/9/../../..] ==> dir [/usr/lib/gcc/x86_64-linux-gnu/9/../../..]
    arg [-L/glob/development-tools/versions/oneapi/2023.0.1/oneapi/compiler/2023.0.0/linux/bin-llvm/../lib] ==> dir [/glob/development-tools/versions/oneapi/2023.0.1/oneapi/compiler/2023.0.0/linux/bin-llvm/../lib]
    arg [-L/lib] ==> dir [/lib]
    arg [-L/usr/lib] ==> dir [/usr/lib]
    arg [-L/glob/development-tools/versions/oneapi/2023.0.1/oneapi/vpl/2023.0.0/lib] ==> dir [/glob/development-tools/versions/oneapi/2023.0.1/oneapi/vpl/2023.0.0/lib]
    arg [-L/glob/development-tools/versions/oneapi/2023.0.1/oneapi/tbb/2021.8.0/env/../lib/intel64/gcc4.8] ==> dir [/glob/development-tools/versions/oneapi/2023.0.1/oneapi/tbb/2021.8.0/env/../lib/intel64/gcc4.8]
    arg [-L/glob/development-tools/versions/oneapi/2023.0.1/oneapi/mpi/2021.8.0//libfabric/lib] ==> dir [/glob/development-tools/versions/oneapi/2023.0.1/oneapi/mpi/2021.8.0//libfabric/lib]
    arg [-L/glob/development-tools/versions/oneapi/2023.0.1/oneapi/mpi/2021.8.0//lib/release] ==> dir [/glob/development-tools/versions/oneapi/2023.0.1/oneapi/mpi/2021.8.0//lib/release]
    arg [-L/glob/development-tools/versions/oneapi/2023.0.1/oneapi/mpi/2021.8.0//lib] ==> dir [/glob/development-tools/versions/oneapi/2023.0.1/oneapi/mpi/2021.8.0//lib]
    arg [-L/glob/development-tools/versions/oneapi/2023.0.1/oneapi/mkl/2023.0.0/lib/intel64] ==> dir [/glob/development-tools/versions/oneapi/2023.0.1/oneapi/mkl/2023.0.0/lib/intel64]
    arg [-L/glob/development-tools/versions/oneapi/2023.0.1/oneapi/ipp/2021.7.0/lib/intel64] ==> dir [/glob/development-tools/versions/oneapi/2023.0.1/oneapi/ipp/2021.7.0/lib/intel64]
    arg [-L/glob/development-tools/versions/oneapi/2023.0.1/oneapi/ippcp/2021.6.3/lib/intel64] ==> dir [/glob/development-tools/versions/oneapi/2023.0.1/oneapi/ippcp/2021.6.3/lib/intel64]
    arg [-L/glob/development-tools/versions/oneapi/2023.0.1/oneapi/ipp/2021.7.0/lib/intel64] ==> dir [/glob/development-tools/versions/oneapi/2023.0.1/oneapi/ipp/2021.7.0/lib/intel64]
    arg [-L/glob/development-tools/versions/oneapi/2023.0.1/oneapi/dnnl/2023.0.0/cpu_dpcpp_gpu_dpcpp/lib] ==> dir [/glob/development-tools/versions/oneapi/2023.0.1/oneapi/dnnl/2023.0.0/cpu_dpcpp_gpu_dpcpp/lib]
    arg [-L/glob/development-tools/versions/oneapi/2023.0.1/oneapi/dal/2023.0.0/lib/intel64] ==> dir [/glob/development-tools/versions/oneapi/2023.0.1/oneapi/dal/2023.0.0/lib/intel64]
    arg [-L/glob/development-tools/versions/oneapi/2023.0.1/oneapi/compiler/2023.0.0/linux/compiler/lib/intel64_lin] ==> dir [/glob/development-tools/versions/oneapi/2023.0.1/oneapi/compiler/2023.0.0/linux/compiler/lib/intel64_lin]
    arg [-L/glob/development-tools/versions/oneapi/2023.0.1/oneapi/compiler/2023.0.0/linux/lib] ==> dir [/glob/development-tools/versions/oneapi/2023.0.1/oneapi/compiler/2023.0.0/linux/lib]
    arg [-L/glob/development-tools/versions/oneapi/2023.0.1/oneapi/clck/2021.7.2/lib/intel64] ==> dir [/glob/development-tools/versions/oneapi/2023.0.1/oneapi/clck/2021.7.2/lib/intel64]
    arg [-L/glob/development-tools/versions/oneapi/2023.0.1/oneapi/ccl/2021.8.0/lib/cpu_gpu_dpcpp] ==> dir [/glob/development-tools/versions/oneapi/2023.0.1/oneapi/ccl/2021.8.0/lib/cpu_gpu_dpcpp]
    arg [CMakeFiles/cmTC_e2e41.dir/CMakeCXXCompilerABI.cpp.o] ==> ignore
    arg [-Bstatic] ==> ignore
    arg [-lsvml] ==> lib [svml]
    arg [-Bdynamic] ==> ignore
    arg [-Bstatic] ==> ignore
    arg [-lirng] ==> lib [irng]
    arg [-Bdynamic] ==> ignore
    arg [-lstdc++] ==> lib [stdc++]
    arg [-Bstatic] ==> ignore
    arg [-limf] ==> lib [imf]
    arg [-Bdynamic] ==> ignore
    arg [-lm] ==> lib [m]
    arg [-lgcc_s] ==> lib [gcc_s]
    arg [-lgcc] ==> lib [gcc]
    arg [-Bstatic] ==> ignore
    arg [-lirc] ==> lib [irc]
    arg [-Bdynamic] ==> ignore
    arg [-ldl] ==> lib [dl]
    arg [-lgcc_s] ==> lib [gcc_s]
    arg [-lgcc] ==> lib [gcc]
    arg [-lc] ==> lib [c]
    arg [-lgcc_s] ==> lib [gcc_s]
    arg [-lgcc] ==> lib [gcc]
    arg [-Bstatic] ==> ignore
    arg [-lirc_s] ==> lib [irc_s]
    arg [-Bdynamic] ==> ignore
    arg [/usr/lib/gcc/x86_64-linux-gnu/9/crtendS.o] ==> ignore
    arg [/lib/x86_64-linux-gnu/crtn.o] ==> ignore
  collapse library dir [/glob/development-tools/versions/oneapi/2023.0.1/oneapi/compiler/2023.0.0/linux/bin-llvm/../compiler/lib/intel64_lin] ==> [/glob/development-tools/versions/oneapi/2023.0.1/oneapi/compiler/2023.0.0/linux/compiler/lib/intel64_lin]
  collapse library dir [/glob/development-tools/versions/oneapi/2023.0.1/oneapi/compiler/2023.0.0/linux/bin-llvm/../lib] ==> [/glob/development-tools/versions/oneapi/2023.0.1/oneapi/compiler/2023.0.0/linux/lib]
  collapse library dir [/glob/development-tools/versions/oneapi/2023.0.1/oneapi/compiler/2023.0.0/linux/bin-llvm/../compiler/lib/intel64_lin] ==> [/glob/development-tools/versions/oneapi/2023.0.1/oneapi/compiler/2023.0.0/linux/compiler/lib/intel64_lin]
  collapse library dir [/usr/lib/gcc/x86_64-linux-gnu/9] ==> [/usr/lib/gcc/x86_64-linux-gnu/9]
  collapse library dir [/usr/lib/gcc/x86_64-linux-gnu/9/../../../../lib64] ==> [/usr/lib64]
  collapse library dir [/lib/x86_64-linux-gnu] ==> [/lib/x86_64-linux-gnu]
  collapse library dir [/lib/../lib64] ==> [/lib64]
  collapse library dir [/usr/lib/x86_64-linux-gnu] ==> [/usr/lib/x86_64-linux-gnu]
  collapse library dir [/usr/lib/../lib64] ==> [/usr/lib64]
  collapse library dir [/usr/lib/gcc/x86_64-linux-gnu/9/../../..] ==> [/usr/lib]
  collapse library dir [/glob/development-tools/versions/oneapi/2023.0.1/oneapi/compiler/2023.0.0/linux/bin-llvm/../lib] ==> [/glob/development-tools/versions/oneapi/2023.0.1/oneapi/compiler/2023.0.0/linux/lib]
  collapse library dir [/lib] ==> [/lib]
  collapse library dir [/usr/lib] ==> [/usr/lib]
  collapse library dir [/glob/development-tools/versions/oneapi/2023.0.1/oneapi/vpl/2023.0.0/lib] ==> [/glob/development-tools/versions/oneapi/2023.0.1/oneapi/vpl/2023.0.0/lib]
  collapse library dir [/glob/development-tools/versions/oneapi/2023.0.1/oneapi/tbb/2021.8.0/env/../lib/intel64/gcc4.8] ==> [/glob/development-tools/versions/oneapi/2023.0.1/oneapi/tbb/2021.8.0/lib/intel64/gcc4.8]
  collapse library dir [/glob/development-tools/versions/oneapi/2023.0.1/oneapi/mpi/2021.8.0//libfabric/lib] ==> [/glob/development-tools/versions/oneapi/2023.0.1/oneapi/mpi/2021.8.0/libfabric/lib]
  collapse library dir [/glob/development-tools/versions/oneapi/2023.0.1/oneapi/mpi/2021.8.0//lib/release] ==> [/glob/development-tools/versions/oneapi/2023.0.1/oneapi/mpi/2021.8.0/lib/release]
  collapse library dir [/glob/development-tools/versions/oneapi/2023.0.1/oneapi/mpi/2021.8.0//lib] ==> [/glob/development-tools/versions/oneapi/2023.0.1/oneapi/mpi/2021.8.0/lib]
  collapse library dir [/glob/development-tools/versions/oneapi/2023.0.1/oneapi/mkl/2023.0.0/lib/intel64] ==> [/glob/development-tools/versions/oneapi/2023.0.1/oneapi/mkl/2023.0.0/lib/intel64]
  collapse library dir [/glob/development-tools/versions/oneapi/2023.0.1/oneapi/ipp/2021.7.0/lib/intel64] ==> [/glob/development-tools/versions/oneapi/2023.0.1/oneapi/ipp/2021.7.0/lib/intel64]
  collapse library dir [/glob/development-tools/versions/oneapi/2023.0.1/oneapi/ippcp/2021.6.3/lib/intel64] ==> [/glob/development-tools/versions/oneapi/2023.0.1/oneapi/ippcp/2021.6.3/lib/intel64]
  collapse library dir [/glob/development-tools/versions/oneapi/2023.0.1/oneapi/ipp/2021.7.0/lib/intel64] ==> [/glob/development-tools/versions/oneapi/2023.0.1/oneapi/ipp/2021.7.0/lib/intel64]
  collapse library dir [/glob/development-tools/versions/oneapi/2023.0.1/oneapi/dnnl/2023.0.0/cpu_dpcpp_gpu_dpcpp/lib] ==> [/glob/development-tools/versions/oneapi/2023.0.1/oneapi/dnnl/2023.0.0/cpu_dpcpp_gpu_dpcpp/lib]
  collapse library dir [/glob/development-tools/versions/oneapi/2023.0.1/oneapi/dal/2023.0.0/lib/intel64] ==> [/glob/development-tools/versions/oneapi/2023.0.1/oneapi/dal/2023.0.0/lib/intel64]
  collapse library dir [/glob/development-tools/versions/oneapi/2023.0.1/oneapi/compiler/2023.0.0/linux/compiler/lib/intel64_lin] ==> [/glob/development-tools/versions/oneapi/2023.0.1/oneapi/compiler/2023.0.0/linux/compiler/lib/intel64_lin]
  collapse library dir [/glob/development-tools/versions/oneapi/2023.0.1/oneapi/compiler/2023.0.0/linux/lib] ==> [/glob/development-tools/versions/oneapi/2023.0.1/oneapi/compiler/2023.0.0/linux/lib]
  collapse library dir [/glob/development-tools/versions/oneapi/2023.0.1/oneapi/clck/2021.7.2/lib/intel64] ==> [/glob/development-tools/versions/oneapi/2023.0.1/oneapi/clck/2021.7.2/lib/intel64]
  collapse library dir [/glob/development-tools/versions/oneapi/2023.0.1/oneapi/ccl/2021.8.0/lib/cpu_gpu_dpcpp] ==> [/glob/development-tools/versions/oneapi/2023.0.1/oneapi/ccl/2021.8.0/lib/cpu_gpu_dpcpp]
  implicit libs: [svml;irng;stdc++;imf;m;gcc_s;gcc;irc;dl;gcc_s;gcc;c;gcc_s;gcc;irc_s]
  implicit dirs: [/glob/development-tools/versions/oneapi/2023.0.1/oneapi/compiler/2023.0.0/linux/compiler/lib/intel64_lin;/glob/development-tools/versions/oneapi/2023.0.1/oneapi/compiler/2023.0.0/linux/lib;/usr/lib/gcc/x86_64-linux-gnu/9;/usr/lib64;/lib/x86_64-linux-gnu;/lib64;/usr/lib/x86_64-linux-gnu;/usr/lib;/lib;/glob/development-tools/versions/oneapi/2023.0.1/oneapi/vpl/2023.0.0/lib;/glob/development-tools/versions/oneapi/2023.0.1/oneapi/tbb/2021.8.0/lib/intel64/gcc4.8;/glob/development-tools/versions/oneapi/2023.0.1/oneapi/mpi/2021.8.0/libfabric/lib;/glob/development-tools/versions/oneapi/2023.0.1/oneapi/mpi/2021.8.0/lib/release;/glob/development-tools/versions/oneapi/2023.0.1/oneapi/mpi/2021.8.0/lib;/glob/development-tools/versions/oneapi/2023.0.1/oneapi/mkl/2023.0.0/lib/intel64;/glob/development-tools/versions/oneapi/2023.0.1/oneapi/ipp/2021.7.0/lib/intel64;/glob/development-tools/versions/oneapi/2023.0.1/oneapi/ippcp/2021.6.3/lib/intel64;/glob/development-tools/versions/oneapi/2023.0.1/oneapi/dnnl/2023.0.0/cpu_dpcpp_gpu_dpcpp/lib;/glob/development-tools/versions/oneapi/2023.0.1/oneapi/dal/2023.0.0/lib/intel64;/glob/development-tools/versions/oneapi/2023.0.1/oneapi/clck/2021.7.2/lib/intel64;/glob/development-tools/versions/oneapi/2023.0.1/oneapi/ccl/2021.8.0/lib/cpu_gpu_dpcpp]
  implicit fwks: []


