<?xml version="1.0" encoding="utf-8"?>
<log version="1.0" tool="runtool">

<msg id="1" tool="runtool">
  <type>log-start</type>
  <arg>2023/02/28 12:45:20</arg>
</msg>
<msg id="2" tool="runtool">
  <type>bandwidth-measurement-starts</type>
</msg>
<msg id="3" tool="runtool">
  <type>bandwidth-measurement-done</type>
</msg>
<msg id="4" tool="runtool">
  <type>collector-starts</type>
</msg>
<msg id="5" tool="runtool">
  <type>marker-file</type>
  <arg>/home/u187015/about_ACIEPE/pp/code/SYCL/DiscreteCosineTransform/build/src/adv/e000/trc009/trc009.advixe</arg>
</msg>
<msg id="6" tool="trc">
  <type>PROCESS_START</type>
  <arg>/home/u187015/about_ACIEPE/pp/code/SYCL/DiscreteCosineTransform/build/src/dct</arg>
  <arg>2110960</arg>
  <severity>INFO</severity>
  <timestamp>Tue Feb 28 12:45:33 2023</timestamp>
</msg>
<msg id="7" tool="trc">
  <type>PROCESS_ANALYSIS_MODE</type>
  <arg>full</arg>
  <severity>INFO</severity>
  <timestamp>Tue Feb 28 12:45:33 2023</timestamp>
</msg>
<msg id="8" tool="trc">
  <type>LOAD_MODULE</type>
  <arg>/home/u187015/about_ACIEPE/pp/code/SYCL/DiscreteCosineTransform/build/src/dct</arg>
  <arg>0x400000</arg>
  <arg>0x59152f</arg>
  <arg>yes</arg>
  <severity>INFO</severity>
  <timestamp>Tue Feb 28 12:45:33 2023</timestamp>
</msg>
<msg id="9" tool="trc">
  <type>LOAD_MODULE</type>
  <arg>/lib64/ld-linux-x86-64.so.2</arg>
  <arg>0x7f5ed7cb1000</arg>
  <arg>0x7f5ed7ce018f</arg>
  <arg>no</arg>
  <severity>INFO</severity>
  <timestamp>Tue Feb 28 12:45:33 2023</timestamp>
</msg>
<msg id="10" tool="trc">
  <type>LOAD_MODULE</type>
  <arg>[vdso]</arg>
  <arg>0x7ffeb398f000</arg>
  <arg>0x7ffeb398fa3b</arg>
  <arg>no</arg>
  <severity>INFO</severity>
  <timestamp>Tue Feb 28 12:45:33 2023</timestamp>
</msg>
<msg id="11" tool="trc">
  <type>LOAD_MODULE</type>
  <arg>/glob/development-tools/versions/oneapi/2023.0.1/oneapi/compiler/2023.0.0/linux/lib/libOpenCL.so.1</arg>
  <arg>0x7f5ec11bf000</arg>
  <arg>0x7f5ec11cd87b</arg>
  <arg>yes</arg>
  <severity>INFO</severity>
  <timestamp>Tue Feb 28 12:45:34 2023</timestamp>
</msg>
<msg id="12" tool="trc">
  <type>LOAD_MODULE</type>
  <arg>/glob/development-tools/versions/oneapi/2023.0.1/oneapi/compiler/2023.0.0/linux/lib/libsycl.so.6</arg>
  <arg>0x7f5ec0e7d000</arg>
  <arg>0x7f5ec1161a8f</arg>
  <arg>yes</arg>
  <severity>INFO</severity>
  <timestamp>Tue Feb 28 12:45:34 2023</timestamp>
</msg>
<msg id="13" tool="trc">
  <type>LOAD_MODULE</type>
  <arg>/lib/x86_64-linux-gnu/libstdc++.so.6</arg>
  <arg>0x7f5ec0b68000</arg>
  <arg>0x7f5ec0d497ff</arg>
  <arg>no</arg>
  <severity>INFO</severity>
  <timestamp>Tue Feb 28 12:45:34 2023</timestamp>
</msg>
<msg id="14" tool="trc">
  <type>LOAD_MODULE</type>
  <arg>/lib/x86_64-linux-gnu/libm.so.6</arg>
  <arg>0x7f5ec09a5000</arg>
  <arg>0x7f5ec0af310f</arg>
  <arg>no</arg>
  <severity>INFO</severity>
  <timestamp>Tue Feb 28 12:45:34 2023</timestamp>
</msg>
<msg id="15" tool="trc">
  <type>LOAD_MODULE</type>
  <arg>/lib/x86_64-linux-gnu/libgcc_s.so.1</arg>
  <arg>0x7f5ec0969000</arg>
  <arg>0x7f5ec0983447</arg>
  <arg>no</arg>
  <severity>INFO</severity>
  <timestamp>Tue Feb 28 12:45:34 2023</timestamp>
</msg>
<msg id="16" tool="trc">
  <type>LOAD_MODULE</type>
  <arg>/lib/x86_64-linux-gnu/libdl.so.2</arg>
  <arg>0x7f5ec0963000</arg>
  <arg>0x7f5ec096810f</arg>
  <arg>no</arg>
  <severity>INFO</severity>
  <timestamp>Tue Feb 28 12:45:34 2023</timestamp>
</msg>
<msg id="17" tool="trc">
  <type>LOAD_MODULE</type>
  <arg>/lib/x86_64-linux-gnu/libc.so.6</arg>
  <arg>0x7f5ec0736000</arg>
  <arg>0x7f5ec092765f</arg>
  <arg>no</arg>
  <severity>INFO</severity>
  <timestamp>Tue Feb 28 12:45:34 2023</timestamp>
</msg>
<msg id="18" tool="trc">
  <type>LOAD_MODULE</type>
  <arg>/glob/development-tools/versions/oneapi/2023.0.1/oneapi/compiler/2023.0.0/linux/compiler/lib/intel64_lin/libsvml.so</arg>
  <arg>0x7f5ebf12a000</arg>
  <arg>0x7f5ec0735d87</arg>
  <arg>yes</arg>
  <severity>INFO</severity>
  <timestamp>Tue Feb 28 12:45:34 2023</timestamp>
</msg>
<msg id="19" tool="trc">
  <type>LOAD_MODULE</type>
  <arg>/glob/development-tools/versions/oneapi/2023.0.1/oneapi/compiler/2023.0.0/linux/compiler/lib/intel64_lin/libirng.so</arg>
  <arg>0x7f5ebedc0000</arg>
  <arg>0x7f5ebf129d17</arg>
  <arg>yes</arg>
  <severity>INFO</severity>
  <timestamp>Tue Feb 28 12:45:34 2023</timestamp>
</msg>
<msg id="20" tool="trc">
  <type>LOAD_MODULE</type>
  <arg>/glob/development-tools/versions/oneapi/2023.0.1/oneapi/compiler/2023.0.0/linux/compiler/lib/intel64_lin/libimf.so</arg>
  <arg>0x7f5ebe9db000</arg>
  <arg>0x7f5ebedbf5df</arg>
  <arg>yes</arg>
  <severity>INFO</severity>
  <timestamp>Tue Feb 28 12:45:34 2023</timestamp>
</msg>
<msg id="21" tool="trc">
  <type>LOAD_MODULE</type>
  <arg>/glob/development-tools/versions/oneapi/2023.0.1/oneapi/compiler/2023.0.0/linux/compiler/lib/intel64_lin/libintlc.so.5</arg>
  <arg>0x7f5ebe968000</arg>
  <arg>0x7f5ebe9dae37</arg>
  <arg>yes</arg>
  <severity>INFO</severity>
  <timestamp>Tue Feb 28 12:45:34 2023</timestamp>
</msg>
<msg id="22" tool="trc">
  <type>LOAD_MODULE</type>
  <arg>/lib/x86_64-linux-gnu/libpthread.so.0</arg>
  <arg>0x7f5ebe945000</arg>
  <arg>0x7f5ebe967477</arg>
  <arg>yes</arg>
  <severity>INFO</severity>
  <timestamp>Tue Feb 28 12:45:34 2023</timestamp>
</msg>
<msg id="23" tool="trc">
  <type>LOAD_MODULE</type>
  <arg>/glob/development-tools/versions/oneapi/2023.0.1/oneapi/compiler/2023.0.0/linux/lib/libpi_opencl.so</arg>
  <arg>0x7f5eb1c8c000</arg>
  <arg>0x7f5eb1cd630f</arg>
  <arg>yes</arg>
  <severity>INFO</severity>
  <timestamp>Tue Feb 28 12:45:35 2023</timestamp>
</msg>
<msg id="24" tool="trc">
  <type>LOAD_MODULE</type>
  <arg>/glob/development-tools/versions/oneapi/2023.0.1/oneapi/compiler/2023.0.0/linux/lib/x64/libintelocl_emu.so</arg>
  <arg>0x7f5eb0e0b000</arg>
  <arg>0x7f5eb1460c19</arg>
  <arg>yes</arg>
  <severity>INFO</severity>
  <timestamp>Tue Feb 28 12:45:35 2023</timestamp>
</msg>
<msg id="25" tool="trc">
  <type>LOAD_MODULE</type>
  <arg>/glob/development-tools/versions/oneapi/2023.0.1/oneapi/compiler/2023.0.0/linux/lib/x64/libtask_executor_emu.so.2022.15.12.0</arg>
  <arg>0x7f5eb0c96000</arg>
  <arg>0x7f5eb0de4a2f</arg>
  <arg>yes</arg>
  <severity>INFO</severity>
  <timestamp>Tue Feb 28 12:45:35 2023</timestamp>
</msg>
<msg id="26" tool="trc">
  <type>LOAD_MODULE</type>
  <arg>/glob/development-tools/versions/oneapi/2023.0.1/oneapi/compiler/2023.0.0/linux/lib/x64/libcl_logger_emu.so.2022.15.12.0</arg>
  <arg>0x7f5eb0b6a000</arg>
  <arg>0x7f5eb0c9529f</arg>
  <arg>yes</arg>
  <severity>INFO</severity>
  <timestamp>Tue Feb 28 12:45:35 2023</timestamp>
</msg>
<msg id="27" tool="trc">
  <type>LOAD_MODULE</type>
  <arg>/lib/x86_64-linux-gnu/libz.so.1</arg>
  <arg>0x7f5eb0a84000</arg>
  <arg>0x7f5eb0a9f0b7</arg>
  <arg>no</arg>
  <severity>INFO</severity>
  <timestamp>Tue Feb 28 12:45:35 2023</timestamp>
</msg>
<msg id="28" tool="trc">
  <type>LOAD_MODULE</type>
  <arg>/lib/x86_64-linux-gnu/librt.so.1</arg>
  <arg>0x7f5eb0a4e000</arg>
  <arg>0x7f5eb0a57bdf</arg>
  <arg>no</arg>
  <severity>INFO</severity>
  <timestamp>Tue Feb 28 12:45:35 2023</timestamp>
</msg>
<msg id="29" tool="trc">
  <type>LOAD_MODULE</type>
  <arg>/glob/development-tools/versions/oneapi/2023.0.1/oneapi/tbb/2021.8.0/env/../lib/intel64/gcc4.8/libtbb.so.12</arg>
  <arg>0x7f5eb07b5000</arg>
  <arg>0x7f5eb0a2c3bf</arg>
  <arg>yes</arg>
  <severity>INFO</severity>
  <timestamp>Tue Feb 28 12:45:35 2023</timestamp>
</msg>
<msg id="30" tool="trc">
  <type>LOAD_MODULE</type>
  <arg>/glob/development-tools/versions/oneapi/2023.0.1/oneapi/tbb/2021.8.0/env/../lib/intel64/gcc4.8/libtbbmalloc.so.2</arg>
  <arg>0x7f5eb0559000</arg>
  <arg>0x7f5eb07b417f</arg>
  <arg>yes</arg>
  <severity>INFO</severity>
  <timestamp>Tue Feb 28 12:45:35 2023</timestamp>
</msg>
<msg id="31" tool="trc">
  <type>LOAD_MODULE</type>
  <arg>/glob/development-tools/versions/oneapi/2023.0.1/oneapi/advisor/2023.0.0/lib64/runtime/libittnotify.so</arg>
  <arg>0x7f5eacb40000</arg>
  <arg>0x7f5eacd4c65f</arg>
  <arg>no</arg>
  <severity>INFO</severity>
  <timestamp>Tue Feb 28 12:45:35 2023</timestamp>
</msg>
<msg id="32" tool="trc">
  <type>LOAD_MODULE</type>
  <arg>/glob/development-tools/versions/oneapi/2023.0.1/oneapi/compiler/2023.0.0/linux/lib/x64/libcpu_device_emu.so.2022.15.12.0</arg>
  <arg>0x7f5eac65a000</arg>
  <arg>0x7f5eac7cbc4f</arg>
  <arg>yes</arg>
  <severity>INFO</severity>
  <timestamp>Tue Feb 28 12:45:36 2023</timestamp>
</msg>
<msg id="33" tool="trc">
  <type>LOAD_MODULE</type>
  <arg>/glob/development-tools/versions/oneapi/2023.0.1/oneapi/compiler/2023.0.0/linux/lib/oclfpga/host/linux64/lib/libalteracl.so</arg>
  <arg>0x7f5ea765f000</arg>
  <arg>0x7f5eabbc506f</arg>
  <arg>yes</arg>
  <severity>INFO</severity>
  <timestamp>Tue Feb 28 12:45:36 2023</timestamp>
</msg>
<msg id="34" tool="trc">
  <type>LOAD_MODULE</type>
  <arg>/glob/development-tools/versions/oneapi/2023.0.1/oneapi/compiler/2023.0.0/linux/lib/oclfpga/host/linux64/lib/libelf.so.0</arg>
  <arg>0x7f5ea7449000</arg>
  <arg>0x7f5ea765eb0f</arg>
  <arg>yes</arg>
  <severity>INFO</severity>
  <timestamp>Tue Feb 28 12:45:36 2023</timestamp>
</msg>
<msg id="35" tool="trc">
  <type>UNLOAD_MODULE</type>
  <arg>/glob/development-tools/versions/oneapi/2023.0.1/oneapi/compiler/2023.0.0/linux/lib/oclfpga/host/linux64/lib/libalteracl.so</arg>
  <severity>INFO</severity>
  <timestamp>Tue Feb 28 12:45:36 2023</timestamp>
</msg>
<msg id="36" tool="trc">
  <type>UNLOAD_MODULE</type>
  <arg>/glob/development-tools/versions/oneapi/2023.0.1/oneapi/compiler/2023.0.0/linux/lib/oclfpga/host/linux64/lib/libelf.so.0</arg>
  <severity>INFO</severity>
  <timestamp>Tue Feb 28 12:45:36 2023</timestamp>
</msg>
<msg id="37" tool="trc">
  <type>LOAD_MODULE</type>
  <arg>/glob/development-tools/versions/oneapi/2023.0.1/oneapi/compiler/2023.0.0/linux/lib/x64/libintelocl.so</arg>
  <arg>0x7f5eab531000</arg>
  <arg>0x7f5eabb86c09</arg>
  <arg>yes</arg>
  <severity>INFO</severity>
  <timestamp>Tue Feb 28 12:45:36 2023</timestamp>
</msg>
<msg id="38" tool="trc">
  <type>LOAD_MODULE</type>
  <arg>/glob/development-tools/versions/oneapi/2023.0.1/oneapi/compiler/2023.0.0/linux/lib/x64/libtask_executor.so.2022.15.12.0</arg>
  <arg>0x7f5eab3e2000</arg>
  <arg>0x7f5eab530a1f</arg>
  <arg>yes</arg>
  <severity>INFO</severity>
  <timestamp>Tue Feb 28 12:45:36 2023</timestamp>
</msg>
<msg id="39" tool="trc">
  <type>LOAD_MODULE</type>
  <arg>/glob/development-tools/versions/oneapi/2023.0.1/oneapi/compiler/2023.0.0/linux/lib/x64/libcl_logger.so.2022.15.12.0</arg>
  <arg>0x7f5eab2b6000</arg>
  <arg>0x7f5eab3e129f</arg>
  <arg>yes</arg>
  <severity>INFO</severity>
  <timestamp>Tue Feb 28 12:45:36 2023</timestamp>
</msg>
<msg id="40" tool="trc">
  <type>LOAD_MODULE</type>
  <arg>/glob/development-tools/versions/oneapi/2023.0.1/oneapi/compiler/2023.0.0/linux/lib/x64/libcpu_device.so.2022.15.12.0</arg>
  <arg>0x7f5ea9a19000</arg>
  <arg>0x7f5ea9b8ac3f</arg>
  <arg>yes</arg>
  <severity>INFO</severity>
  <timestamp>Tue Feb 28 12:45:36 2023</timestamp>
</msg>
<msg id="41" tool="trc">
  <type>LOAD_MODULE</type>
  <arg>/glob/development-tools/versions/oneapi/2023.0.1/oneapi/compiler/2023.0.0/linux/lib/x64/libOclCpuBackEnd.so.2022.15.12.0</arg>
  <arg>0x7f5e9ff80000</arg>
  <arg>0x7f5ea60523a9</arg>
  <arg>yes</arg>
  <severity>INFO</severity>
  <timestamp>Tue Feb 28 12:45:38 2023</timestamp>
</msg>
<msg id="42" tool="trc">
  <type>LOAD_MODULE</type>
  <arg>/glob/development-tools/versions/oneapi/2023.0.1/oneapi/compiler/2023.0.0/linux/lib/x64/__ocl_svml_z0.so</arg>
  <arg>0x7f5e9b210000</arg>
  <arg>0x7f5e9c22702f</arg>
  <arg>yes</arg>
  <severity>INFO</severity>
  <timestamp>Tue Feb 28 12:45:41 2023</timestamp>
</msg>
<msg id="43" tool="trc">
  <type>LOAD_MODULE</type>
  <arg>/glob/development-tools/versions/oneapi/2023.0.1/oneapi/advisor/2023.0.0/lib64/libpinjitprofiling.so</arg>
  <arg>0x7f5e88464000</arg>
  <arg>0x7f5e8846800f</arg>
  <arg>yes</arg>
  <severity>INFO</severity>
  <timestamp>Tue Feb 28 12:45:43 2023</timestamp>
</msg>
<msg id="44" tool="trc">
  <type>LOAD_MODULE</type>
  <arg>e9596aabf808e94b</arg>
  <arg>0x7f5e88bf0000</arg>
  <arg>0x7f5e88c2c4d2</arg>
  <arg>yes</arg>
  <severity>INFO</severity>
  <timestamp>Tue Feb 28 12:45:43 2023</timestamp>
</msg>
<msg id="45" tool="trc">
  <type>LOAD_MODULE</type>
  <arg>/glob/development-tools/versions/oneapi/2023.0.1/oneapi/compiler/2023.0.0/linux/lib/x64/libclang_compiler.so.2022.15.12.0</arg>
  <arg>0x7f5e66697000</arg>
  <arg>0x7f5e6789e617</arg>
  <arg>yes</arg>
  <severity>INFO</severity>
  <timestamp>Tue Feb 28 12:45:44 2023</timestamp>
</msg>
<msg id="46" tool="trc">
  <type>LOAD_MODULE</type>
  <arg>/glob/development-tools/versions/oneapi/2023.0.1/oneapi/compiler/2023.0.0/linux/lib/x64/libcommon_clang.so.2022.15.12.0</arg>
  <arg>0x7f5e3d485000</arg>
  <arg>0x7f5e47fff49f</arg>
  <arg>yes</arg>
  <severity>INFO</severity>
  <timestamp>Tue Feb 28 12:45:45 2023</timestamp>
</msg>
<msg id="47" tool="trc">
  <type>LOAD_MODULE</type>
  <arg>/home/u187015/about_ACIEPE/pp/code/SYCL/DiscreteCosineTransform/build/src/adv/e000/hs010/data.0/../archive/binaries/bbe308c069afb7ab/bbe308c069afb7ab</arg>
  <arg>0x7f5df55db000</arg>
  <arg>0x7f5df55f079b</arg>
  <arg>yes</arg>
  <severity>INFO</severity>
  <timestamp>Tue Feb 28 12:46:15 2023</timestamp>
</msg>
<msg id="48" tool="trc">
  <type>UNLOAD_MODULE</type>
  <arg>/glob/development-tools/versions/oneapi/2023.0.1/oneapi/compiler/2023.0.0/linux/lib/x64/__ocl_svml_z0.so</arg>
  <severity>INFO</severity>
  <timestamp>Tue Feb 28 12:46:19 2023</timestamp>
</msg>
<msg id="49" tool="trc">
  <type>UNLOAD_MODULE</type>
  <arg>/glob/development-tools/versions/oneapi/2023.0.1/oneapi/advisor/2023.0.0/lib64/libpinjitprofiling.so</arg>
  <severity>INFO</severity>
  <timestamp>Tue Feb 28 12:46:19 2023</timestamp>
</msg>
<msg id="50" tool="trc">
  <type>UNLOAD_MODULE</type>
  <arg>/home/u187015/about_ACIEPE/pp/code/SYCL/DiscreteCosineTransform/build/src/dct</arg>
  <severity>INFO</severity>
  <timestamp>Tue Feb 28 12:46:19 2023</timestamp>
</msg>
<msg id="51" tool="trc">
  <type>UNLOAD_MODULE</type>
  <arg>/lib64/ld-linux-x86-64.so.2</arg>
  <severity>INFO</severity>
  <timestamp>Tue Feb 28 12:46:19 2023</timestamp>
</msg>
<msg id="52" tool="trc">
  <type>UNLOAD_MODULE</type>
  <arg>[vdso]</arg>
  <severity>INFO</severity>
  <timestamp>Tue Feb 28 12:46:19 2023</timestamp>
</msg>
<msg id="53" tool="trc">
  <type>UNLOAD_MODULE</type>
  <arg>/glob/development-tools/versions/oneapi/2023.0.1/oneapi/compiler/2023.0.0/linux/lib/libOpenCL.so.1</arg>
  <severity>INFO</severity>
  <timestamp>Tue Feb 28 12:46:19 2023</timestamp>
</msg>
<msg id="54" tool="trc">
  <type>UNLOAD_MODULE</type>
  <arg>/glob/development-tools/versions/oneapi/2023.0.1/oneapi/compiler/2023.0.0/linux/lib/libsycl.so.6</arg>
  <severity>INFO</severity>
  <timestamp>Tue Feb 28 12:46:19 2023</timestamp>
</msg>
<msg id="55" tool="trc">
  <type>UNLOAD_MODULE</type>
  <arg>/lib/x86_64-linux-gnu/libstdc++.so.6</arg>
  <severity>INFO</severity>
  <timestamp>Tue Feb 28 12:46:19 2023</timestamp>
</msg>
<msg id="56" tool="trc">
  <type>UNLOAD_MODULE</type>
  <arg>/lib/x86_64-linux-gnu/libm.so.6</arg>
  <severity>INFO</severity>
  <timestamp>Tue Feb 28 12:46:19 2023</timestamp>
</msg>
<msg id="57" tool="trc">
  <type>UNLOAD_MODULE</type>
  <arg>/lib/x86_64-linux-gnu/libgcc_s.so.1</arg>
  <severity>INFO</severity>
  <timestamp>Tue Feb 28 12:46:19 2023</timestamp>
</msg>
<msg id="58" tool="trc">
  <type>UNLOAD_MODULE</type>
  <arg>/lib/x86_64-linux-gnu/libdl.so.2</arg>
  <severity>INFO</severity>
  <timestamp>Tue Feb 28 12:46:19 2023</timestamp>
</msg>
<msg id="59" tool="trc">
  <type>UNLOAD_MODULE</type>
  <arg>/lib/x86_64-linux-gnu/libc.so.6</arg>
  <severity>INFO</severity>
  <timestamp>Tue Feb 28 12:46:19 2023</timestamp>
</msg>
<msg id="60" tool="trc">
  <type>UNLOAD_MODULE</type>
  <arg>/glob/development-tools/versions/oneapi/2023.0.1/oneapi/compiler/2023.0.0/linux/compiler/lib/intel64_lin/libsvml.so</arg>
  <severity>INFO</severity>
  <timestamp>Tue Feb 28 12:46:19 2023</timestamp>
</msg>
<msg id="61" tool="trc">
  <type>UNLOAD_MODULE</type>
  <arg>/glob/development-tools/versions/oneapi/2023.0.1/oneapi/compiler/2023.0.0/linux/compiler/lib/intel64_lin/libirng.so</arg>
  <severity>INFO</severity>
  <timestamp>Tue Feb 28 12:46:19 2023</timestamp>
</msg>
<msg id="62" tool="trc">
  <type>UNLOAD_MODULE</type>
  <arg>/glob/development-tools/versions/oneapi/2023.0.1/oneapi/compiler/2023.0.0/linux/compiler/lib/intel64_lin/libimf.so</arg>
  <severity>INFO</severity>
  <timestamp>Tue Feb 28 12:46:19 2023</timestamp>
</msg>
<msg id="63" tool="trc">
  <type>UNLOAD_MODULE</type>
  <arg>/glob/development-tools/versions/oneapi/2023.0.1/oneapi/compiler/2023.0.0/linux/compiler/lib/intel64_lin/libintlc.so.5</arg>
  <severity>INFO</severity>
  <timestamp>Tue Feb 28 12:46:19 2023</timestamp>
</msg>
<msg id="64" tool="trc">
  <type>UNLOAD_MODULE</type>
  <arg>/lib/x86_64-linux-gnu/libpthread.so.0</arg>
  <severity>INFO</severity>
  <timestamp>Tue Feb 28 12:46:19 2023</timestamp>
</msg>
<msg id="65" tool="trc">
  <type>UNLOAD_MODULE</type>
  <arg>/glob/development-tools/versions/oneapi/2023.0.1/oneapi/compiler/2023.0.0/linux/lib/libpi_opencl.so</arg>
  <severity>INFO</severity>
  <timestamp>Tue Feb 28 12:46:19 2023</timestamp>
</msg>
<msg id="66" tool="trc">
  <type>UNLOAD_MODULE</type>
  <arg>/glob/development-tools/versions/oneapi/2023.0.1/oneapi/compiler/2023.0.0/linux/lib/x64/libintelocl_emu.so</arg>
  <severity>INFO</severity>
  <timestamp>Tue Feb 28 12:46:19 2023</timestamp>
</msg>
<msg id="67" tool="trc">
  <type>UNLOAD_MODULE</type>
  <arg>/glob/development-tools/versions/oneapi/2023.0.1/oneapi/compiler/2023.0.0/linux/lib/x64/libtask_executor_emu.so.2022.15.12.0</arg>
  <severity>INFO</severity>
  <timestamp>Tue Feb 28 12:46:19 2023</timestamp>
</msg>
<msg id="68" tool="trc">
  <type>UNLOAD_MODULE</type>
  <arg>/glob/development-tools/versions/oneapi/2023.0.1/oneapi/compiler/2023.0.0/linux/lib/x64/libcl_logger_emu.so.2022.15.12.0</arg>
  <severity>INFO</severity>
  <timestamp>Tue Feb 28 12:46:19 2023</timestamp>
</msg>
<msg id="69" tool="trc">
  <type>UNLOAD_MODULE</type>
  <arg>/lib/x86_64-linux-gnu/libz.so.1</arg>
  <severity>INFO</severity>
  <timestamp>Tue Feb 28 12:46:19 2023</timestamp>
</msg>
<msg id="70" tool="trc">
  <type>UNLOAD_MODULE</type>
  <arg>/lib/x86_64-linux-gnu/librt.so.1</arg>
  <severity>INFO</severity>
  <timestamp>Tue Feb 28 12:46:19 2023</timestamp>
</msg>
<msg id="71" tool="trc">
  <type>UNLOAD_MODULE</type>
  <arg>/glob/development-tools/versions/oneapi/2023.0.1/oneapi/tbb/2021.8.0/env/../lib/intel64/gcc4.8/libtbb.so.12</arg>
  <severity>INFO</severity>
  <timestamp>Tue Feb 28 12:46:19 2023</timestamp>
</msg>
<msg id="72" tool="trc">
  <type>UNLOAD_MODULE</type>
  <arg>/glob/development-tools/versions/oneapi/2023.0.1/oneapi/tbb/2021.8.0/env/../lib/intel64/gcc4.8/libtbbmalloc.so.2</arg>
  <severity>INFO</severity>
  <timestamp>Tue Feb 28 12:46:19 2023</timestamp>
</msg>
<msg id="73" tool="trc">
  <type>UNLOAD_MODULE</type>
  <arg>/glob/development-tools/versions/oneapi/2023.0.1/oneapi/advisor/2023.0.0/lib64/runtime/libittnotify.so</arg>
  <severity>INFO</severity>
  <timestamp>Tue Feb 28 12:46:19 2023</timestamp>
</msg>
<msg id="74" tool="trc">
  <type>UNLOAD_MODULE</type>
  <arg>/glob/development-tools/versions/oneapi/2023.0.1/oneapi/compiler/2023.0.0/linux/lib/x64/libcpu_device_emu.so.2022.15.12.0</arg>
  <severity>INFO</severity>
  <timestamp>Tue Feb 28 12:46:19 2023</timestamp>
</msg>
<msg id="75" tool="trc">
  <type>UNLOAD_MODULE</type>
  <arg>/glob/development-tools/versions/oneapi/2023.0.1/oneapi/compiler/2023.0.0/linux/lib/x64/libintelocl.so</arg>
  <severity>INFO</severity>
  <timestamp>Tue Feb 28 12:46:19 2023</timestamp>
</msg>
<msg id="76" tool="trc">
  <type>UNLOAD_MODULE</type>
  <arg>/glob/development-tools/versions/oneapi/2023.0.1/oneapi/compiler/2023.0.0/linux/lib/x64/libtask_executor.so.2022.15.12.0</arg>
  <severity>INFO</severity>
  <timestamp>Tue Feb 28 12:46:19 2023</timestamp>
</msg>
<msg id="77" tool="trc">
  <type>UNLOAD_MODULE</type>
  <arg>/glob/development-tools/versions/oneapi/2023.0.1/oneapi/compiler/2023.0.0/linux/lib/x64/libcl_logger.so.2022.15.12.0</arg>
  <severity>INFO</severity>
  <timestamp>Tue Feb 28 12:46:19 2023</timestamp>
</msg>
<msg id="78" tool="trc">
  <type>UNLOAD_MODULE</type>
  <arg>/glob/development-tools/versions/oneapi/2023.0.1/oneapi/compiler/2023.0.0/linux/lib/x64/libcpu_device.so.2022.15.12.0</arg>
  <severity>INFO</severity>
  <timestamp>Tue Feb 28 12:46:19 2023</timestamp>
</msg>
<msg id="79" tool="trc">
  <type>UNLOAD_MODULE</type>
  <arg>/glob/development-tools/versions/oneapi/2023.0.1/oneapi/compiler/2023.0.0/linux/lib/x64/libOclCpuBackEnd.so.2022.15.12.0</arg>
  <severity>INFO</severity>
  <timestamp>Tue Feb 28 12:46:19 2023</timestamp>
</msg>
<msg id="80" tool="trc">
  <type>UNLOAD_MODULE</type>
  <arg>DynamicCodeBin</arg>
  <severity>INFO</severity>
  <timestamp>Tue Feb 28 12:46:19 2023</timestamp>
</msg>
<msg id="81" tool="trc">
  <type>UNLOAD_MODULE</type>
  <arg>e9596aabf808e94b</arg>
  <severity>INFO</severity>
  <timestamp>Tue Feb 28 12:46:19 2023</timestamp>
</msg>
<msg id="82" tool="trc">
  <type>UNLOAD_MODULE</type>
  <arg>/glob/development-tools/versions/oneapi/2023.0.1/oneapi/compiler/2023.0.0/linux/lib/x64/libclang_compiler.so.2022.15.12.0</arg>
  <severity>INFO</severity>
  <timestamp>Tue Feb 28 12:46:19 2023</timestamp>
</msg>
<msg id="83" tool="trc">
  <type>UNLOAD_MODULE</type>
  <arg>/glob/development-tools/versions/oneapi/2023.0.1/oneapi/compiler/2023.0.0/linux/lib/x64/libcommon_clang.so.2022.15.12.0</arg>
  <severity>INFO</severity>
  <timestamp>Tue Feb 28 12:46:19 2023</timestamp>
</msg>
<msg id="84" tool="trc">
  <type>UNLOAD_MODULE</type>
  <arg>bbe308c069afb7ab</arg>
  <severity>INFO</severity>
  <timestamp>Tue Feb 28 12:46:19 2023</timestamp>
</msg>
<msg id="85" tool="trc">
  <type>PROCESS_FINISH</type>
  <arg>/home/u187015/about_ACIEPE/pp/code/SYCL/DiscreteCosineTransform/build/src/dct</arg>
  <arg>2110960</arg>
  <arg>0x0</arg>
  <severity>INFO</severity>
  <timestamp>Tue Feb 28 12:46:19 2023</timestamp>
</msg>
<msg id="86" tool="runtool">
  <type>app-exit-code</type>
  <arg>139</arg>
</msg>
<msg id="87" tool="runtool">
  <type>marker-file</type>
  <arg>/home/u187015/about_ACIEPE/pp/code/SYCL/DiscreteCosineTransform/build/src/adv/e000/trc009/trc009.advixe</arg>
</msg>
<msg id="88" tool="runtool">
  <type>collector-done</type>
</msg>
<msg id="89" tool="runtool">
  <type>log-end</type>
  <arg>2023/02/28 12:46:23</arg>
</msg>

</log>

