<?xml version="1.0" encoding="utf-8" ?>
<!-- DO NOT EDIT THIS FILE -->

<log version='2.0' source='trc'>
	<msg id='1' display='false' source='trc'>
		<type>PROCESS_START</type>
		<severity>INFO</severity>
		<timestamp>Tue Feb 28 12:45:33 2023</timestamp>
		<arg name='process'>/home/u187015/about_ACIEPE/pp/code/SYCL/DiscreteCosineTransform/build/src/dct</arg>
		<arg name='pid'>2110960</arg>
	</msg>
	<!-- Instrumentation filter's state:
    Patterns applicability:
        Generic loop pattern.....................: disabled
        Generic loop pattern (with dynamic jumps): disabled
        Known trip value loop pattern............: disabled
        Runtime final value loop pattern.........: disabled
        No initial IV loop pattern...............: disabled
        IV step only loop pattern................: disabled
        No entry loop pattern....................: disabled
    Clustered memory model (CMM) applicability:
        Generic loop pattern.....................: enabled
        Generic loop pattern (with dynamic jumps): enabled
        Known trip value loop pattern............: enabled
        Runtime final value loop pattern.........: enabled
        No initial IV loop pattern...............: enabled
        IV step only loop pattern................: enabled
        No entry loop pattern....................: disabled
 -->
	<!-- Callstack mode:
    filter modules.........: true
    filter routines........: true
    count loops............: false
    count flops............: false
    trace..................: false
    extended trace.........: false
    omp trace..............: false
    jit trace..............: false
    failures trace.........: false
    dump raw...............: false
    dump final.............: false
    dump all...............: false
    stack stitching........: true
    stl profiling..........: true
    aggressive frame switch: true
    unwind frame exit......: true
    analyze child loops....: true
 -->
	<!-- Managed application profiling: -->
	<!-- 	State...................: enabled -->
	<!-- Gpu Profiling: -->
	<!-- 	State: disabled -->
	<msg id='2' display='false' source='trc'>
		<type>PROCESS_ANALYSIS_MODE</type>
		<severity>INFO</severity>
		<timestamp>Tue Feb 28 12:45:33 2023</timestamp>
		<arg name='mode'>full</arg>
	</msg>
	<!-- Update image info for [1:0x400000:YN] /home/u187015/about_ACIEPE/pp/code/SYCL/DiscreteCosineTransform/build/src/dct -->
	<msg id='3' display='false' source='trc'>
		<type>LOAD_MODULE</type>
		<severity>INFO</severity>
		<timestamp>Tue Feb 28 12:45:33 2023</timestamp>
		<arg name='module'>/home/u187015/about_ACIEPE/pp/code/SYCL/DiscreteCosineTransform/build/src/dct</arg>
		<arg name='basement'>0x400000</arg>
		<arg name='ceiling'>0x59152f</arg>
		<arg name='symtab'>yes</arg>
	</msg>
	<!-- Instrumenting image: id = 1, name = /home/u187015/about_ACIEPE/pp/code/SYCL/DiscreteCosineTransform/build/src/dct -->
	<!-- skipping routine "stbi__load_main", reason cannot build control-flow graph (HasDynamicJumps) -->
	<!-- skipping routine "__intel_avx_rep_memcpy", reason cannot build control-flow graph (HasDynamicJumps) -->
	<!-- skipping routine "__intel_avx_rep_memset", reason cannot build control-flow graph (HasDynamicJumps) -->
	<!-- Update image info for [2:0x7F5ED7CB1000:NN] /lib64/ld-linux-x86-64.so.2 -->
	<msg id='4' display='false' source='trc'>
		<type>LOAD_MODULE</type>
		<severity>INFO</severity>
		<timestamp>Tue Feb 28 12:45:33 2023</timestamp>
		<arg name='module'>/lib64/ld-linux-x86-64.so.2</arg>
		<arg name='basement'>0x7f5ed7cb1000</arg>
		<arg name='ceiling'>0x7f5ed7ce018f</arg>
		<arg name='symtab'>no</arg>
	</msg>
	<!-- Instrumentation of /lib64/ld-linux-x86-64.so.2 image skipped because of filter conditions. -->
	<!-- Update image info for [3:0x7FFEB398F000:NN] [vdso] -->
	<msg id='5' display='false' source='trc'>
		<type>LOAD_MODULE</type>
		<severity>INFO</severity>
		<timestamp>Tue Feb 28 12:45:33 2023</timestamp>
		<arg name='module'>[vdso]</arg>
		<arg name='basement'>0x7ffeb398f000</arg>
		<arg name='ceiling'>0x7ffeb398fa3b</arg>
		<arg name='symtab'>no</arg>
	</msg>
	<!-- Instrumentation of [vdso] image skipped because of filter conditions [cs-mode]. -->
	<!-- Found 'clEnqueueNDRangeKernel' at 0x7f5ec11c84e0 -->
	<!-- Found 'clEnqueueTask' at 0x7f5ec11c8790 -->
	<!-- Found 'clGetCommandQueueInfo' at 0x7f5ec11c7b40 -->
	<!-- Found 'clGetDeviceInfo' at 0x7f5ec11c7910 -->
	<!-- Found 'clGetExtensionFunctionAddressForPlatform' at 0x7f5ec11c75c0 -->
	<!-- Found 'clGetKernelInfo' at 0x7f5ec11c7fb0 -->
	<!-- Instrumenting 'clEnqueueNDRangeKernel' -->
	<!-- Instrumenting 'clEnqueueTask' -->
	<!-- Update image info for [4:0x7F5EC11BF000:YN] /glob/development-tools/versions/oneapi/2023.0.1/oneapi/compiler/2023.0.0/linux/lib/libOpenCL.so.1 -->
	<msg id='6' display='false' source='trc'>
		<type>LOAD_MODULE</type>
		<severity>INFO</severity>
		<timestamp>Tue Feb 28 12:45:34 2023</timestamp>
		<arg name='module'>/glob/development-tools/versions/oneapi/2023.0.1/oneapi/compiler/2023.0.0/linux/lib/libOpenCL.so.1</arg>
		<arg name='basement'>0x7f5ec11bf000</arg>
		<arg name='ceiling'>0x7f5ec11cd87b</arg>
		<arg name='symtab'>yes</arg>
	</msg>
	<!-- Instrumentation of /glob/development-tools/versions/oneapi/2023.0.1/oneapi/compiler/2023.0.0/linux/lib/libOpenCL.so.1 image skipped because of filter conditions. -->
	<!-- Update image info for [5:0x7F5EC0E7D000:YN] /glob/development-tools/versions/oneapi/2023.0.1/oneapi/compiler/2023.0.0/linux/lib/libsycl.so.6 -->
	<msg id='7' display='false' source='trc'>
		<type>LOAD_MODULE</type>
		<severity>INFO</severity>
		<timestamp>Tue Feb 28 12:45:34 2023</timestamp>
		<arg name='module'>/glob/development-tools/versions/oneapi/2023.0.1/oneapi/compiler/2023.0.0/linux/lib/libsycl.so.6</arg>
		<arg name='basement'>0x7f5ec0e7d000</arg>
		<arg name='ceiling'>0x7f5ec1161a8f</arg>
		<arg name='symtab'>yes</arg>
	</msg>
	<!-- Instrumentation of /glob/development-tools/versions/oneapi/2023.0.1/oneapi/compiler/2023.0.0/linux/lib/libsycl.so.6 image skipped because of filter conditions. -->
	<!-- Update image info for [6:0x7F5EC0B68000:NN] /lib/x86_64-linux-gnu/libstdc++.so.6 -->
	<msg id='8' display='false' source='trc'>
		<type>LOAD_MODULE</type>
		<severity>INFO</severity>
		<timestamp>Tue Feb 28 12:45:34 2023</timestamp>
		<arg name='module'>/lib/x86_64-linux-gnu/libstdc++.so.6</arg>
		<arg name='basement'>0x7f5ec0b68000</arg>
		<arg name='ceiling'>0x7f5ec0d497ff</arg>
		<arg name='symtab'>no</arg>
	</msg>
	<!-- Instrumentation of /lib/x86_64-linux-gnu/libstdc++.so.6 image skipped because of filter conditions. -->
	<!-- Update image info for [7:0x7F5EC09A5000:NN] /lib/x86_64-linux-gnu/libm.so.6 -->
	<msg id='9' display='false' source='trc'>
		<type>LOAD_MODULE</type>
		<severity>INFO</severity>
		<timestamp>Tue Feb 28 12:45:34 2023</timestamp>
		<arg name='module'>/lib/x86_64-linux-gnu/libm.so.6</arg>
		<arg name='basement'>0x7f5ec09a5000</arg>
		<arg name='ceiling'>0x7f5ec0af310f</arg>
		<arg name='symtab'>no</arg>
	</msg>
	<!-- Instrumentation of /lib/x86_64-linux-gnu/libm.so.6 image skipped because of filter conditions [cs-mode]. -->
	<!-- Update image info for [8:0x7F5EC0969000:NN] /lib/x86_64-linux-gnu/libgcc_s.so.1 -->
	<msg id='10' display='false' source='trc'>
		<type>LOAD_MODULE</type>
		<severity>INFO</severity>
		<timestamp>Tue Feb 28 12:45:34 2023</timestamp>
		<arg name='module'>/lib/x86_64-linux-gnu/libgcc_s.so.1</arg>
		<arg name='basement'>0x7f5ec0969000</arg>
		<arg name='ceiling'>0x7f5ec0983447</arg>
		<arg name='symtab'>no</arg>
	</msg>
	<!-- Instrumentation of /lib/x86_64-linux-gnu/libgcc_s.so.1 image skipped because of filter conditions. -->
	<!-- Update image info for [9:0x7F5EC0963000:NN] /lib/x86_64-linux-gnu/libdl.so.2 -->
	<msg id='11' display='false' source='trc'>
		<type>LOAD_MODULE</type>
		<severity>INFO</severity>
		<timestamp>Tue Feb 28 12:45:34 2023</timestamp>
		<arg name='module'>/lib/x86_64-linux-gnu/libdl.so.2</arg>
		<arg name='basement'>0x7f5ec0963000</arg>
		<arg name='ceiling'>0x7f5ec096810f</arg>
		<arg name='symtab'>no</arg>
	</msg>
	<!-- Instrumentation of /lib/x86_64-linux-gnu/libdl.so.2 image skipped because of filter conditions [cs-mode]. -->
	<!-- Update image info for [10:0x7F5EC0736000:NN] /lib/x86_64-linux-gnu/libc.so.6 -->
	<msg id='12' display='false' source='trc'>
		<type>LOAD_MODULE</type>
		<severity>INFO</severity>
		<timestamp>Tue Feb 28 12:45:34 2023</timestamp>
		<arg name='module'>/lib/x86_64-linux-gnu/libc.so.6</arg>
		<arg name='basement'>0x7f5ec0736000</arg>
		<arg name='ceiling'>0x7f5ec092765f</arg>
		<arg name='symtab'>no</arg>
	</msg>
	<!-- Instrumentation of /lib/x86_64-linux-gnu/libc.so.6 image skipped because of filter conditions. -->
	<!-- Update image info for [11:0x7F5EBF12A000:YN] /glob/development-tools/versions/oneapi/2023.0.1/oneapi/compiler/2023.0.0/linux/compiler/lib/intel64_lin/libsvml.so -->
	<msg id='13' display='false' source='trc'>
		<type>LOAD_MODULE</type>
		<severity>INFO</severity>
		<timestamp>Tue Feb 28 12:45:34 2023</timestamp>
		<arg name='module'>/glob/development-tools/versions/oneapi/2023.0.1/oneapi/compiler/2023.0.0/linux/compiler/lib/intel64_lin/libsvml.so</arg>
		<arg name='basement'>0x7f5ebf12a000</arg>
		<arg name='ceiling'>0x7f5ec0735d87</arg>
		<arg name='symtab'>yes</arg>
	</msg>
	<!-- Instrumentation of /glob/development-tools/versions/oneapi/2023.0.1/oneapi/compiler/2023.0.0/linux/compiler/lib/intel64_lin/libsvml.so image skipped because of filter conditions [cs-mode]. -->
	<!-- Update image info for [12:0x7F5EBEDC0000:YN] /glob/development-tools/versions/oneapi/2023.0.1/oneapi/compiler/2023.0.0/linux/compiler/lib/intel64_lin/libirng.so -->
	<msg id='14' display='false' source='trc'>
		<type>LOAD_MODULE</type>
		<severity>INFO</severity>
		<timestamp>Tue Feb 28 12:45:34 2023</timestamp>
		<arg name='module'>/glob/development-tools/versions/oneapi/2023.0.1/oneapi/compiler/2023.0.0/linux/compiler/lib/intel64_lin/libirng.so</arg>
		<arg name='basement'>0x7f5ebedc0000</arg>
		<arg name='ceiling'>0x7f5ebf129d17</arg>
		<arg name='symtab'>yes</arg>
	</msg>
	<!-- Instrumentation of /glob/development-tools/versions/oneapi/2023.0.1/oneapi/compiler/2023.0.0/linux/compiler/lib/intel64_lin/libirng.so image skipped because of filter conditions [cs-mode]. -->
	<!-- Update image info for [13:0x7F5EBE9DB000:YN] /glob/development-tools/versions/oneapi/2023.0.1/oneapi/compiler/2023.0.0/linux/compiler/lib/intel64_lin/libimf.so -->
	<msg id='15' display='false' source='trc'>
		<type>LOAD_MODULE</type>
		<severity>INFO</severity>
		<timestamp>Tue Feb 28 12:45:34 2023</timestamp>
		<arg name='module'>/glob/development-tools/versions/oneapi/2023.0.1/oneapi/compiler/2023.0.0/linux/compiler/lib/intel64_lin/libimf.so</arg>
		<arg name='basement'>0x7f5ebe9db000</arg>
		<arg name='ceiling'>0x7f5ebedbf5df</arg>
		<arg name='symtab'>yes</arg>
	</msg>
	<!-- Instrumentation of /glob/development-tools/versions/oneapi/2023.0.1/oneapi/compiler/2023.0.0/linux/compiler/lib/intel64_lin/libimf.so image skipped because of filter conditions [cs-mode]. -->
	<!-- Update image info for [14:0x7F5EBE968000:YN] /glob/development-tools/versions/oneapi/2023.0.1/oneapi/compiler/2023.0.0/linux/compiler/lib/intel64_lin/libintlc.so.5 -->
	<msg id='16' display='false' source='trc'>
		<type>LOAD_MODULE</type>
		<severity>INFO</severity>
		<timestamp>Tue Feb 28 12:45:34 2023</timestamp>
		<arg name='module'>/glob/development-tools/versions/oneapi/2023.0.1/oneapi/compiler/2023.0.0/linux/compiler/lib/intel64_lin/libintlc.so.5</arg>
		<arg name='basement'>0x7f5ebe968000</arg>
		<arg name='ceiling'>0x7f5ebe9dae37</arg>
		<arg name='symtab'>yes</arg>
	</msg>
	<!-- Instrumentation of /glob/development-tools/versions/oneapi/2023.0.1/oneapi/compiler/2023.0.0/linux/compiler/lib/intel64_lin/libintlc.so.5 image skipped because of filter conditions [cs-mode]. -->
	<!-- Update image info for [15:0x7F5EBE945000:YN] /lib/x86_64-linux-gnu/libpthread.so.0 -->
	<msg id='17' display='false' source='trc'>
		<type>LOAD_MODULE</type>
		<severity>INFO</severity>
		<timestamp>Tue Feb 28 12:45:34 2023</timestamp>
		<arg name='module'>/lib/x86_64-linux-gnu/libpthread.so.0</arg>
		<arg name='basement'>0x7f5ebe945000</arg>
		<arg name='ceiling'>0x7f5ebe967477</arg>
		<arg name='symtab'>yes</arg>
	</msg>
	<!-- Instrumentation of /lib/x86_64-linux-gnu/libpthread.so.0 image skipped because of filter conditions. -->
	<!-- Update image info for [16:0x7F5EB1C8C000:YN] /glob/development-tools/versions/oneapi/2023.0.1/oneapi/compiler/2023.0.0/linux/lib/libpi_opencl.so -->
	<msg id='18' display='false' source='trc'>
		<type>LOAD_MODULE</type>
		<severity>INFO</severity>
		<timestamp>Tue Feb 28 12:45:35 2023</timestamp>
		<arg name='module'>/glob/development-tools/versions/oneapi/2023.0.1/oneapi/compiler/2023.0.0/linux/lib/libpi_opencl.so</arg>
		<arg name='basement'>0x7f5eb1c8c000</arg>
		<arg name='ceiling'>0x7f5eb1cd630f</arg>
		<arg name='symtab'>yes</arg>
	</msg>
	<!-- Instrumentation of /glob/development-tools/versions/oneapi/2023.0.1/oneapi/compiler/2023.0.0/linux/lib/libpi_opencl.so image skipped because of filter conditions [cs-mode]. -->
	<!-- Update image info for [17:0x7F5EB0E0B000:YN] /glob/development-tools/versions/oneapi/2023.0.1/oneapi/compiler/2023.0.0/linux/lib/x64/libintelocl_emu.so -->
	<msg id='19' display='false' source='trc'>
		<type>LOAD_MODULE</type>
		<severity>INFO</severity>
		<timestamp>Tue Feb 28 12:45:35 2023</timestamp>
		<arg name='module'>/glob/development-tools/versions/oneapi/2023.0.1/oneapi/compiler/2023.0.0/linux/lib/x64/libintelocl_emu.so</arg>
		<arg name='basement'>0x7f5eb0e0b000</arg>
		<arg name='ceiling'>0x7f5eb1460c19</arg>
		<arg name='symtab'>yes</arg>
	</msg>
	<!-- Instrumenting image: id = 17, name = /glob/development-tools/versions/oneapi/2023.0.1/oneapi/compiler/2023.0.0/linux/lib/x64/libintelocl_emu.so -->
	<!-- skipping routine "__itt_sync_acquired_init_3_0", reason cannot build control-flow graph (HasDynamicJumps) -->
	<!-- skipping routine "Intel::OpenCL::Framework::PlatformModule::InitDevices", reason cannot build control-flow graph (HasDynamicJumps) -->
	<!-- skipping routine "Intel::OpenCL::Framework::PlatformModule::Initialize", reason cannot build control-flow graph (HasDynamicJumps) -->
	<!-- Update image info for [18:0x7F5EB0C96000:YN] /glob/development-tools/versions/oneapi/2023.0.1/oneapi/compiler/2023.0.0/linux/lib/x64/libtask_executor_emu.so.2022.15.12.0 -->
	<msg id='20' display='false' source='trc'>
		<type>LOAD_MODULE</type>
		<severity>INFO</severity>
		<timestamp>Tue Feb 28 12:45:35 2023</timestamp>
		<arg name='module'>/glob/development-tools/versions/oneapi/2023.0.1/oneapi/compiler/2023.0.0/linux/lib/x64/libtask_executor_emu.so.2022.15.12.0</arg>
		<arg name='basement'>0x7f5eb0c96000</arg>
		<arg name='ceiling'>0x7f5eb0de4a2f</arg>
		<arg name='symtab'>yes</arg>
	</msg>
	<!-- Instrumentation of /glob/development-tools/versions/oneapi/2023.0.1/oneapi/compiler/2023.0.0/linux/lib/x64/libtask_executor_emu.so.2022.15.12.0 image skipped because of filter conditions [cs-mode]. -->
	<!-- Update image info for [19:0x7F5EB0B6A000:YN] /glob/development-tools/versions/oneapi/2023.0.1/oneapi/compiler/2023.0.0/linux/lib/x64/libcl_logger_emu.so.2022.15.12.0 -->
	<msg id='21' display='false' source='trc'>
		<type>LOAD_MODULE</type>
		<severity>INFO</severity>
		<timestamp>Tue Feb 28 12:45:35 2023</timestamp>
		<arg name='module'>/glob/development-tools/versions/oneapi/2023.0.1/oneapi/compiler/2023.0.0/linux/lib/x64/libcl_logger_emu.so.2022.15.12.0</arg>
		<arg name='basement'>0x7f5eb0b6a000</arg>
		<arg name='ceiling'>0x7f5eb0c9529f</arg>
		<arg name='symtab'>yes</arg>
	</msg>
	<!-- Instrumentation of /glob/development-tools/versions/oneapi/2023.0.1/oneapi/compiler/2023.0.0/linux/lib/x64/libcl_logger_emu.so.2022.15.12.0 image skipped because of filter conditions [cs-mode]. -->
	<!-- Update image info for [20:0x7F5EB0A84000:NN] /lib/x86_64-linux-gnu/libz.so.1 -->
	<msg id='22' display='false' source='trc'>
		<type>LOAD_MODULE</type>
		<severity>INFO</severity>
		<timestamp>Tue Feb 28 12:45:35 2023</timestamp>
		<arg name='module'>/lib/x86_64-linux-gnu/libz.so.1</arg>
		<arg name='basement'>0x7f5eb0a84000</arg>
		<arg name='ceiling'>0x7f5eb0a9f0b7</arg>
		<arg name='symtab'>no</arg>
	</msg>
	<!-- Instrumentation of /lib/x86_64-linux-gnu/libz.so.1 image skipped because of filter conditions [cs-mode]. -->
	<!-- Update image info for [21:0x7F5EB0A4E000:NN] /lib/x86_64-linux-gnu/librt.so.1 -->
	<msg id='23' display='false' source='trc'>
		<type>LOAD_MODULE</type>
		<severity>INFO</severity>
		<timestamp>Tue Feb 28 12:45:35 2023</timestamp>
		<arg name='module'>/lib/x86_64-linux-gnu/librt.so.1</arg>
		<arg name='basement'>0x7f5eb0a4e000</arg>
		<arg name='ceiling'>0x7f5eb0a57bdf</arg>
		<arg name='symtab'>no</arg>
	</msg>
	<!-- Instrumentation of /lib/x86_64-linux-gnu/librt.so.1 image skipped because of filter conditions [cs-mode]. -->
	<!-- Update image info for [22:0x7F5EB07B5000:YN] /glob/development-tools/versions/oneapi/2023.0.1/oneapi/tbb/2021.8.0/env/../lib/intel64/gcc4.8/libtbb.so.12 -->
	<msg id='24' display='false' source='trc'>
		<type>LOAD_MODULE</type>
		<severity>INFO</severity>
		<timestamp>Tue Feb 28 12:45:35 2023</timestamp>
		<arg name='module'>/glob/development-tools/versions/oneapi/2023.0.1/oneapi/tbb/2021.8.0/env/../lib/intel64/gcc4.8/libtbb.so.12</arg>
		<arg name='basement'>0x7f5eb07b5000</arg>
		<arg name='ceiling'>0x7f5eb0a2c3bf</arg>
		<arg name='symtab'>yes</arg>
	</msg>
	<!-- Instrumenting image: id = 22, name = /glob/development-tools/versions/oneapi/2023.0.1/oneapi/tbb/2021.8.0/env/../lib/intel64/gcc4.8/libtbb.so.12 -->
	<!-- Update image info for [23:0x7F5EB0559000:YN] /glob/development-tools/versions/oneapi/2023.0.1/oneapi/tbb/2021.8.0/env/../lib/intel64/gcc4.8/libtbbmalloc.so.2 -->
	<msg id='25' display='false' source='trc'>
		<type>LOAD_MODULE</type>
		<severity>INFO</severity>
		<timestamp>Tue Feb 28 12:45:35 2023</timestamp>
		<arg name='module'>/glob/development-tools/versions/oneapi/2023.0.1/oneapi/tbb/2021.8.0/env/../lib/intel64/gcc4.8/libtbbmalloc.so.2</arg>
		<arg name='basement'>0x7f5eb0559000</arg>
		<arg name='ceiling'>0x7f5eb07b417f</arg>
		<arg name='symtab'>yes</arg>
	</msg>
	<!-- Instrumentation of /glob/development-tools/versions/oneapi/2023.0.1/oneapi/tbb/2021.8.0/env/../lib/intel64/gcc4.8/libtbbmalloc.so.2 image skipped because of filter conditions [cs-mode]. -->
	<!-- Update image info for [24:0x7F5EACB40000:NN] /glob/development-tools/versions/oneapi/2023.0.1/oneapi/advisor/2023.0.0/lib64/runtime/libittnotify.so -->
	<msg id='26' display='false' source='trc'>
		<type>LOAD_MODULE</type>
		<severity>INFO</severity>
		<timestamp>Tue Feb 28 12:45:35 2023</timestamp>
		<arg name='module'>/glob/development-tools/versions/oneapi/2023.0.1/oneapi/advisor/2023.0.0/lib64/runtime/libittnotify.so</arg>
		<arg name='basement'>0x7f5eacb40000</arg>
		<arg name='ceiling'>0x7f5eacd4c65f</arg>
		<arg name='symtab'>no</arg>
	</msg>
	<!-- __itt_pause was instrumented -->
	<!-- __itt_resume was instrumented -->
	<!-- __itt_metadata_add was instrumented -->
	<!-- Instrumentation of /glob/development-tools/versions/oneapi/2023.0.1/oneapi/advisor/2023.0.0/lib64/runtime/libittnotify.so image skipped because of filter conditions [cs-mode]. -->
	<!-- Update image info for [25:0x7F5EAC65A000:YN] /glob/development-tools/versions/oneapi/2023.0.1/oneapi/compiler/2023.0.0/linux/lib/x64/libcpu_device_emu.so.2022.15.12.0 -->
	<msg id='27' display='false' source='trc'>
		<type>LOAD_MODULE</type>
		<severity>INFO</severity>
		<timestamp>Tue Feb 28 12:45:36 2023</timestamp>
		<arg name='module'>/glob/development-tools/versions/oneapi/2023.0.1/oneapi/compiler/2023.0.0/linux/lib/x64/libcpu_device_emu.so.2022.15.12.0</arg>
		<arg name='basement'>0x7f5eac65a000</arg>
		<arg name='ceiling'>0x7f5eac7cbc4f</arg>
		<arg name='symtab'>yes</arg>
	</msg>
	<!-- Instrumentation of /glob/development-tools/versions/oneapi/2023.0.1/oneapi/compiler/2023.0.0/linux/lib/x64/libcpu_device_emu.so.2022.15.12.0 image skipped because of filter conditions [cs-mode]. -->
	<!-- Update image info for [26:0x7F5EA765F000:YN] /glob/development-tools/versions/oneapi/2023.0.1/oneapi/compiler/2023.0.0/linux/lib/oclfpga/host/linux64/lib/libalteracl.so -->
	<msg id='28' display='false' source='trc'>
		<type>LOAD_MODULE</type>
		<severity>INFO</severity>
		<timestamp>Tue Feb 28 12:45:36 2023</timestamp>
		<arg name='module'>/glob/development-tools/versions/oneapi/2023.0.1/oneapi/compiler/2023.0.0/linux/lib/oclfpga/host/linux64/lib/libalteracl.so</arg>
		<arg name='basement'>0x7f5ea765f000</arg>
		<arg name='ceiling'>0x7f5eabbc506f</arg>
		<arg name='symtab'>yes</arg>
	</msg>
	<!-- Instrumenting image: id = 26, name = /glob/development-tools/versions/oneapi/2023.0.1/oneapi/compiler/2023.0.0/linux/lib/oclfpga/host/linux64/lib/libalteracl.so -->
	<!-- Update image info for [27:0x7F5EA7449000:YN] /glob/development-tools/versions/oneapi/2023.0.1/oneapi/compiler/2023.0.0/linux/lib/oclfpga/host/linux64/lib/libelf.so.0 -->
	<msg id='29' display='false' source='trc'>
		<type>LOAD_MODULE</type>
		<severity>INFO</severity>
		<timestamp>Tue Feb 28 12:45:36 2023</timestamp>
		<arg name='module'>/glob/development-tools/versions/oneapi/2023.0.1/oneapi/compiler/2023.0.0/linux/lib/oclfpga/host/linux64/lib/libelf.so.0</arg>
		<arg name='basement'>0x7f5ea7449000</arg>
		<arg name='ceiling'>0x7f5ea765eb0f</arg>
		<arg name='symtab'>yes</arg>
	</msg>
	<!-- Instrumentation of /glob/development-tools/versions/oneapi/2023.0.1/oneapi/compiler/2023.0.0/linux/lib/oclfpga/host/linux64/lib/libelf.so.0 image skipped because of filter conditions [cs-mode]. -->
	<msg id='30' display='false' source='trc'>
		<type>UNLOAD_MODULE</type>
		<severity>INFO</severity>
		<timestamp>Tue Feb 28 12:45:36 2023</timestamp>
		<arg name='module'>/glob/development-tools/versions/oneapi/2023.0.1/oneapi/compiler/2023.0.0/linux/lib/oclfpga/host/linux64/lib/libalteracl.so</arg>
	</msg>
	<msg id='31' display='false' source='trc'>
		<type>UNLOAD_MODULE</type>
		<severity>INFO</severity>
		<timestamp>Tue Feb 28 12:45:36 2023</timestamp>
		<arg name='module'>/glob/development-tools/versions/oneapi/2023.0.1/oneapi/compiler/2023.0.0/linux/lib/oclfpga/host/linux64/lib/libelf.so.0</arg>
	</msg>
	<!-- Update image info for [28:0x7F5EAB531000:YN] /glob/development-tools/versions/oneapi/2023.0.1/oneapi/compiler/2023.0.0/linux/lib/x64/libintelocl.so -->
	<msg id='32' display='false' source='trc'>
		<type>LOAD_MODULE</type>
		<severity>INFO</severity>
		<timestamp>Tue Feb 28 12:45:36 2023</timestamp>
		<arg name='module'>/glob/development-tools/versions/oneapi/2023.0.1/oneapi/compiler/2023.0.0/linux/lib/x64/libintelocl.so</arg>
		<arg name='basement'>0x7f5eab531000</arg>
		<arg name='ceiling'>0x7f5eabb86c09</arg>
		<arg name='symtab'>yes</arg>
	</msg>
	<!-- Instrumentation of /glob/development-tools/versions/oneapi/2023.0.1/oneapi/compiler/2023.0.0/linux/lib/x64/libintelocl.so image skipped because of filter conditions. -->
	<!-- Update image info for [29:0x7F5EAB3E2000:YN] /glob/development-tools/versions/oneapi/2023.0.1/oneapi/compiler/2023.0.0/linux/lib/x64/libtask_executor.so.2022.15.12.0 -->
	<msg id='33' display='false' source='trc'>
		<type>LOAD_MODULE</type>
		<severity>INFO</severity>
		<timestamp>Tue Feb 28 12:45:36 2023</timestamp>
		<arg name='module'>/glob/development-tools/versions/oneapi/2023.0.1/oneapi/compiler/2023.0.0/linux/lib/x64/libtask_executor.so.2022.15.12.0</arg>
		<arg name='basement'>0x7f5eab3e2000</arg>
		<arg name='ceiling'>0x7f5eab530a1f</arg>
		<arg name='symtab'>yes</arg>
	</msg>
	<!-- Instrumenting image: id = 29, name = /glob/development-tools/versions/oneapi/2023.0.1/oneapi/compiler/2023.0.0/linux/lib/x64/libtask_executor.so.2022.15.12.0 -->
	<!-- Update image info for [30:0x7F5EAB2B6000:YN] /glob/development-tools/versions/oneapi/2023.0.1/oneapi/compiler/2023.0.0/linux/lib/x64/libcl_logger.so.2022.15.12.0 -->
	<msg id='34' display='false' source='trc'>
		<type>LOAD_MODULE</type>
		<severity>INFO</severity>
		<timestamp>Tue Feb 28 12:45:36 2023</timestamp>
		<arg name='module'>/glob/development-tools/versions/oneapi/2023.0.1/oneapi/compiler/2023.0.0/linux/lib/x64/libcl_logger.so.2022.15.12.0</arg>
		<arg name='basement'>0x7f5eab2b6000</arg>
		<arg name='ceiling'>0x7f5eab3e129f</arg>
		<arg name='symtab'>yes</arg>
	</msg>
	<!-- Instrumentation of /glob/development-tools/versions/oneapi/2023.0.1/oneapi/compiler/2023.0.0/linux/lib/x64/libcl_logger.so.2022.15.12.0 image skipped because of filter conditions [cs-mode]. -->
	<!-- Update image info for [31:0x7F5EA9A19000:YN] /glob/development-tools/versions/oneapi/2023.0.1/oneapi/compiler/2023.0.0/linux/lib/x64/libcpu_device.so.2022.15.12.0 -->
	<msg id='35' display='false' source='trc'>
		<type>LOAD_MODULE</type>
		<severity>INFO</severity>
		<timestamp>Tue Feb 28 12:45:36 2023</timestamp>
		<arg name='module'>/glob/development-tools/versions/oneapi/2023.0.1/oneapi/compiler/2023.0.0/linux/lib/x64/libcpu_device.so.2022.15.12.0</arg>
		<arg name='basement'>0x7f5ea9a19000</arg>
		<arg name='ceiling'>0x7f5ea9b8ac3f</arg>
		<arg name='symtab'>yes</arg>
	</msg>
	<!-- Instrumentation of /glob/development-tools/versions/oneapi/2023.0.1/oneapi/compiler/2023.0.0/linux/lib/x64/libcpu_device.so.2022.15.12.0 image skipped because of filter conditions [cs-mode]. -->
	<!-- Update image info for [32:0x7F5E9FF80000:YN] /glob/development-tools/versions/oneapi/2023.0.1/oneapi/compiler/2023.0.0/linux/lib/x64/libOclCpuBackEnd.so.2022.15.12.0 -->
	<msg id='36' display='false' source='trc'>
		<type>LOAD_MODULE</type>
		<severity>INFO</severity>
		<timestamp>Tue Feb 28 12:45:38 2023</timestamp>
		<arg name='module'>/glob/development-tools/versions/oneapi/2023.0.1/oneapi/compiler/2023.0.0/linux/lib/x64/libOclCpuBackEnd.so.2022.15.12.0</arg>
		<arg name='basement'>0x7f5e9ff80000</arg>
		<arg name='ceiling'>0x7f5ea60523a9</arg>
		<arg name='symtab'>yes</arg>
	</msg>
	<!-- Instrumentation of /glob/development-tools/versions/oneapi/2023.0.1/oneapi/compiler/2023.0.0/linux/lib/x64/libOclCpuBackEnd.so.2022.15.12.0 image skipped because of filter conditions. -->
	<!-- Update image info for [33:0x7F5E9B210000:YN] /glob/development-tools/versions/oneapi/2023.0.1/oneapi/compiler/2023.0.0/linux/lib/x64/__ocl_svml_z0.so -->
	<msg id='37' display='false' source='trc'>
		<type>LOAD_MODULE</type>
		<severity>INFO</severity>
		<timestamp>Tue Feb 28 12:45:41 2023</timestamp>
		<arg name='module'>/glob/development-tools/versions/oneapi/2023.0.1/oneapi/compiler/2023.0.0/linux/lib/x64/__ocl_svml_z0.so</arg>
		<arg name='basement'>0x7f5e9b210000</arg>
		<arg name='ceiling'>0x7f5e9c22702f</arg>
		<arg name='symtab'>yes</arg>
	</msg>
	<!-- Instrumentation of /glob/development-tools/versions/oneapi/2023.0.1/oneapi/compiler/2023.0.0/linux/lib/x64/__ocl_svml_z0.so image skipped because of filter conditions [cs-mode]. -->
	<!-- Update image info for [34:0x7F5E88464000:YN] /glob/development-tools/versions/oneapi/2023.0.1/oneapi/advisor/2023.0.0/lib64/libpinjitprofiling.so -->
	<msg id='38' display='false' source='trc'>
		<type>LOAD_MODULE</type>
		<severity>INFO</severity>
		<timestamp>Tue Feb 28 12:45:43 2023</timestamp>
		<arg name='module'>/glob/development-tools/versions/oneapi/2023.0.1/oneapi/advisor/2023.0.0/lib64/libpinjitprofiling.so</arg>
		<arg name='basement'>0x7f5e88464000</arg>
		<arg name='ceiling'>0x7f5e8846800f</arg>
		<arg name='symtab'>yes</arg>
	</msg>
	<!-- Instrumentation of /glob/development-tools/versions/oneapi/2023.0.1/oneapi/advisor/2023.0.0/lib64/libpinjitprofiling.so image skipped because of filter conditions [cs-mode]. -->
	<!-- Update image info for [36:0x7F5E88BF0000:YY] e9596aabf808e94b -->
	<msg id='39' display='false' source='trc'>
		<type>LOAD_MODULE</type>
		<severity>INFO</severity>
		<timestamp>Tue Feb 28 12:45:43 2023</timestamp>
		<arg name='module'>e9596aabf808e94b</arg>
		<arg name='basement'>0x7f5e88bf0000</arg>
		<arg name='ceiling'>0x7f5e88c2c4d2</arg>
		<arg name='symtab'>yes</arg>
	</msg>
	<!-- Instrumentation of e9596aabf808e94b image skipped because of filter conditions [cs-mode]. -->
	<!-- Update image info for [37:0x7F5E66697000:YN] /glob/development-tools/versions/oneapi/2023.0.1/oneapi/compiler/2023.0.0/linux/lib/x64/libclang_compiler.so.2022.15.12.0 -->
	<msg id='40' display='false' source='trc'>
		<type>LOAD_MODULE</type>
		<severity>INFO</severity>
		<timestamp>Tue Feb 28 12:45:44 2023</timestamp>
		<arg name='module'>/glob/development-tools/versions/oneapi/2023.0.1/oneapi/compiler/2023.0.0/linux/lib/x64/libclang_compiler.so.2022.15.12.0</arg>
		<arg name='basement'>0x7f5e66697000</arg>
		<arg name='ceiling'>0x7f5e6789e617</arg>
		<arg name='symtab'>yes</arg>
	</msg>
	<!-- Instrumentation of /glob/development-tools/versions/oneapi/2023.0.1/oneapi/compiler/2023.0.0/linux/lib/x64/libclang_compiler.so.2022.15.12.0 image skipped because of filter conditions. -->
	<!-- Update image info for [38:0x7F5E3D485000:YN] /glob/development-tools/versions/oneapi/2023.0.1/oneapi/compiler/2023.0.0/linux/lib/x64/libcommon_clang.so.2022.15.12.0 -->
	<msg id='41' display='false' source='trc'>
		<type>LOAD_MODULE</type>
		<severity>INFO</severity>
		<timestamp>Tue Feb 28 12:45:45 2023</timestamp>
		<arg name='module'>/glob/development-tools/versions/oneapi/2023.0.1/oneapi/compiler/2023.0.0/linux/lib/x64/libcommon_clang.so.2022.15.12.0</arg>
		<arg name='basement'>0x7f5e3d485000</arg>
		<arg name='ceiling'>0x7f5e47fff49f</arg>
		<arg name='symtab'>yes</arg>
	</msg>
	<!-- Instrumentation of /glob/development-tools/versions/oneapi/2023.0.1/oneapi/compiler/2023.0.0/linux/lib/x64/libcommon_clang.so.2022.15.12.0 image skipped because of filter conditions. -->
	<!-- Update image info for [39:0x7F5DF55DB000:YY] bbe308c069afb7ab -->
	<msg id='42' display='false' source='trc'>
		<type>LOAD_MODULE</type>
		<severity>INFO</severity>
		<timestamp>Tue Feb 28 12:46:15 2023</timestamp>
		<arg name='module'>/home/u187015/about_ACIEPE/pp/code/SYCL/DiscreteCosineTransform/build/src/adv/e000/hs010/data.0/../archive/binaries/bbe308c069afb7ab/bbe308c069afb7ab</arg>
		<arg name='basement'>0x7f5df55db000</arg>
		<arg name='ceiling'>0x7f5df55f079b</arg>
		<arg name='symtab'>yes</arg>
	</msg>
	<!-- Instrumenting image: id = 39, name = /home/u187015/about_ACIEPE/pp/code/SYCL/DiscreteCosineTransform/build/src/adv/e000/hs010/data.0/../archive/binaries/bbe308c069afb7ab/bbe308c069afb7ab -->
	<msg id='43' display='false' source='trc'>
		<type>UNLOAD_MODULE</type>
		<severity>INFO</severity>
		<timestamp>Tue Feb 28 12:46:19 2023</timestamp>
		<arg name='module'>/glob/development-tools/versions/oneapi/2023.0.1/oneapi/compiler/2023.0.0/linux/lib/x64/__ocl_svml_z0.so</arg>
	</msg>
	<msg id='44' display='false' source='trc'>
		<type>UNLOAD_MODULE</type>
		<severity>INFO</severity>
		<timestamp>Tue Feb 28 12:46:19 2023</timestamp>
		<arg name='module'>/glob/development-tools/versions/oneapi/2023.0.1/oneapi/advisor/2023.0.0/lib64/libpinjitprofiling.so</arg>
	</msg>
	<msg id='45' display='false' source='trc'>
		<type>UNLOAD_MODULE</type>
		<severity>INFO</severity>
		<timestamp>Tue Feb 28 12:46:19 2023</timestamp>
		<arg name='module'>/home/u187015/about_ACIEPE/pp/code/SYCL/DiscreteCosineTransform/build/src/dct</arg>
	</msg>
	<msg id='46' display='false' source='trc'>
		<type>UNLOAD_MODULE</type>
		<severity>INFO</severity>
		<timestamp>Tue Feb 28 12:46:19 2023</timestamp>
		<arg name='module'>/lib64/ld-linux-x86-64.so.2</arg>
	</msg>
	<msg id='47' display='false' source='trc'>
		<type>UNLOAD_MODULE</type>
		<severity>INFO</severity>
		<timestamp>Tue Feb 28 12:46:19 2023</timestamp>
		<arg name='module'>[vdso]</arg>
	</msg>
	<msg id='48' display='false' source='trc'>
		<type>UNLOAD_MODULE</type>
		<severity>INFO</severity>
		<timestamp>Tue Feb 28 12:46:19 2023</timestamp>
		<arg name='module'>/glob/development-tools/versions/oneapi/2023.0.1/oneapi/compiler/2023.0.0/linux/lib/libOpenCL.so.1</arg>
	</msg>
	<msg id='49' display='false' source='trc'>
		<type>UNLOAD_MODULE</type>
		<severity>INFO</severity>
		<timestamp>Tue Feb 28 12:46:19 2023</timestamp>
		<arg name='module'>/glob/development-tools/versions/oneapi/2023.0.1/oneapi/compiler/2023.0.0/linux/lib/libsycl.so.6</arg>
	</msg>
	<msg id='50' display='false' source='trc'>
		<type>UNLOAD_MODULE</type>
		<severity>INFO</severity>
		<timestamp>Tue Feb 28 12:46:19 2023</timestamp>
		<arg name='module'>/lib/x86_64-linux-gnu/libstdc++.so.6</arg>
	</msg>
	<msg id='51' display='false' source='trc'>
		<type>UNLOAD_MODULE</type>
		<severity>INFO</severity>
		<timestamp>Tue Feb 28 12:46:19 2023</timestamp>
		<arg name='module'>/lib/x86_64-linux-gnu/libm.so.6</arg>
	</msg>
	<msg id='52' display='false' source='trc'>
		<type>UNLOAD_MODULE</type>
		<severity>INFO</severity>
		<timestamp>Tue Feb 28 12:46:19 2023</timestamp>
		<arg name='module'>/lib/x86_64-linux-gnu/libgcc_s.so.1</arg>
	</msg>
	<msg id='53' display='false' source='trc'>
		<type>UNLOAD_MODULE</type>
		<severity>INFO</severity>
		<timestamp>Tue Feb 28 12:46:19 2023</timestamp>
		<arg name='module'>/lib/x86_64-linux-gnu/libdl.so.2</arg>
	</msg>
	<msg id='54' display='false' source='trc'>
		<type>UNLOAD_MODULE</type>
		<severity>INFO</severity>
		<timestamp>Tue Feb 28 12:46:19 2023</timestamp>
		<arg name='module'>/lib/x86_64-linux-gnu/libc.so.6</arg>
	</msg>
	<msg id='55' display='false' source='trc'>
		<type>UNLOAD_MODULE</type>
		<severity>INFO</severity>
		<timestamp>Tue Feb 28 12:46:19 2023</timestamp>
		<arg name='module'>/glob/development-tools/versions/oneapi/2023.0.1/oneapi/compiler/2023.0.0/linux/compiler/lib/intel64_lin/libsvml.so</arg>
	</msg>
	<msg id='56' display='false' source='trc'>
		<type>UNLOAD_MODULE</type>
		<severity>INFO</severity>
		<timestamp>Tue Feb 28 12:46:19 2023</timestamp>
		<arg name='module'>/glob/development-tools/versions/oneapi/2023.0.1/oneapi/compiler/2023.0.0/linux/compiler/lib/intel64_lin/libirng.so</arg>
	</msg>
	<msg id='57' display='false' source='trc'>
		<type>UNLOAD_MODULE</type>
		<severity>INFO</severity>
		<timestamp>Tue Feb 28 12:46:19 2023</timestamp>
		<arg name='module'>/glob/development-tools/versions/oneapi/2023.0.1/oneapi/compiler/2023.0.0/linux/compiler/lib/intel64_lin/libimf.so</arg>
	</msg>
	<msg id='58' display='false' source='trc'>
		<type>UNLOAD_MODULE</type>
		<severity>INFO</severity>
		<timestamp>Tue Feb 28 12:46:19 2023</timestamp>
		<arg name='module'>/glob/development-tools/versions/oneapi/2023.0.1/oneapi/compiler/2023.0.0/linux/compiler/lib/intel64_lin/libintlc.so.5</arg>
	</msg>
	<msg id='59' display='false' source='trc'>
		<type>UNLOAD_MODULE</type>
		<severity>INFO</severity>
		<timestamp>Tue Feb 28 12:46:19 2023</timestamp>
		<arg name='module'>/lib/x86_64-linux-gnu/libpthread.so.0</arg>
	</msg>
	<msg id='60' display='false' source='trc'>
		<type>UNLOAD_MODULE</type>
		<severity>INFO</severity>
		<timestamp>Tue Feb 28 12:46:19 2023</timestamp>
		<arg name='module'>/glob/development-tools/versions/oneapi/2023.0.1/oneapi/compiler/2023.0.0/linux/lib/libpi_opencl.so</arg>
	</msg>
	<msg id='61' display='false' source='trc'>
		<type>UNLOAD_MODULE</type>
		<severity>INFO</severity>
		<timestamp>Tue Feb 28 12:46:19 2023</timestamp>
		<arg name='module'>/glob/development-tools/versions/oneapi/2023.0.1/oneapi/compiler/2023.0.0/linux/lib/x64/libintelocl_emu.so</arg>
	</msg>
	<msg id='62' display='false' source='trc'>
		<type>UNLOAD_MODULE</type>
		<severity>INFO</severity>
		<timestamp>Tue Feb 28 12:46:19 2023</timestamp>
		<arg name='module'>/glob/development-tools/versions/oneapi/2023.0.1/oneapi/compiler/2023.0.0/linux/lib/x64/libtask_executor_emu.so.2022.15.12.0</arg>
	</msg>
	<msg id='63' display='false' source='trc'>
		<type>UNLOAD_MODULE</type>
		<severity>INFO</severity>
		<timestamp>Tue Feb 28 12:46:19 2023</timestamp>
		<arg name='module'>/glob/development-tools/versions/oneapi/2023.0.1/oneapi/compiler/2023.0.0/linux/lib/x64/libcl_logger_emu.so.2022.15.12.0</arg>
	</msg>
	<msg id='64' display='false' source='trc'>
		<type>UNLOAD_MODULE</type>
		<severity>INFO</severity>
		<timestamp>Tue Feb 28 12:46:19 2023</timestamp>
		<arg name='module'>/lib/x86_64-linux-gnu/libz.so.1</arg>
	</msg>
	<msg id='65' display='false' source='trc'>
		<type>UNLOAD_MODULE</type>
		<severity>INFO</severity>
		<timestamp>Tue Feb 28 12:46:19 2023</timestamp>
		<arg name='module'>/lib/x86_64-linux-gnu/librt.so.1</arg>
	</msg>
	<msg id='66' display='false' source='trc'>
		<type>UNLOAD_MODULE</type>
		<severity>INFO</severity>
		<timestamp>Tue Feb 28 12:46:19 2023</timestamp>
		<arg name='module'>/glob/development-tools/versions/oneapi/2023.0.1/oneapi/tbb/2021.8.0/env/../lib/intel64/gcc4.8/libtbb.so.12</arg>
	</msg>
	<msg id='67' display='false' source='trc'>
		<type>UNLOAD_MODULE</type>
		<severity>INFO</severity>
		<timestamp>Tue Feb 28 12:46:19 2023</timestamp>
		<arg name='module'>/glob/development-tools/versions/oneapi/2023.0.1/oneapi/tbb/2021.8.0/env/../lib/intel64/gcc4.8/libtbbmalloc.so.2</arg>
	</msg>
	<msg id='68' display='false' source='trc'>
		<type>UNLOAD_MODULE</type>
		<severity>INFO</severity>
		<timestamp>Tue Feb 28 12:46:19 2023</timestamp>
		<arg name='module'>/glob/development-tools/versions/oneapi/2023.0.1/oneapi/advisor/2023.0.0/lib64/runtime/libittnotify.so</arg>
	</msg>
	<msg id='69' display='false' source='trc'>
		<type>UNLOAD_MODULE</type>
		<severity>INFO</severity>
		<timestamp>Tue Feb 28 12:46:19 2023</timestamp>
		<arg name='module'>/glob/development-tools/versions/oneapi/2023.0.1/oneapi/compiler/2023.0.0/linux/lib/x64/libcpu_device_emu.so.2022.15.12.0</arg>
	</msg>
	<msg id='70' display='false' source='trc'>
		<type>UNLOAD_MODULE</type>
		<severity>INFO</severity>
		<timestamp>Tue Feb 28 12:46:19 2023</timestamp>
		<arg name='module'>/glob/development-tools/versions/oneapi/2023.0.1/oneapi/compiler/2023.0.0/linux/lib/x64/libintelocl.so</arg>
	</msg>
	<msg id='71' display='false' source='trc'>
		<type>UNLOAD_MODULE</type>
		<severity>INFO</severity>
		<timestamp>Tue Feb 28 12:46:19 2023</timestamp>
		<arg name='module'>/glob/development-tools/versions/oneapi/2023.0.1/oneapi/compiler/2023.0.0/linux/lib/x64/libtask_executor.so.2022.15.12.0</arg>
	</msg>
	<msg id='72' display='false' source='trc'>
		<type>UNLOAD_MODULE</type>
		<severity>INFO</severity>
		<timestamp>Tue Feb 28 12:46:19 2023</timestamp>
		<arg name='module'>/glob/development-tools/versions/oneapi/2023.0.1/oneapi/compiler/2023.0.0/linux/lib/x64/libcl_logger.so.2022.15.12.0</arg>
	</msg>
	<msg id='73' display='false' source='trc'>
		<type>UNLOAD_MODULE</type>
		<severity>INFO</severity>
		<timestamp>Tue Feb 28 12:46:19 2023</timestamp>
		<arg name='module'>/glob/development-tools/versions/oneapi/2023.0.1/oneapi/compiler/2023.0.0/linux/lib/x64/libcpu_device.so.2022.15.12.0</arg>
	</msg>
	<msg id='74' display='false' source='trc'>
		<type>UNLOAD_MODULE</type>
		<severity>INFO</severity>
		<timestamp>Tue Feb 28 12:46:19 2023</timestamp>
		<arg name='module'>/glob/development-tools/versions/oneapi/2023.0.1/oneapi/compiler/2023.0.0/linux/lib/x64/libOclCpuBackEnd.so.2022.15.12.0</arg>
	</msg>
	<msg id='75' display='false' source='trc'>
		<type>UNLOAD_MODULE</type>
		<severity>INFO</severity>
		<timestamp>Tue Feb 28 12:46:19 2023</timestamp>
		<arg name='module'>DynamicCodeBin</arg>
	</msg>
	<msg id='76' display='false' source='trc'>
		<type>UNLOAD_MODULE</type>
		<severity>INFO</severity>
		<timestamp>Tue Feb 28 12:46:19 2023</timestamp>
		<arg name='module'>e9596aabf808e94b</arg>
	</msg>
	<msg id='77' display='false' source='trc'>
		<type>UNLOAD_MODULE</type>
		<severity>INFO</severity>
		<timestamp>Tue Feb 28 12:46:19 2023</timestamp>
		<arg name='module'>/glob/development-tools/versions/oneapi/2023.0.1/oneapi/compiler/2023.0.0/linux/lib/x64/libclang_compiler.so.2022.15.12.0</arg>
	</msg>
	<msg id='78' display='false' source='trc'>
		<type>UNLOAD_MODULE</type>
		<severity>INFO</severity>
		<timestamp>Tue Feb 28 12:46:19 2023</timestamp>
		<arg name='module'>/glob/development-tools/versions/oneapi/2023.0.1/oneapi/compiler/2023.0.0/linux/lib/x64/libcommon_clang.so.2022.15.12.0</arg>
	</msg>
	<msg id='79' display='false' source='trc'>
		<type>UNLOAD_MODULE</type>
		<severity>INFO</severity>
		<timestamp>Tue Feb 28 12:46:19 2023</timestamp>
		<arg name='module'>bbe308c069afb7ab</arg>
	</msg>
	<msg id='80' display='false' source='trc'>
		<type>PROCESS_FINISH</type>
		<severity>INFO</severity>
		<timestamp>Tue Feb 28 12:46:19 2023</timestamp>
		<arg name='process'>/home/u187015/about_ACIEPE/pp/code/SYCL/DiscreteCosineTransform/build/src/dct</arg>
		<arg name='pid'>2110960</arg>
		<arg name='exitcode'>0x0</arg>
	</msg>
	<!-- Application exited with code 0 -->
</log>